<?xml version="1.0" encoding="UTF-8"?>
<testsuite name="projektor.example.spock.AnotherFailingSpec" tests="2" skipped="0" failures="2" errors="0" timestamp="2019-10-01T13:15:44" hostname="Craigs-MacBook-Pro.local" time="0.125">
  <properties/>
  <testcase name="should fail" classname="projektor.example.spock.FailingSpec" time="0.119">
    <failure message="Condition not satisfied:&#10;&#10;1 == 2&#10;  |&#10;  false&#10;" type="org.spockframework.runtime.SpockComparisonFailure">Condition not satisfied:

1 == 2
  |
  false

	at projektor.example.spock.FailingSpec.should fail(FailingSpec.groovy:8)
</failure>
  </testcase>
  <testcase name="should fail with output" classname="projektor.example.spock.FailingSpec" time="0.006">
    <failure message="Condition not satisfied:&#10;&#10;actual == 3&#10;|      |&#10;1      false&#10;" type="org.spockframework.runtime.SpockComparisonFailure">Condition not satisfied:

actual == 3
|      |
1      false

	at projektor.example.spock.FailingSpec.should fail with output(FailingSpec.groovy:22)
</failure>
  </testcase>
  <system-out><![CDATA[A line in the given block
Another line in the given block
A line in the when block
A line in the then block
]]></system-out>
  <system-err><![CDATA[]]></system-err>
</testsuite>
