<?xml version="1.0" encoding="UTF-8"?>
<testsuite name="projektor.example.spock.SlowSpec" tests="1" skipped="0" failures="0" errors="0" timestamp="2019-10-01T13:15:45" hostname="Craigs-MacBook-Pro.local" time="190.03">
  <properties/>
  <testcase name="should pass" classname="projektor.example.spock.SlowSpec" time="190.03"/>
  <system-out><![CDATA[]]></system-out>
  <system-err><![CDATA[]]></system-err>
</testsuite>
