<?xml version="1.0" encoding="UTF-8"?>
<testsuite name="projektor.example.spock.ReallyLongOutput10000Spec" tests="1" skipped="0" failures="0" errors="0" timestamp="2020-05-13T16:04:48" hostname="DESKTOP-F2BATC0" time="0.308">
  <properties/>
  <testcase name="should include lots of system out and system err" classname="projektor.example.spock.ReallyLongOutput10000Spec" time="0.308"/>
  <system-out><![CDATA[123456789101112131415161718192021222324252627282930313233343536373839404142434445464748495051525354555657585960616263646566676869707172737475767778798081828384858687888990919293949596979899100
System out line 0
System out line 1
System out line 2
System out line 3
System out line 4
System out line 5
System out line 6
System out line 7
System out line 8
System out line 9
System out line 10
System out line 11
System out line 12
System out line 13
System out line 14
System out line 15
System out line 16
System out line 17
System out line 18
System out line 19
System out line 20
System out line 21
System out line 22
System out line 23
System out line 24
System out line 25
System out line 26
System out line 27
System out line 28
System out line 29
System out line 30
System out line 31
System out line 32
System out line 33
System out line 34
System out line 35
System out line 36
System out line 37
System out line 38
System out line 39
System out line 40
System out line 41
System out line 42
System out line 43
System out line 44
System out line 45
System out line 46
System out line 47
System out line 48
System out line 49
System out line 50
System out line 51
System out line 52
System out line 53
System out line 54
System out line 55
System out line 56
System out line 57
System out line 58
System out line 59
System out line 60
System out line 61
System out line 62
System out line 63
System out line 64
System out line 65
System out line 66
System out line 67
System out line 68
System out line 69
System out line 70
System out line 71
System out line 72
System out line 73
System out line 74
System out line 75
System out line 76
System out line 77
System out line 78
System out line 79
System out line 80
System out line 81
System out line 82
System out line 83
System out line 84
System out line 85
System out line 86
System out line 87
System out line 88
System out line 89
System out line 90
System out line 91
System out line 92
System out line 93
System out line 94
System out line 95
System out line 96
System out line 97
System out line 98
System out line 99
System out line 100
System out line 101
System out line 102
System out line 103
System out line 104
System out line 105
System out line 106
System out line 107
System out line 108
System out line 109
System out line 110
System out line 111
System out line 112
System out line 113
System out line 114
System out line 115
System out line 116
System out line 117
System out line 118
System out line 119
System out line 120
System out line 121
System out line 122
System out line 123
System out line 124
System out line 125
System out line 126
System out line 127
System out line 128
System out line 129
System out line 130
System out line 131
System out line 132
System out line 133
System out line 134
System out line 135
System out line 136
System out line 137
System out line 138
System out line 139
System out line 140
System out line 141
System out line 142
System out line 143
System out line 144
System out line 145
System out line 146
System out line 147
System out line 148
System out line 149
System out line 150
System out line 151
System out line 152
System out line 153
System out line 154
System out line 155
System out line 156
System out line 157
System out line 158
System out line 159
System out line 160
System out line 161
System out line 162
System out line 163
System out line 164
System out line 165
System out line 166
System out line 167
System out line 168
System out line 169
System out line 170
System out line 171
System out line 172
System out line 173
System out line 174
System out line 175
System out line 176
System out line 177
System out line 178
System out line 179
System out line 180
System out line 181
System out line 182
System out line 183
System out line 184
System out line 185
System out line 186
System out line 187
System out line 188
System out line 189
System out line 190
System out line 191
System out line 192
System out line 193
System out line 194
System out line 195
System out line 196
System out line 197
System out line 198
System out line 199
System out line 200
System out line 201
System out line 202
System out line 203
System out line 204
System out line 205
System out line 206
System out line 207
System out line 208
System out line 209
System out line 210
System out line 211
System out line 212
System out line 213
System out line 214
System out line 215
System out line 216
System out line 217
System out line 218
System out line 219
System out line 220
System out line 221
System out line 222
System out line 223
System out line 224
System out line 225
System out line 226
System out line 227
System out line 228
System out line 229
System out line 230
System out line 231
System out line 232
System out line 233
System out line 234
System out line 235
System out line 236
System out line 237
System out line 238
System out line 239
System out line 240
System out line 241
System out line 242
System out line 243
System out line 244
System out line 245
System out line 246
System out line 247
System out line 248
System out line 249
System out line 250
System out line 251
System out line 252
System out line 253
System out line 254
System out line 255
System out line 256
System out line 257
System out line 258
System out line 259
System out line 260
System out line 261
System out line 262
System out line 263
System out line 264
System out line 265
System out line 266
System out line 267
System out line 268
System out line 269
System out line 270
System out line 271
System out line 272
System out line 273
System out line 274
System out line 275
System out line 276
System out line 277
System out line 278
System out line 279
System out line 280
System out line 281
System out line 282
System out line 283
System out line 284
System out line 285
System out line 286
System out line 287
System out line 288
System out line 289
System out line 290
System out line 291
System out line 292
System out line 293
System out line 294
System out line 295
System out line 296
System out line 297
System out line 298
System out line 299
System out line 300
System out line 301
System out line 302
System out line 303
System out line 304
System out line 305
System out line 306
System out line 307
System out line 308
System out line 309
System out line 310
System out line 311
System out line 312
System out line 313
System out line 314
System out line 315
System out line 316
System out line 317
System out line 318
System out line 319
System out line 320
System out line 321
System out line 322
System out line 323
System out line 324
System out line 325
System out line 326
System out line 327
System out line 328
System out line 329
System out line 330
System out line 331
System out line 332
System out line 333
System out line 334
System out line 335
System out line 336
System out line 337
System out line 338
System out line 339
System out line 340
System out line 341
System out line 342
System out line 343
System out line 344
System out line 345
System out line 346
System out line 347
System out line 348
System out line 349
System out line 350
System out line 351
System out line 352
System out line 353
System out line 354
System out line 355
System out line 356
System out line 357
System out line 358
System out line 359
System out line 360
System out line 361
System out line 362
System out line 363
System out line 364
System out line 365
System out line 366
System out line 367
System out line 368
System out line 369
System out line 370
System out line 371
System out line 372
System out line 373
System out line 374
System out line 375
System out line 376
System out line 377
System out line 378
System out line 379
System out line 380
System out line 381
System out line 382
System out line 383
System out line 384
System out line 385
System out line 386
System out line 387
System out line 388
System out line 389
System out line 390
System out line 391
System out line 392
System out line 393
System out line 394
System out line 395
System out line 396
System out line 397
System out line 398
System out line 399
System out line 400
System out line 401
System out line 402
System out line 403
System out line 404
System out line 405
System out line 406
System out line 407
System out line 408
System out line 409
System out line 410
System out line 411
System out line 412
System out line 413
System out line 414
System out line 415
System out line 416
System out line 417
System out line 418
System out line 419
System out line 420
System out line 421
System out line 422
System out line 423
System out line 424
System out line 425
System out line 426
System out line 427
System out line 428
System out line 429
System out line 430
System out line 431
System out line 432
System out line 433
System out line 434
System out line 435
System out line 436
System out line 437
System out line 438
System out line 439
System out line 440
System out line 441
System out line 442
System out line 443
System out line 444
System out line 445
System out line 446
System out line 447
System out line 448
System out line 449
System out line 450
System out line 451
System out line 452
System out line 453
System out line 454
System out line 455
System out line 456
System out line 457
System out line 458
System out line 459
System out line 460
System out line 461
System out line 462
System out line 463
System out line 464
System out line 465
System out line 466
System out line 467
System out line 468
System out line 469
System out line 470
System out line 471
System out line 472
System out line 473
System out line 474
System out line 475
System out line 476
System out line 477
System out line 478
System out line 479
System out line 480
System out line 481
System out line 482
System out line 483
System out line 484
System out line 485
System out line 486
System out line 487
System out line 488
System out line 489
System out line 490
System out line 491
System out line 492
System out line 493
System out line 494
System out line 495
System out line 496
System out line 497
System out line 498
System out line 499
System out line 500
System out line 501
System out line 502
System out line 503
System out line 504
System out line 505
System out line 506
System out line 507
System out line 508
System out line 509
System out line 510
System out line 511
System out line 512
System out line 513
System out line 514
System out line 515
System out line 516
System out line 517
System out line 518
System out line 519
System out line 520
System out line 521
System out line 522
System out line 523
System out line 524
System out line 525
System out line 526
System out line 527
System out line 528
System out line 529
System out line 530
System out line 531
System out line 532
System out line 533
System out line 534
System out line 535
System out line 536
System out line 537
System out line 538
System out line 539
System out line 540
System out line 541
System out line 542
System out line 543
System out line 544
System out line 545
System out line 546
System out line 547
System out line 548
System out line 549
System out line 550
System out line 551
System out line 552
System out line 553
System out line 554
System out line 555
System out line 556
System out line 557
System out line 558
System out line 559
System out line 560
System out line 561
System out line 562
System out line 563
System out line 564
System out line 565
System out line 566
System out line 567
System out line 568
System out line 569
System out line 570
System out line 571
System out line 572
System out line 573
System out line 574
System out line 575
System out line 576
System out line 577
System out line 578
System out line 579
System out line 580
System out line 581
System out line 582
System out line 583
System out line 584
System out line 585
System out line 586
System out line 587
System out line 588
System out line 589
System out line 590
System out line 591
System out line 592
System out line 593
System out line 594
System out line 595
System out line 596
System out line 597
System out line 598
System out line 599
System out line 600
System out line 601
System out line 602
System out line 603
System out line 604
System out line 605
System out line 606
System out line 607
System out line 608
System out line 609
System out line 610
System out line 611
System out line 612
System out line 613
System out line 614
System out line 615
System out line 616
System out line 617
System out line 618
System out line 619
System out line 620
System out line 621
System out line 622
System out line 623
System out line 624
System out line 625
System out line 626
System out line 627
System out line 628
System out line 629
System out line 630
System out line 631
System out line 632
System out line 633
System out line 634
System out line 635
System out line 636
System out line 637
System out line 638
System out line 639
System out line 640
System out line 641
System out line 642
System out line 643
System out line 644
System out line 645
System out line 646
System out line 647
System out line 648
System out line 649
System out line 650
System out line 651
System out line 652
System out line 653
System out line 654
System out line 655
System out line 656
System out line 657
System out line 658
System out line 659
System out line 660
System out line 661
System out line 662
System out line 663
System out line 664
System out line 665
System out line 666
System out line 667
System out line 668
System out line 669
System out line 670
System out line 671
System out line 672
System out line 673
System out line 674
System out line 675
System out line 676
System out line 677
System out line 678
System out line 679
System out line 680
System out line 681
System out line 682
System out line 683
System out line 684
System out line 685
System out line 686
System out line 687
System out line 688
System out line 689
System out line 690
System out line 691
System out line 692
System out line 693
System out line 694
System out line 695
System out line 696
System out line 697
System out line 698
System out line 699
System out line 700
System out line 701
System out line 702
System out line 703
System out line 704
System out line 705
System out line 706
System out line 707
System out line 708
System out line 709
System out line 710
System out line 711
System out line 712
System out line 713
System out line 714
System out line 715
System out line 716
System out line 717
System out line 718
System out line 719
System out line 720
System out line 721
System out line 722
System out line 723
System out line 724
System out line 725
System out line 726
System out line 727
System out line 728
System out line 729
System out line 730
System out line 731
System out line 732
System out line 733
System out line 734
System out line 735
System out line 736
System out line 737
System out line 738
System out line 739
System out line 740
System out line 741
System out line 742
System out line 743
System out line 744
System out line 745
System out line 746
System out line 747
System out line 748
System out line 749
System out line 750
System out line 751
System out line 752
System out line 753
System out line 754
System out line 755
System out line 756
System out line 757
System out line 758
System out line 759
System out line 760
System out line 761
System out line 762
System out line 763
System out line 764
System out line 765
System out line 766
System out line 767
System out line 768
System out line 769
System out line 770
System out line 771
System out line 772
System out line 773
System out line 774
System out line 775
System out line 776
System out line 777
System out line 778
System out line 779
System out line 780
System out line 781
System out line 782
System out line 783
System out line 784
System out line 785
System out line 786
System out line 787
System out line 788
System out line 789
System out line 790
System out line 791
System out line 792
System out line 793
System out line 794
System out line 795
System out line 796
System out line 797
System out line 798
System out line 799
System out line 800
System out line 801
System out line 802
System out line 803
System out line 804
System out line 805
System out line 806
System out line 807
System out line 808
System out line 809
System out line 810
System out line 811
System out line 812
System out line 813
System out line 814
System out line 815
System out line 816
System out line 817
System out line 818
System out line 819
System out line 820
System out line 821
System out line 822
System out line 823
System out line 824
System out line 825
System out line 826
System out line 827
System out line 828
System out line 829
System out line 830
System out line 831
System out line 832
System out line 833
System out line 834
System out line 835
System out line 836
System out line 837
System out line 838
System out line 839
System out line 840
System out line 841
System out line 842
System out line 843
System out line 844
System out line 845
System out line 846
System out line 847
System out line 848
System out line 849
System out line 850
System out line 851
System out line 852
System out line 853
System out line 854
System out line 855
System out line 856
System out line 857
System out line 858
System out line 859
System out line 860
System out line 861
System out line 862
System out line 863
System out line 864
System out line 865
System out line 866
System out line 867
System out line 868
System out line 869
System out line 870
System out line 871
System out line 872
System out line 873
System out line 874
System out line 875
System out line 876
System out line 877
System out line 878
System out line 879
System out line 880
System out line 881
System out line 882
System out line 883
System out line 884
System out line 885
System out line 886
System out line 887
System out line 888
System out line 889
System out line 890
System out line 891
System out line 892
System out line 893
System out line 894
System out line 895
System out line 896
System out line 897
System out line 898
System out line 899
System out line 900
System out line 901
System out line 902
System out line 903
System out line 904
System out line 905
System out line 906
System out line 907
System out line 908
System out line 909
System out line 910
System out line 911
System out line 912
System out line 913
System out line 914
System out line 915
System out line 916
System out line 917
System out line 918
System out line 919
System out line 920
System out line 921
System out line 922
System out line 923
System out line 924
System out line 925
System out line 926
System out line 927
System out line 928
System out line 929
System out line 930
System out line 931
System out line 932
System out line 933
System out line 934
System out line 935
System out line 936
System out line 937
System out line 938
System out line 939
System out line 940
System out line 941
System out line 942
System out line 943
System out line 944
System out line 945
System out line 946
System out line 947
System out line 948
System out line 949
System out line 950
System out line 951
System out line 952
System out line 953
System out line 954
System out line 955
System out line 956
System out line 957
System out line 958
System out line 959
System out line 960
System out line 961
System out line 962
System out line 963
System out line 964
System out line 965
System out line 966
System out line 967
System out line 968
System out line 969
System out line 970
System out line 971
System out line 972
System out line 973
System out line 974
System out line 975
System out line 976
System out line 977
System out line 978
System out line 979
System out line 980
System out line 981
System out line 982
System out line 983
System out line 984
System out line 985
System out line 986
System out line 987
System out line 988
System out line 989
System out line 990
System out line 991
System out line 992
System out line 993
System out line 994
System out line 995
System out line 996
System out line 997
System out line 998
System out line 999
System out line 1000
System out line 1001
System out line 1002
System out line 1003
System out line 1004
System out line 1005
System out line 1006
System out line 1007
System out line 1008
System out line 1009
System out line 1010
System out line 1011
System out line 1012
System out line 1013
System out line 1014
System out line 1015
System out line 1016
System out line 1017
System out line 1018
System out line 1019
System out line 1020
System out line 1021
System out line 1022
System out line 1023
System out line 1024
System out line 1025
System out line 1026
System out line 1027
System out line 1028
System out line 1029
System out line 1030
System out line 1031
System out line 1032
System out line 1033
System out line 1034
System out line 1035
System out line 1036
System out line 1037
System out line 1038
System out line 1039
System out line 1040
System out line 1041
System out line 1042
System out line 1043
System out line 1044
System out line 1045
System out line 1046
System out line 1047
System out line 1048
System out line 1049
System out line 1050
System out line 1051
System out line 1052
System out line 1053
System out line 1054
System out line 1055
System out line 1056
System out line 1057
System out line 1058
System out line 1059
System out line 1060
System out line 1061
System out line 1062
System out line 1063
System out line 1064
System out line 1065
System out line 1066
System out line 1067
System out line 1068
System out line 1069
System out line 1070
System out line 1071
System out line 1072
System out line 1073
System out line 1074
System out line 1075
System out line 1076
System out line 1077
System out line 1078
System out line 1079
System out line 1080
System out line 1081
System out line 1082
System out line 1083
System out line 1084
System out line 1085
System out line 1086
System out line 1087
System out line 1088
System out line 1089
System out line 1090
System out line 1091
System out line 1092
System out line 1093
System out line 1094
System out line 1095
System out line 1096
System out line 1097
System out line 1098
System out line 1099
System out line 1100
System out line 1101
System out line 1102
System out line 1103
System out line 1104
System out line 1105
System out line 1106
System out line 1107
System out line 1108
System out line 1109
System out line 1110
System out line 1111
System out line 1112
System out line 1113
System out line 1114
System out line 1115
System out line 1116
System out line 1117
System out line 1118
System out line 1119
System out line 1120
System out line 1121
System out line 1122
System out line 1123
System out line 1124
System out line 1125
System out line 1126
System out line 1127
System out line 1128
System out line 1129
System out line 1130
System out line 1131
System out line 1132
System out line 1133
System out line 1134
System out line 1135
System out line 1136
System out line 1137
System out line 1138
System out line 1139
System out line 1140
System out line 1141
System out line 1142
System out line 1143
System out line 1144
System out line 1145
System out line 1146
System out line 1147
System out line 1148
System out line 1149
System out line 1150
System out line 1151
System out line 1152
System out line 1153
System out line 1154
System out line 1155
System out line 1156
System out line 1157
System out line 1158
System out line 1159
System out line 1160
System out line 1161
System out line 1162
System out line 1163
System out line 1164
System out line 1165
System out line 1166
System out line 1167
System out line 1168
System out line 1169
System out line 1170
System out line 1171
System out line 1172
System out line 1173
System out line 1174
System out line 1175
System out line 1176
System out line 1177
System out line 1178
System out line 1179
System out line 1180
System out line 1181
System out line 1182
System out line 1183
System out line 1184
System out line 1185
System out line 1186
System out line 1187
System out line 1188
System out line 1189
System out line 1190
System out line 1191
System out line 1192
System out line 1193
System out line 1194
System out line 1195
System out line 1196
System out line 1197
System out line 1198
System out line 1199
System out line 1200
System out line 1201
System out line 1202
System out line 1203
System out line 1204
System out line 1205
System out line 1206
System out line 1207
System out line 1208
System out line 1209
System out line 1210
System out line 1211
System out line 1212
System out line 1213
System out line 1214
System out line 1215
System out line 1216
System out line 1217
System out line 1218
System out line 1219
System out line 1220
System out line 1221
System out line 1222
System out line 1223
System out line 1224
System out line 1225
System out line 1226
System out line 1227
System out line 1228
System out line 1229
System out line 1230
System out line 1231
System out line 1232
System out line 1233
System out line 1234
System out line 1235
System out line 1236
System out line 1237
System out line 1238
System out line 1239
System out line 1240
System out line 1241
System out line 1242
System out line 1243
System out line 1244
System out line 1245
System out line 1246
System out line 1247
System out line 1248
System out line 1249
System out line 1250
System out line 1251
System out line 1252
System out line 1253
System out line 1254
System out line 1255
System out line 1256
System out line 1257
System out line 1258
System out line 1259
System out line 1260
System out line 1261
System out line 1262
System out line 1263
System out line 1264
System out line 1265
System out line 1266
System out line 1267
System out line 1268
System out line 1269
System out line 1270
System out line 1271
System out line 1272
System out line 1273
System out line 1274
System out line 1275
System out line 1276
System out line 1277
System out line 1278
System out line 1279
System out line 1280
System out line 1281
System out line 1282
System out line 1283
System out line 1284
System out line 1285
System out line 1286
System out line 1287
System out line 1288
System out line 1289
System out line 1290
System out line 1291
System out line 1292
System out line 1293
System out line 1294
System out line 1295
System out line 1296
System out line 1297
System out line 1298
System out line 1299
System out line 1300
System out line 1301
System out line 1302
System out line 1303
System out line 1304
System out line 1305
System out line 1306
System out line 1307
System out line 1308
System out line 1309
System out line 1310
System out line 1311
System out line 1312
System out line 1313
System out line 1314
System out line 1315
System out line 1316
System out line 1317
System out line 1318
System out line 1319
System out line 1320
System out line 1321
System out line 1322
System out line 1323
System out line 1324
System out line 1325
System out line 1326
System out line 1327
System out line 1328
System out line 1329
System out line 1330
System out line 1331
System out line 1332
System out line 1333
System out line 1334
System out line 1335
System out line 1336
System out line 1337
System out line 1338
System out line 1339
System out line 1340
System out line 1341
System out line 1342
System out line 1343
System out line 1344
System out line 1345
System out line 1346
System out line 1347
System out line 1348
System out line 1349
System out line 1350
System out line 1351
System out line 1352
System out line 1353
System out line 1354
System out line 1355
System out line 1356
System out line 1357
System out line 1358
System out line 1359
System out line 1360
System out line 1361
System out line 1362
System out line 1363
System out line 1364
System out line 1365
System out line 1366
System out line 1367
System out line 1368
System out line 1369
System out line 1370
System out line 1371
System out line 1372
System out line 1373
System out line 1374
System out line 1375
System out line 1376
System out line 1377
System out line 1378
System out line 1379
System out line 1380
System out line 1381
System out line 1382
System out line 1383
System out line 1384
System out line 1385
System out line 1386
System out line 1387
System out line 1388
System out line 1389
System out line 1390
System out line 1391
System out line 1392
System out line 1393
System out line 1394
System out line 1395
System out line 1396
System out line 1397
System out line 1398
System out line 1399
System out line 1400
System out line 1401
System out line 1402
System out line 1403
System out line 1404
System out line 1405
System out line 1406
System out line 1407
System out line 1408
System out line 1409
System out line 1410
System out line 1411
System out line 1412
System out line 1413
System out line 1414
System out line 1415
System out line 1416
System out line 1417
System out line 1418
System out line 1419
System out line 1420
System out line 1421
System out line 1422
System out line 1423
System out line 1424
System out line 1425
System out line 1426
System out line 1427
System out line 1428
System out line 1429
System out line 1430
System out line 1431
System out line 1432
System out line 1433
System out line 1434
System out line 1435
System out line 1436
System out line 1437
System out line 1438
System out line 1439
System out line 1440
System out line 1441
System out line 1442
System out line 1443
System out line 1444
System out line 1445
System out line 1446
System out line 1447
System out line 1448
System out line 1449
System out line 1450
System out line 1451
System out line 1452
System out line 1453
System out line 1454
System out line 1455
System out line 1456
System out line 1457
System out line 1458
System out line 1459
System out line 1460
System out line 1461
System out line 1462
System out line 1463
System out line 1464
System out line 1465
System out line 1466
System out line 1467
System out line 1468
System out line 1469
System out line 1470
System out line 1471
System out line 1472
System out line 1473
System out line 1474
System out line 1475
System out line 1476
System out line 1477
System out line 1478
System out line 1479
System out line 1480
System out line 1481
System out line 1482
System out line 1483
System out line 1484
System out line 1485
System out line 1486
System out line 1487
System out line 1488
System out line 1489
System out line 1490
System out line 1491
System out line 1492
System out line 1493
System out line 1494
System out line 1495
System out line 1496
System out line 1497
System out line 1498
System out line 1499
System out line 1500
System out line 1501
System out line 1502
System out line 1503
System out line 1504
System out line 1505
System out line 1506
System out line 1507
System out line 1508
System out line 1509
System out line 1510
System out line 1511
System out line 1512
System out line 1513
System out line 1514
System out line 1515
System out line 1516
System out line 1517
System out line 1518
System out line 1519
System out line 1520
System out line 1521
System out line 1522
System out line 1523
System out line 1524
System out line 1525
System out line 1526
System out line 1527
System out line 1528
System out line 1529
System out line 1530
System out line 1531
System out line 1532
System out line 1533
System out line 1534
System out line 1535
System out line 1536
System out line 1537
System out line 1538
System out line 1539
System out line 1540
System out line 1541
System out line 1542
System out line 1543
System out line 1544
System out line 1545
System out line 1546
System out line 1547
System out line 1548
System out line 1549
System out line 1550
System out line 1551
System out line 1552
System out line 1553
System out line 1554
System out line 1555
System out line 1556
System out line 1557
System out line 1558
System out line 1559
System out line 1560
System out line 1561
System out line 1562
System out line 1563
System out line 1564
System out line 1565
System out line 1566
System out line 1567
System out line 1568
System out line 1569
System out line 1570
System out line 1571
System out line 1572
System out line 1573
System out line 1574
System out line 1575
System out line 1576
System out line 1577
System out line 1578
System out line 1579
System out line 1580
System out line 1581
System out line 1582
System out line 1583
System out line 1584
System out line 1585
System out line 1586
System out line 1587
System out line 1588
System out line 1589
System out line 1590
System out line 1591
System out line 1592
System out line 1593
System out line 1594
System out line 1595
System out line 1596
System out line 1597
System out line 1598
System out line 1599
System out line 1600
System out line 1601
System out line 1602
System out line 1603
System out line 1604
System out line 1605
System out line 1606
System out line 1607
System out line 1608
System out line 1609
System out line 1610
System out line 1611
System out line 1612
System out line 1613
System out line 1614
System out line 1615
System out line 1616
System out line 1617
System out line 1618
System out line 1619
System out line 1620
System out line 1621
System out line 1622
System out line 1623
System out line 1624
System out line 1625
System out line 1626
System out line 1627
System out line 1628
System out line 1629
System out line 1630
System out line 1631
System out line 1632
System out line 1633
System out line 1634
System out line 1635
System out line 1636
System out line 1637
System out line 1638
System out line 1639
System out line 1640
System out line 1641
System out line 1642
System out line 1643
System out line 1644
System out line 1645
System out line 1646
System out line 1647
System out line 1648
System out line 1649
System out line 1650
System out line 1651
System out line 1652
System out line 1653
System out line 1654
System out line 1655
System out line 1656
System out line 1657
System out line 1658
System out line 1659
System out line 1660
System out line 1661
System out line 1662
System out line 1663
System out line 1664
System out line 1665
System out line 1666
System out line 1667
System out line 1668
System out line 1669
System out line 1670
System out line 1671
System out line 1672
System out line 1673
System out line 1674
System out line 1675
System out line 1676
System out line 1677
System out line 1678
System out line 1679
System out line 1680
System out line 1681
System out line 1682
System out line 1683
System out line 1684
System out line 1685
System out line 1686
System out line 1687
System out line 1688
System out line 1689
System out line 1690
System out line 1691
System out line 1692
System out line 1693
System out line 1694
System out line 1695
System out line 1696
System out line 1697
System out line 1698
System out line 1699
System out line 1700
System out line 1701
System out line 1702
System out line 1703
System out line 1704
System out line 1705
System out line 1706
System out line 1707
System out line 1708
System out line 1709
System out line 1710
System out line 1711
System out line 1712
System out line 1713
System out line 1714
System out line 1715
System out line 1716
System out line 1717
System out line 1718
System out line 1719
System out line 1720
System out line 1721
System out line 1722
System out line 1723
System out line 1724
System out line 1725
System out line 1726
System out line 1727
System out line 1728
System out line 1729
System out line 1730
System out line 1731
System out line 1732
System out line 1733
System out line 1734
System out line 1735
System out line 1736
System out line 1737
System out line 1738
System out line 1739
System out line 1740
System out line 1741
System out line 1742
System out line 1743
System out line 1744
System out line 1745
System out line 1746
System out line 1747
System out line 1748
System out line 1749
System out line 1750
System out line 1751
System out line 1752
System out line 1753
System out line 1754
System out line 1755
System out line 1756
System out line 1757
System out line 1758
System out line 1759
System out line 1760
System out line 1761
System out line 1762
System out line 1763
System out line 1764
System out line 1765
System out line 1766
System out line 1767
System out line 1768
System out line 1769
System out line 1770
System out line 1771
System out line 1772
System out line 1773
System out line 1774
System out line 1775
System out line 1776
System out line 1777
System out line 1778
System out line 1779
System out line 1780
System out line 1781
System out line 1782
System out line 1783
System out line 1784
System out line 1785
System out line 1786
System out line 1787
System out line 1788
System out line 1789
System out line 1790
System out line 1791
System out line 1792
System out line 1793
System out line 1794
System out line 1795
System out line 1796
System out line 1797
System out line 1798
System out line 1799
System out line 1800
System out line 1801
System out line 1802
System out line 1803
System out line 1804
System out line 1805
System out line 1806
System out line 1807
System out line 1808
System out line 1809
System out line 1810
System out line 1811
System out line 1812
System out line 1813
System out line 1814
System out line 1815
System out line 1816
System out line 1817
System out line 1818
System out line 1819
System out line 1820
System out line 1821
System out line 1822
System out line 1823
System out line 1824
System out line 1825
System out line 1826
System out line 1827
System out line 1828
System out line 1829
System out line 1830
System out line 1831
System out line 1832
System out line 1833
System out line 1834
System out line 1835
System out line 1836
System out line 1837
System out line 1838
System out line 1839
System out line 1840
System out line 1841
System out line 1842
System out line 1843
System out line 1844
System out line 1845
System out line 1846
System out line 1847
System out line 1848
System out line 1849
System out line 1850
System out line 1851
System out line 1852
System out line 1853
System out line 1854
System out line 1855
System out line 1856
System out line 1857
System out line 1858
System out line 1859
System out line 1860
System out line 1861
System out line 1862
System out line 1863
System out line 1864
System out line 1865
System out line 1866
System out line 1867
System out line 1868
System out line 1869
System out line 1870
System out line 1871
System out line 1872
System out line 1873
System out line 1874
System out line 1875
System out line 1876
System out line 1877
System out line 1878
System out line 1879
System out line 1880
System out line 1881
System out line 1882
System out line 1883
System out line 1884
System out line 1885
System out line 1886
System out line 1887
System out line 1888
System out line 1889
System out line 1890
System out line 1891
System out line 1892
System out line 1893
System out line 1894
System out line 1895
System out line 1896
System out line 1897
System out line 1898
System out line 1899
System out line 1900
System out line 1901
System out line 1902
System out line 1903
System out line 1904
System out line 1905
System out line 1906
System out line 1907
System out line 1908
System out line 1909
System out line 1910
System out line 1911
System out line 1912
System out line 1913
System out line 1914
System out line 1915
System out line 1916
System out line 1917
System out line 1918
System out line 1919
System out line 1920
System out line 1921
System out line 1922
System out line 1923
System out line 1924
System out line 1925
System out line 1926
System out line 1927
System out line 1928
System out line 1929
System out line 1930
System out line 1931
System out line 1932
System out line 1933
System out line 1934
System out line 1935
System out line 1936
System out line 1937
System out line 1938
System out line 1939
System out line 1940
System out line 1941
System out line 1942
System out line 1943
System out line 1944
System out line 1945
System out line 1946
System out line 1947
System out line 1948
System out line 1949
System out line 1950
System out line 1951
System out line 1952
System out line 1953
System out line 1954
System out line 1955
System out line 1956
System out line 1957
System out line 1958
System out line 1959
System out line 1960
System out line 1961
System out line 1962
System out line 1963
System out line 1964
System out line 1965
System out line 1966
System out line 1967
System out line 1968
System out line 1969
System out line 1970
System out line 1971
System out line 1972
System out line 1973
System out line 1974
System out line 1975
System out line 1976
System out line 1977
System out line 1978
System out line 1979
System out line 1980
System out line 1981
System out line 1982
System out line 1983
System out line 1984
System out line 1985
System out line 1986
System out line 1987
System out line 1988
System out line 1989
System out line 1990
System out line 1991
System out line 1992
System out line 1993
System out line 1994
System out line 1995
System out line 1996
System out line 1997
System out line 1998
System out line 1999
System out line 2000
System out line 2001
System out line 2002
System out line 2003
System out line 2004
System out line 2005
System out line 2006
System out line 2007
System out line 2008
System out line 2009
System out line 2010
System out line 2011
System out line 2012
System out line 2013
System out line 2014
System out line 2015
System out line 2016
System out line 2017
System out line 2018
System out line 2019
System out line 2020
System out line 2021
System out line 2022
System out line 2023
System out line 2024
System out line 2025
System out line 2026
System out line 2027
System out line 2028
System out line 2029
System out line 2030
System out line 2031
System out line 2032
System out line 2033
System out line 2034
System out line 2035
System out line 2036
System out line 2037
System out line 2038
System out line 2039
System out line 2040
System out line 2041
System out line 2042
System out line 2043
System out line 2044
System out line 2045
System out line 2046
System out line 2047
System out line 2048
System out line 2049
System out line 2050
System out line 2051
System out line 2052
System out line 2053
System out line 2054
System out line 2055
System out line 2056
System out line 2057
System out line 2058
System out line 2059
System out line 2060
System out line 2061
System out line 2062
System out line 2063
System out line 2064
System out line 2065
System out line 2066
System out line 2067
System out line 2068
System out line 2069
System out line 2070
System out line 2071
System out line 2072
System out line 2073
System out line 2074
System out line 2075
System out line 2076
System out line 2077
System out line 2078
System out line 2079
System out line 2080
System out line 2081
System out line 2082
System out line 2083
System out line 2084
System out line 2085
System out line 2086
System out line 2087
System out line 2088
System out line 2089
System out line 2090
System out line 2091
System out line 2092
System out line 2093
System out line 2094
System out line 2095
System out line 2096
System out line 2097
System out line 2098
System out line 2099
System out line 2100
System out line 2101
System out line 2102
System out line 2103
System out line 2104
System out line 2105
System out line 2106
System out line 2107
System out line 2108
System out line 2109
System out line 2110
System out line 2111
System out line 2112
System out line 2113
System out line 2114
System out line 2115
System out line 2116
System out line 2117
System out line 2118
System out line 2119
System out line 2120
System out line 2121
System out line 2122
System out line 2123
System out line 2124
System out line 2125
System out line 2126
System out line 2127
System out line 2128
System out line 2129
System out line 2130
System out line 2131
System out line 2132
System out line 2133
System out line 2134
System out line 2135
System out line 2136
System out line 2137
System out line 2138
System out line 2139
System out line 2140
System out line 2141
System out line 2142
System out line 2143
System out line 2144
System out line 2145
System out line 2146
System out line 2147
System out line 2148
System out line 2149
System out line 2150
System out line 2151
System out line 2152
System out line 2153
System out line 2154
System out line 2155
System out line 2156
System out line 2157
System out line 2158
System out line 2159
System out line 2160
System out line 2161
System out line 2162
System out line 2163
System out line 2164
System out line 2165
System out line 2166
System out line 2167
System out line 2168
System out line 2169
System out line 2170
System out line 2171
System out line 2172
System out line 2173
System out line 2174
System out line 2175
System out line 2176
System out line 2177
System out line 2178
System out line 2179
System out line 2180
System out line 2181
System out line 2182
System out line 2183
System out line 2184
System out line 2185
System out line 2186
System out line 2187
System out line 2188
System out line 2189
System out line 2190
System out line 2191
System out line 2192
System out line 2193
System out line 2194
System out line 2195
System out line 2196
System out line 2197
System out line 2198
System out line 2199
System out line 2200
System out line 2201
System out line 2202
System out line 2203
System out line 2204
System out line 2205
System out line 2206
System out line 2207
System out line 2208
System out line 2209
System out line 2210
System out line 2211
System out line 2212
System out line 2213
System out line 2214
System out line 2215
System out line 2216
System out line 2217
System out line 2218
System out line 2219
System out line 2220
System out line 2221
System out line 2222
System out line 2223
System out line 2224
System out line 2225
System out line 2226
System out line 2227
System out line 2228
System out line 2229
System out line 2230
System out line 2231
System out line 2232
System out line 2233
System out line 2234
System out line 2235
System out line 2236
System out line 2237
System out line 2238
System out line 2239
System out line 2240
System out line 2241
System out line 2242
System out line 2243
System out line 2244
System out line 2245
System out line 2246
System out line 2247
System out line 2248
System out line 2249
System out line 2250
System out line 2251
System out line 2252
System out line 2253
System out line 2254
System out line 2255
System out line 2256
System out line 2257
System out line 2258
System out line 2259
System out line 2260
System out line 2261
System out line 2262
System out line 2263
System out line 2264
System out line 2265
System out line 2266
System out line 2267
System out line 2268
System out line 2269
System out line 2270
System out line 2271
System out line 2272
System out line 2273
System out line 2274
System out line 2275
System out line 2276
System out line 2277
System out line 2278
System out line 2279
System out line 2280
System out line 2281
System out line 2282
System out line 2283
System out line 2284
System out line 2285
System out line 2286
System out line 2287
System out line 2288
System out line 2289
System out line 2290
System out line 2291
System out line 2292
System out line 2293
System out line 2294
System out line 2295
System out line 2296
System out line 2297
System out line 2298
System out line 2299
System out line 2300
System out line 2301
System out line 2302
System out line 2303
System out line 2304
System out line 2305
System out line 2306
System out line 2307
System out line 2308
System out line 2309
System out line 2310
System out line 2311
System out line 2312
System out line 2313
System out line 2314
System out line 2315
System out line 2316
System out line 2317
System out line 2318
System out line 2319
System out line 2320
System out line 2321
System out line 2322
System out line 2323
System out line 2324
System out line 2325
System out line 2326
System out line 2327
System out line 2328
System out line 2329
System out line 2330
System out line 2331
System out line 2332
System out line 2333
System out line 2334
System out line 2335
System out line 2336
System out line 2337
System out line 2338
System out line 2339
System out line 2340
System out line 2341
System out line 2342
System out line 2343
System out line 2344
System out line 2345
System out line 2346
System out line 2347
System out line 2348
System out line 2349
System out line 2350
System out line 2351
System out line 2352
System out line 2353
System out line 2354
System out line 2355
System out line 2356
System out line 2357
System out line 2358
System out line 2359
System out line 2360
System out line 2361
System out line 2362
System out line 2363
System out line 2364
System out line 2365
System out line 2366
System out line 2367
System out line 2368
System out line 2369
System out line 2370
System out line 2371
System out line 2372
System out line 2373
System out line 2374
System out line 2375
System out line 2376
System out line 2377
System out line 2378
System out line 2379
System out line 2380
System out line 2381
System out line 2382
System out line 2383
System out line 2384
System out line 2385
System out line 2386
System out line 2387
System out line 2388
System out line 2389
System out line 2390
System out line 2391
System out line 2392
System out line 2393
System out line 2394
System out line 2395
System out line 2396
System out line 2397
System out line 2398
System out line 2399
System out line 2400
System out line 2401
System out line 2402
System out line 2403
System out line 2404
System out line 2405
System out line 2406
System out line 2407
System out line 2408
System out line 2409
System out line 2410
System out line 2411
System out line 2412
System out line 2413
System out line 2414
System out line 2415
System out line 2416
System out line 2417
System out line 2418
System out line 2419
System out line 2420
System out line 2421
System out line 2422
System out line 2423
System out line 2424
System out line 2425
System out line 2426
System out line 2427
System out line 2428
System out line 2429
System out line 2430
System out line 2431
System out line 2432
System out line 2433
System out line 2434
System out line 2435
System out line 2436
System out line 2437
System out line 2438
System out line 2439
System out line 2440
System out line 2441
System out line 2442
System out line 2443
System out line 2444
System out line 2445
System out line 2446
System out line 2447
System out line 2448
System out line 2449
System out line 2450
System out line 2451
System out line 2452
System out line 2453
System out line 2454
System out line 2455
System out line 2456
System out line 2457
System out line 2458
System out line 2459
System out line 2460
System out line 2461
System out line 2462
System out line 2463
System out line 2464
System out line 2465
System out line 2466
System out line 2467
System out line 2468
System out line 2469
System out line 2470
System out line 2471
System out line 2472
System out line 2473
System out line 2474
System out line 2475
System out line 2476
System out line 2477
System out line 2478
System out line 2479
System out line 2480
System out line 2481
System out line 2482
System out line 2483
System out line 2484
System out line 2485
System out line 2486
System out line 2487
System out line 2488
System out line 2489
System out line 2490
System out line 2491
System out line 2492
System out line 2493
System out line 2494
System out line 2495
System out line 2496
System out line 2497
System out line 2498
System out line 2499
System out line 2500
System out line 2501
System out line 2502
System out line 2503
System out line 2504
System out line 2505
System out line 2506
System out line 2507
System out line 2508
System out line 2509
System out line 2510
System out line 2511
System out line 2512
System out line 2513
System out line 2514
System out line 2515
System out line 2516
System out line 2517
System out line 2518
System out line 2519
System out line 2520
System out line 2521
System out line 2522
System out line 2523
System out line 2524
System out line 2525
System out line 2526
System out line 2527
System out line 2528
System out line 2529
System out line 2530
System out line 2531
System out line 2532
System out line 2533
System out line 2534
System out line 2535
System out line 2536
System out line 2537
System out line 2538
System out line 2539
System out line 2540
System out line 2541
System out line 2542
System out line 2543
System out line 2544
System out line 2545
System out line 2546
System out line 2547
System out line 2548
System out line 2549
System out line 2550
System out line 2551
System out line 2552
System out line 2553
System out line 2554
System out line 2555
System out line 2556
System out line 2557
System out line 2558
System out line 2559
System out line 2560
System out line 2561
System out line 2562
System out line 2563
System out line 2564
System out line 2565
System out line 2566
System out line 2567
System out line 2568
System out line 2569
System out line 2570
System out line 2571
System out line 2572
System out line 2573
System out line 2574
System out line 2575
System out line 2576
System out line 2577
System out line 2578
System out line 2579
System out line 2580
System out line 2581
System out line 2582
System out line 2583
System out line 2584
System out line 2585
System out line 2586
System out line 2587
System out line 2588
System out line 2589
System out line 2590
System out line 2591
System out line 2592
System out line 2593
System out line 2594
System out line 2595
System out line 2596
System out line 2597
System out line 2598
System out line 2599
System out line 2600
System out line 2601
System out line 2602
System out line 2603
System out line 2604
System out line 2605
System out line 2606
System out line 2607
System out line 2608
System out line 2609
System out line 2610
System out line 2611
System out line 2612
System out line 2613
System out line 2614
System out line 2615
System out line 2616
System out line 2617
System out line 2618
System out line 2619
System out line 2620
System out line 2621
System out line 2622
System out line 2623
System out line 2624
System out line 2625
System out line 2626
System out line 2627
System out line 2628
System out line 2629
System out line 2630
System out line 2631
System out line 2632
System out line 2633
System out line 2634
System out line 2635
System out line 2636
System out line 2637
System out line 2638
System out line 2639
System out line 2640
System out line 2641
System out line 2642
System out line 2643
System out line 2644
System out line 2645
System out line 2646
System out line 2647
System out line 2648
System out line 2649
System out line 2650
System out line 2651
System out line 2652
System out line 2653
System out line 2654
System out line 2655
System out line 2656
System out line 2657
System out line 2658
System out line 2659
System out line 2660
System out line 2661
System out line 2662
System out line 2663
System out line 2664
System out line 2665
System out line 2666
System out line 2667
System out line 2668
System out line 2669
System out line 2670
System out line 2671
System out line 2672
System out line 2673
System out line 2674
System out line 2675
System out line 2676
System out line 2677
System out line 2678
System out line 2679
System out line 2680
System out line 2681
System out line 2682
System out line 2683
System out line 2684
System out line 2685
System out line 2686
System out line 2687
System out line 2688
System out line 2689
System out line 2690
System out line 2691
System out line 2692
System out line 2693
System out line 2694
System out line 2695
System out line 2696
System out line 2697
System out line 2698
System out line 2699
System out line 2700
System out line 2701
System out line 2702
System out line 2703
System out line 2704
System out line 2705
System out line 2706
System out line 2707
System out line 2708
System out line 2709
System out line 2710
System out line 2711
System out line 2712
System out line 2713
System out line 2714
System out line 2715
System out line 2716
System out line 2717
System out line 2718
System out line 2719
System out line 2720
System out line 2721
System out line 2722
System out line 2723
System out line 2724
System out line 2725
System out line 2726
System out line 2727
System out line 2728
System out line 2729
System out line 2730
System out line 2731
System out line 2732
System out line 2733
System out line 2734
System out line 2735
System out line 2736
System out line 2737
System out line 2738
System out line 2739
System out line 2740
System out line 2741
System out line 2742
System out line 2743
System out line 2744
System out line 2745
System out line 2746
System out line 2747
System out line 2748
System out line 2749
System out line 2750
System out line 2751
System out line 2752
System out line 2753
System out line 2754
System out line 2755
System out line 2756
System out line 2757
System out line 2758
System out line 2759
System out line 2760
System out line 2761
System out line 2762
System out line 2763
System out line 2764
System out line 2765
System out line 2766
System out line 2767
System out line 2768
System out line 2769
System out line 2770
System out line 2771
System out line 2772
System out line 2773
System out line 2774
System out line 2775
System out line 2776
System out line 2777
System out line 2778
System out line 2779
System out line 2780
System out line 2781
System out line 2782
System out line 2783
System out line 2784
System out line 2785
System out line 2786
System out line 2787
System out line 2788
System out line 2789
System out line 2790
System out line 2791
System out line 2792
System out line 2793
System out line 2794
System out line 2795
System out line 2796
System out line 2797
System out line 2798
System out line 2799
System out line 2800
System out line 2801
System out line 2802
System out line 2803
System out line 2804
System out line 2805
System out line 2806
System out line 2807
System out line 2808
System out line 2809
System out line 2810
System out line 2811
System out line 2812
System out line 2813
System out line 2814
System out line 2815
System out line 2816
System out line 2817
System out line 2818
System out line 2819
System out line 2820
System out line 2821
System out line 2822
System out line 2823
System out line 2824
System out line 2825
System out line 2826
System out line 2827
System out line 2828
System out line 2829
System out line 2830
System out line 2831
System out line 2832
System out line 2833
System out line 2834
System out line 2835
System out line 2836
System out line 2837
System out line 2838
System out line 2839
System out line 2840
System out line 2841
System out line 2842
System out line 2843
System out line 2844
System out line 2845
System out line 2846
System out line 2847
System out line 2848
System out line 2849
System out line 2850
System out line 2851
System out line 2852
System out line 2853
System out line 2854
System out line 2855
System out line 2856
System out line 2857
System out line 2858
System out line 2859
System out line 2860
System out line 2861
System out line 2862
System out line 2863
System out line 2864
System out line 2865
System out line 2866
System out line 2867
System out line 2868
System out line 2869
System out line 2870
System out line 2871
System out line 2872
System out line 2873
System out line 2874
System out line 2875
System out line 2876
System out line 2877
System out line 2878
System out line 2879
System out line 2880
System out line 2881
System out line 2882
System out line 2883
System out line 2884
System out line 2885
System out line 2886
System out line 2887
System out line 2888
System out line 2889
System out line 2890
System out line 2891
System out line 2892
System out line 2893
System out line 2894
System out line 2895
System out line 2896
System out line 2897
System out line 2898
System out line 2899
System out line 2900
System out line 2901
System out line 2902
System out line 2903
System out line 2904
System out line 2905
System out line 2906
System out line 2907
System out line 2908
System out line 2909
System out line 2910
System out line 2911
System out line 2912
System out line 2913
System out line 2914
System out line 2915
System out line 2916
System out line 2917
System out line 2918
System out line 2919
System out line 2920
System out line 2921
System out line 2922
System out line 2923
System out line 2924
System out line 2925
System out line 2926
System out line 2927
System out line 2928
System out line 2929
System out line 2930
System out line 2931
System out line 2932
System out line 2933
System out line 2934
System out line 2935
System out line 2936
System out line 2937
System out line 2938
System out line 2939
System out line 2940
System out line 2941
System out line 2942
System out line 2943
System out line 2944
System out line 2945
System out line 2946
System out line 2947
System out line 2948
System out line 2949
System out line 2950
System out line 2951
System out line 2952
System out line 2953
System out line 2954
System out line 2955
System out line 2956
System out line 2957
System out line 2958
System out line 2959
System out line 2960
System out line 2961
System out line 2962
System out line 2963
System out line 2964
System out line 2965
System out line 2966
System out line 2967
System out line 2968
System out line 2969
System out line 2970
System out line 2971
System out line 2972
System out line 2973
System out line 2974
System out line 2975
System out line 2976
System out line 2977
System out line 2978
System out line 2979
System out line 2980
System out line 2981
System out line 2982
System out line 2983
System out line 2984
System out line 2985
System out line 2986
System out line 2987
System out line 2988
System out line 2989
System out line 2990
System out line 2991
System out line 2992
System out line 2993
System out line 2994
System out line 2995
System out line 2996
System out line 2997
System out line 2998
System out line 2999
System out line 3000
System out line 3001
System out line 3002
System out line 3003
System out line 3004
System out line 3005
System out line 3006
System out line 3007
System out line 3008
System out line 3009
System out line 3010
System out line 3011
System out line 3012
System out line 3013
System out line 3014
System out line 3015
System out line 3016
System out line 3017
System out line 3018
System out line 3019
System out line 3020
System out line 3021
System out line 3022
System out line 3023
System out line 3024
System out line 3025
System out line 3026
System out line 3027
System out line 3028
System out line 3029
System out line 3030
System out line 3031
System out line 3032
System out line 3033
System out line 3034
System out line 3035
System out line 3036
System out line 3037
System out line 3038
System out line 3039
System out line 3040
System out line 3041
System out line 3042
System out line 3043
System out line 3044
System out line 3045
System out line 3046
System out line 3047
System out line 3048
System out line 3049
System out line 3050
System out line 3051
System out line 3052
System out line 3053
System out line 3054
System out line 3055
System out line 3056
System out line 3057
System out line 3058
System out line 3059
System out line 3060
System out line 3061
System out line 3062
System out line 3063
System out line 3064
System out line 3065
System out line 3066
System out line 3067
System out line 3068
System out line 3069
System out line 3070
System out line 3071
System out line 3072
System out line 3073
System out line 3074
System out line 3075
System out line 3076
System out line 3077
System out line 3078
System out line 3079
System out line 3080
System out line 3081
System out line 3082
System out line 3083
System out line 3084
System out line 3085
System out line 3086
System out line 3087
System out line 3088
System out line 3089
System out line 3090
System out line 3091
System out line 3092
System out line 3093
System out line 3094
System out line 3095
System out line 3096
System out line 3097
System out line 3098
System out line 3099
System out line 3100
System out line 3101
System out line 3102
System out line 3103
System out line 3104
System out line 3105
System out line 3106
System out line 3107
System out line 3108
System out line 3109
System out line 3110
System out line 3111
System out line 3112
System out line 3113
System out line 3114
System out line 3115
System out line 3116
System out line 3117
System out line 3118
System out line 3119
System out line 3120
System out line 3121
System out line 3122
System out line 3123
System out line 3124
System out line 3125
System out line 3126
System out line 3127
System out line 3128
System out line 3129
System out line 3130
System out line 3131
System out line 3132
System out line 3133
System out line 3134
System out line 3135
System out line 3136
System out line 3137
System out line 3138
System out line 3139
System out line 3140
System out line 3141
System out line 3142
System out line 3143
System out line 3144
System out line 3145
System out line 3146
System out line 3147
System out line 3148
System out line 3149
System out line 3150
System out line 3151
System out line 3152
System out line 3153
System out line 3154
System out line 3155
System out line 3156
System out line 3157
System out line 3158
System out line 3159
System out line 3160
System out line 3161
System out line 3162
System out line 3163
System out line 3164
System out line 3165
System out line 3166
System out line 3167
System out line 3168
System out line 3169
System out line 3170
System out line 3171
System out line 3172
System out line 3173
System out line 3174
System out line 3175
System out line 3176
System out line 3177
System out line 3178
System out line 3179
System out line 3180
System out line 3181
System out line 3182
System out line 3183
System out line 3184
System out line 3185
System out line 3186
System out line 3187
System out line 3188
System out line 3189
System out line 3190
System out line 3191
System out line 3192
System out line 3193
System out line 3194
System out line 3195
System out line 3196
System out line 3197
System out line 3198
System out line 3199
System out line 3200
System out line 3201
System out line 3202
System out line 3203
System out line 3204
System out line 3205
System out line 3206
System out line 3207
System out line 3208
System out line 3209
System out line 3210
System out line 3211
System out line 3212
System out line 3213
System out line 3214
System out line 3215
System out line 3216
System out line 3217
System out line 3218
System out line 3219
System out line 3220
System out line 3221
System out line 3222
System out line 3223
System out line 3224
System out line 3225
System out line 3226
System out line 3227
System out line 3228
System out line 3229
System out line 3230
System out line 3231
System out line 3232
System out line 3233
System out line 3234
System out line 3235
System out line 3236
System out line 3237
System out line 3238
System out line 3239
System out line 3240
System out line 3241
System out line 3242
System out line 3243
System out line 3244
System out line 3245
System out line 3246
System out line 3247
System out line 3248
System out line 3249
System out line 3250
System out line 3251
System out line 3252
System out line 3253
System out line 3254
System out line 3255
System out line 3256
System out line 3257
System out line 3258
System out line 3259
System out line 3260
System out line 3261
System out line 3262
System out line 3263
System out line 3264
System out line 3265
System out line 3266
System out line 3267
System out line 3268
System out line 3269
System out line 3270
System out line 3271
System out line 3272
System out line 3273
System out line 3274
System out line 3275
System out line 3276
System out line 3277
System out line 3278
System out line 3279
System out line 3280
System out line 3281
System out line 3282
System out line 3283
System out line 3284
System out line 3285
System out line 3286
System out line 3287
System out line 3288
System out line 3289
System out line 3290
System out line 3291
System out line 3292
System out line 3293
System out line 3294
System out line 3295
System out line 3296
System out line 3297
System out line 3298
System out line 3299
System out line 3300
System out line 3301
System out line 3302
System out line 3303
System out line 3304
System out line 3305
System out line 3306
System out line 3307
System out line 3308
System out line 3309
System out line 3310
System out line 3311
System out line 3312
System out line 3313
System out line 3314
System out line 3315
System out line 3316
System out line 3317
System out line 3318
System out line 3319
System out line 3320
System out line 3321
System out line 3322
System out line 3323
System out line 3324
System out line 3325
System out line 3326
System out line 3327
System out line 3328
System out line 3329
System out line 3330
System out line 3331
System out line 3332
System out line 3333
System out line 3334
System out line 3335
System out line 3336
System out line 3337
System out line 3338
System out line 3339
System out line 3340
System out line 3341
System out line 3342
System out line 3343
System out line 3344
System out line 3345
System out line 3346
System out line 3347
System out line 3348
System out line 3349
System out line 3350
System out line 3351
System out line 3352
System out line 3353
System out line 3354
System out line 3355
System out line 3356
System out line 3357
System out line 3358
System out line 3359
System out line 3360
System out line 3361
System out line 3362
System out line 3363
System out line 3364
System out line 3365
System out line 3366
System out line 3367
System out line 3368
System out line 3369
System out line 3370
System out line 3371
System out line 3372
System out line 3373
System out line 3374
System out line 3375
System out line 3376
System out line 3377
System out line 3378
System out line 3379
System out line 3380
System out line 3381
System out line 3382
System out line 3383
System out line 3384
System out line 3385
System out line 3386
System out line 3387
System out line 3388
System out line 3389
System out line 3390
System out line 3391
System out line 3392
System out line 3393
System out line 3394
System out line 3395
System out line 3396
System out line 3397
System out line 3398
System out line 3399
System out line 3400
System out line 3401
System out line 3402
System out line 3403
System out line 3404
System out line 3405
System out line 3406
System out line 3407
System out line 3408
System out line 3409
System out line 3410
System out line 3411
System out line 3412
System out line 3413
System out line 3414
System out line 3415
System out line 3416
System out line 3417
System out line 3418
System out line 3419
System out line 3420
System out line 3421
System out line 3422
System out line 3423
System out line 3424
System out line 3425
System out line 3426
System out line 3427
System out line 3428
System out line 3429
System out line 3430
System out line 3431
System out line 3432
System out line 3433
System out line 3434
System out line 3435
System out line 3436
System out line 3437
System out line 3438
System out line 3439
System out line 3440
System out line 3441
System out line 3442
System out line 3443
System out line 3444
System out line 3445
System out line 3446
System out line 3447
System out line 3448
System out line 3449
System out line 3450
System out line 3451
System out line 3452
System out line 3453
System out line 3454
System out line 3455
System out line 3456
System out line 3457
System out line 3458
System out line 3459
System out line 3460
System out line 3461
System out line 3462
System out line 3463
System out line 3464
System out line 3465
System out line 3466
System out line 3467
System out line 3468
System out line 3469
System out line 3470
System out line 3471
System out line 3472
System out line 3473
System out line 3474
System out line 3475
System out line 3476
System out line 3477
System out line 3478
System out line 3479
System out line 3480
System out line 3481
System out line 3482
System out line 3483
System out line 3484
System out line 3485
System out line 3486
System out line 3487
System out line 3488
System out line 3489
System out line 3490
System out line 3491
System out line 3492
System out line 3493
System out line 3494
System out line 3495
System out line 3496
System out line 3497
System out line 3498
System out line 3499
System out line 3500
System out line 3501
System out line 3502
System out line 3503
System out line 3504
System out line 3505
System out line 3506
System out line 3507
System out line 3508
System out line 3509
System out line 3510
System out line 3511
System out line 3512
System out line 3513
System out line 3514
System out line 3515
System out line 3516
System out line 3517
System out line 3518
System out line 3519
System out line 3520
System out line 3521
System out line 3522
System out line 3523
System out line 3524
System out line 3525
System out line 3526
System out line 3527
System out line 3528
System out line 3529
System out line 3530
System out line 3531
System out line 3532
System out line 3533
System out line 3534
System out line 3535
System out line 3536
System out line 3537
System out line 3538
System out line 3539
System out line 3540
System out line 3541
System out line 3542
System out line 3543
System out line 3544
System out line 3545
System out line 3546
System out line 3547
System out line 3548
System out line 3549
System out line 3550
System out line 3551
System out line 3552
System out line 3553
System out line 3554
System out line 3555
System out line 3556
System out line 3557
System out line 3558
System out line 3559
System out line 3560
System out line 3561
System out line 3562
System out line 3563
System out line 3564
System out line 3565
System out line 3566
System out line 3567
System out line 3568
System out line 3569
System out line 3570
System out line 3571
System out line 3572
System out line 3573
System out line 3574
System out line 3575
System out line 3576
System out line 3577
System out line 3578
System out line 3579
System out line 3580
System out line 3581
System out line 3582
System out line 3583
System out line 3584
System out line 3585
System out line 3586
System out line 3587
System out line 3588
System out line 3589
System out line 3590
System out line 3591
System out line 3592
System out line 3593
System out line 3594
System out line 3595
System out line 3596
System out line 3597
System out line 3598
System out line 3599
System out line 3600
System out line 3601
System out line 3602
System out line 3603
System out line 3604
System out line 3605
System out line 3606
System out line 3607
System out line 3608
System out line 3609
System out line 3610
System out line 3611
System out line 3612
System out line 3613
System out line 3614
System out line 3615
System out line 3616
System out line 3617
System out line 3618
System out line 3619
System out line 3620
System out line 3621
System out line 3622
System out line 3623
System out line 3624
System out line 3625
System out line 3626
System out line 3627
System out line 3628
System out line 3629
System out line 3630
System out line 3631
System out line 3632
System out line 3633
System out line 3634
System out line 3635
System out line 3636
System out line 3637
System out line 3638
System out line 3639
System out line 3640
System out line 3641
System out line 3642
System out line 3643
System out line 3644
System out line 3645
System out line 3646
System out line 3647
System out line 3648
System out line 3649
System out line 3650
System out line 3651
System out line 3652
System out line 3653
System out line 3654
System out line 3655
System out line 3656
System out line 3657
System out line 3658
System out line 3659
System out line 3660
System out line 3661
System out line 3662
System out line 3663
System out line 3664
System out line 3665
System out line 3666
System out line 3667
System out line 3668
System out line 3669
System out line 3670
System out line 3671
System out line 3672
System out line 3673
System out line 3674
System out line 3675
System out line 3676
System out line 3677
System out line 3678
System out line 3679
System out line 3680
System out line 3681
System out line 3682
System out line 3683
System out line 3684
System out line 3685
System out line 3686
System out line 3687
System out line 3688
System out line 3689
System out line 3690
System out line 3691
System out line 3692
System out line 3693
System out line 3694
System out line 3695
System out line 3696
System out line 3697
System out line 3698
System out line 3699
System out line 3700
System out line 3701
System out line 3702
System out line 3703
System out line 3704
System out line 3705
System out line 3706
System out line 3707
System out line 3708
System out line 3709
System out line 3710
System out line 3711
System out line 3712
System out line 3713
System out line 3714
System out line 3715
System out line 3716
System out line 3717
System out line 3718
System out line 3719
System out line 3720
System out line 3721
System out line 3722
System out line 3723
System out line 3724
System out line 3725
System out line 3726
System out line 3727
System out line 3728
System out line 3729
System out line 3730
System out line 3731
System out line 3732
System out line 3733
System out line 3734
System out line 3735
System out line 3736
System out line 3737
System out line 3738
System out line 3739
System out line 3740
System out line 3741
System out line 3742
System out line 3743
System out line 3744
System out line 3745
System out line 3746
System out line 3747
System out line 3748
System out line 3749
System out line 3750
System out line 3751
System out line 3752
System out line 3753
System out line 3754
System out line 3755
System out line 3756
System out line 3757
System out line 3758
System out line 3759
System out line 3760
System out line 3761
System out line 3762
System out line 3763
System out line 3764
System out line 3765
System out line 3766
System out line 3767
System out line 3768
System out line 3769
System out line 3770
System out line 3771
System out line 3772
System out line 3773
System out line 3774
System out line 3775
System out line 3776
System out line 3777
System out line 3778
System out line 3779
System out line 3780
System out line 3781
System out line 3782
System out line 3783
System out line 3784
System out line 3785
System out line 3786
System out line 3787
System out line 3788
System out line 3789
System out line 3790
System out line 3791
System out line 3792
System out line 3793
System out line 3794
System out line 3795
System out line 3796
System out line 3797
System out line 3798
System out line 3799
System out line 3800
System out line 3801
System out line 3802
System out line 3803
System out line 3804
System out line 3805
System out line 3806
System out line 3807
System out line 3808
System out line 3809
System out line 3810
System out line 3811
System out line 3812
System out line 3813
System out line 3814
System out line 3815
System out line 3816
System out line 3817
System out line 3818
System out line 3819
System out line 3820
System out line 3821
System out line 3822
System out line 3823
System out line 3824
System out line 3825
System out line 3826
System out line 3827
System out line 3828
System out line 3829
System out line 3830
System out line 3831
System out line 3832
System out line 3833
System out line 3834
System out line 3835
System out line 3836
System out line 3837
System out line 3838
System out line 3839
System out line 3840
System out line 3841
System out line 3842
System out line 3843
System out line 3844
System out line 3845
System out line 3846
System out line 3847
System out line 3848
System out line 3849
System out line 3850
System out line 3851
System out line 3852
System out line 3853
System out line 3854
System out line 3855
System out line 3856
System out line 3857
System out line 3858
System out line 3859
System out line 3860
System out line 3861
System out line 3862
System out line 3863
System out line 3864
System out line 3865
System out line 3866
System out line 3867
System out line 3868
System out line 3869
System out line 3870
System out line 3871
System out line 3872
System out line 3873
System out line 3874
System out line 3875
System out line 3876
System out line 3877
System out line 3878
System out line 3879
System out line 3880
System out line 3881
System out line 3882
System out line 3883
System out line 3884
System out line 3885
System out line 3886
System out line 3887
System out line 3888
System out line 3889
System out line 3890
System out line 3891
System out line 3892
System out line 3893
System out line 3894
System out line 3895
System out line 3896
System out line 3897
System out line 3898
System out line 3899
System out line 3900
System out line 3901
System out line 3902
System out line 3903
System out line 3904
System out line 3905
System out line 3906
System out line 3907
System out line 3908
System out line 3909
System out line 3910
System out line 3911
System out line 3912
System out line 3913
System out line 3914
System out line 3915
System out line 3916
System out line 3917
System out line 3918
System out line 3919
System out line 3920
System out line 3921
System out line 3922
System out line 3923
System out line 3924
System out line 3925
System out line 3926
System out line 3927
System out line 3928
System out line 3929
System out line 3930
System out line 3931
System out line 3932
System out line 3933
System out line 3934
System out line 3935
System out line 3936
System out line 3937
System out line 3938
System out line 3939
System out line 3940
System out line 3941
System out line 3942
System out line 3943
System out line 3944
System out line 3945
System out line 3946
System out line 3947
System out line 3948
System out line 3949
System out line 3950
System out line 3951
System out line 3952
System out line 3953
System out line 3954
System out line 3955
System out line 3956
System out line 3957
System out line 3958
System out line 3959
System out line 3960
System out line 3961
System out line 3962
System out line 3963
System out line 3964
System out line 3965
System out line 3966
System out line 3967
System out line 3968
System out line 3969
System out line 3970
System out line 3971
System out line 3972
System out line 3973
System out line 3974
System out line 3975
System out line 3976
System out line 3977
System out line 3978
System out line 3979
System out line 3980
System out line 3981
System out line 3982
System out line 3983
System out line 3984
System out line 3985
System out line 3986
System out line 3987
System out line 3988
System out line 3989
System out line 3990
System out line 3991
System out line 3992
System out line 3993
System out line 3994
System out line 3995
System out line 3996
System out line 3997
System out line 3998
System out line 3999
System out line 4000
System out line 4001
System out line 4002
System out line 4003
System out line 4004
System out line 4005
System out line 4006
System out line 4007
System out line 4008
System out line 4009
System out line 4010
System out line 4011
System out line 4012
System out line 4013
System out line 4014
System out line 4015
System out line 4016
System out line 4017
System out line 4018
System out line 4019
System out line 4020
System out line 4021
System out line 4022
System out line 4023
System out line 4024
System out line 4025
System out line 4026
System out line 4027
System out line 4028
System out line 4029
System out line 4030
System out line 4031
System out line 4032
System out line 4033
System out line 4034
System out line 4035
System out line 4036
System out line 4037
System out line 4038
System out line 4039
System out line 4040
System out line 4041
System out line 4042
System out line 4043
System out line 4044
System out line 4045
System out line 4046
System out line 4047
System out line 4048
System out line 4049
System out line 4050
System out line 4051
System out line 4052
System out line 4053
System out line 4054
System out line 4055
System out line 4056
System out line 4057
System out line 4058
System out line 4059
System out line 4060
System out line 4061
System out line 4062
System out line 4063
System out line 4064
System out line 4065
System out line 4066
System out line 4067
System out line 4068
System out line 4069
System out line 4070
System out line 4071
System out line 4072
System out line 4073
System out line 4074
System out line 4075
System out line 4076
System out line 4077
System out line 4078
System out line 4079
System out line 4080
System out line 4081
System out line 4082
System out line 4083
System out line 4084
System out line 4085
System out line 4086
System out line 4087
System out line 4088
System out line 4089
System out line 4090
System out line 4091
System out line 4092
System out line 4093
System out line 4094
System out line 4095
System out line 4096
System out line 4097
System out line 4098
System out line 4099
System out line 4100
System out line 4101
System out line 4102
System out line 4103
System out line 4104
System out line 4105
System out line 4106
System out line 4107
System out line 4108
System out line 4109
System out line 4110
System out line 4111
System out line 4112
System out line 4113
System out line 4114
System out line 4115
System out line 4116
System out line 4117
System out line 4118
System out line 4119
System out line 4120
System out line 4121
System out line 4122
System out line 4123
System out line 4124
System out line 4125
System out line 4126
System out line 4127
System out line 4128
System out line 4129
System out line 4130
System out line 4131
System out line 4132
System out line 4133
System out line 4134
System out line 4135
System out line 4136
System out line 4137
System out line 4138
System out line 4139
System out line 4140
System out line 4141
System out line 4142
System out line 4143
System out line 4144
System out line 4145
System out line 4146
System out line 4147
System out line 4148
System out line 4149
System out line 4150
System out line 4151
System out line 4152
System out line 4153
System out line 4154
System out line 4155
System out line 4156
System out line 4157
System out line 4158
System out line 4159
System out line 4160
System out line 4161
System out line 4162
System out line 4163
System out line 4164
System out line 4165
System out line 4166
System out line 4167
System out line 4168
System out line 4169
System out line 4170
System out line 4171
System out line 4172
System out line 4173
System out line 4174
System out line 4175
System out line 4176
System out line 4177
System out line 4178
System out line 4179
System out line 4180
System out line 4181
System out line 4182
System out line 4183
System out line 4184
System out line 4185
System out line 4186
System out line 4187
System out line 4188
System out line 4189
System out line 4190
System out line 4191
System out line 4192
System out line 4193
System out line 4194
System out line 4195
System out line 4196
System out line 4197
System out line 4198
System out line 4199
System out line 4200
System out line 4201
System out line 4202
System out line 4203
System out line 4204
System out line 4205
System out line 4206
System out line 4207
System out line 4208
System out line 4209
System out line 4210
System out line 4211
System out line 4212
System out line 4213
System out line 4214
System out line 4215
System out line 4216
System out line 4217
System out line 4218
System out line 4219
System out line 4220
System out line 4221
System out line 4222
System out line 4223
System out line 4224
System out line 4225
System out line 4226
System out line 4227
System out line 4228
System out line 4229
System out line 4230
System out line 4231
System out line 4232
System out line 4233
System out line 4234
System out line 4235
System out line 4236
System out line 4237
System out line 4238
System out line 4239
System out line 4240
System out line 4241
System out line 4242
System out line 4243
System out line 4244
System out line 4245
System out line 4246
System out line 4247
System out line 4248
System out line 4249
System out line 4250
System out line 4251
System out line 4252
System out line 4253
System out line 4254
System out line 4255
System out line 4256
System out line 4257
System out line 4258
System out line 4259
System out line 4260
System out line 4261
System out line 4262
System out line 4263
System out line 4264
System out line 4265
System out line 4266
System out line 4267
System out line 4268
System out line 4269
System out line 4270
System out line 4271
System out line 4272
System out line 4273
System out line 4274
System out line 4275
System out line 4276
System out line 4277
System out line 4278
System out line 4279
System out line 4280
System out line 4281
System out line 4282
System out line 4283
System out line 4284
System out line 4285
System out line 4286
System out line 4287
System out line 4288
System out line 4289
System out line 4290
System out line 4291
System out line 4292
System out line 4293
System out line 4294
System out line 4295
System out line 4296
System out line 4297
System out line 4298
System out line 4299
System out line 4300
System out line 4301
System out line 4302
System out line 4303
System out line 4304
System out line 4305
System out line 4306
System out line 4307
System out line 4308
System out line 4309
System out line 4310
System out line 4311
System out line 4312
System out line 4313
System out line 4314
System out line 4315
System out line 4316
System out line 4317
System out line 4318
System out line 4319
System out line 4320
System out line 4321
System out line 4322
System out line 4323
System out line 4324
System out line 4325
System out line 4326
System out line 4327
System out line 4328
System out line 4329
System out line 4330
System out line 4331
System out line 4332
System out line 4333
System out line 4334
System out line 4335
System out line 4336
System out line 4337
System out line 4338
System out line 4339
System out line 4340
System out line 4341
System out line 4342
System out line 4343
System out line 4344
System out line 4345
System out line 4346
System out line 4347
System out line 4348
System out line 4349
System out line 4350
System out line 4351
System out line 4352
System out line 4353
System out line 4354
System out line 4355
System out line 4356
System out line 4357
System out line 4358
System out line 4359
System out line 4360
System out line 4361
System out line 4362
System out line 4363
System out line 4364
System out line 4365
System out line 4366
System out line 4367
System out line 4368
System out line 4369
System out line 4370
System out line 4371
System out line 4372
System out line 4373
System out line 4374
System out line 4375
System out line 4376
System out line 4377
System out line 4378
System out line 4379
System out line 4380
System out line 4381
System out line 4382
System out line 4383
System out line 4384
System out line 4385
System out line 4386
System out line 4387
System out line 4388
System out line 4389
System out line 4390
System out line 4391
System out line 4392
System out line 4393
System out line 4394
System out line 4395
System out line 4396
System out line 4397
System out line 4398
System out line 4399
System out line 4400
System out line 4401
System out line 4402
System out line 4403
System out line 4404
System out line 4405
System out line 4406
System out line 4407
System out line 4408
System out line 4409
System out line 4410
System out line 4411
System out line 4412
System out line 4413
System out line 4414
System out line 4415
System out line 4416
System out line 4417
System out line 4418
System out line 4419
System out line 4420
System out line 4421
System out line 4422
System out line 4423
System out line 4424
System out line 4425
System out line 4426
System out line 4427
System out line 4428
System out line 4429
System out line 4430
System out line 4431
System out line 4432
System out line 4433
System out line 4434
System out line 4435
System out line 4436
System out line 4437
System out line 4438
System out line 4439
System out line 4440
System out line 4441
System out line 4442
System out line 4443
System out line 4444
System out line 4445
System out line 4446
System out line 4447
System out line 4448
System out line 4449
System out line 4450
System out line 4451
System out line 4452
System out line 4453
System out line 4454
System out line 4455
System out line 4456
System out line 4457
System out line 4458
System out line 4459
System out line 4460
System out line 4461
System out line 4462
System out line 4463
System out line 4464
System out line 4465
System out line 4466
System out line 4467
System out line 4468
System out line 4469
System out line 4470
System out line 4471
System out line 4472
System out line 4473
System out line 4474
System out line 4475
System out line 4476
System out line 4477
System out line 4478
System out line 4479
System out line 4480
System out line 4481
System out line 4482
System out line 4483
System out line 4484
System out line 4485
System out line 4486
System out line 4487
System out line 4488
System out line 4489
System out line 4490
System out line 4491
System out line 4492
System out line 4493
System out line 4494
System out line 4495
System out line 4496
System out line 4497
System out line 4498
System out line 4499
System out line 4500
System out line 4501
System out line 4502
System out line 4503
System out line 4504
System out line 4505
System out line 4506
System out line 4507
System out line 4508
System out line 4509
System out line 4510
System out line 4511
System out line 4512
System out line 4513
System out line 4514
System out line 4515
System out line 4516
System out line 4517
System out line 4518
System out line 4519
System out line 4520
System out line 4521
System out line 4522
System out line 4523
System out line 4524
System out line 4525
System out line 4526
System out line 4527
System out line 4528
System out line 4529
System out line 4530
System out line 4531
System out line 4532
System out line 4533
System out line 4534
System out line 4535
System out line 4536
System out line 4537
System out line 4538
System out line 4539
System out line 4540
System out line 4541
System out line 4542
System out line 4543
System out line 4544
System out line 4545
System out line 4546
System out line 4547
System out line 4548
System out line 4549
System out line 4550
System out line 4551
System out line 4552
System out line 4553
System out line 4554
System out line 4555
System out line 4556
System out line 4557
System out line 4558
System out line 4559
System out line 4560
System out line 4561
System out line 4562
System out line 4563
System out line 4564
System out line 4565
System out line 4566
System out line 4567
System out line 4568
System out line 4569
System out line 4570
System out line 4571
System out line 4572
System out line 4573
System out line 4574
System out line 4575
System out line 4576
System out line 4577
System out line 4578
System out line 4579
System out line 4580
System out line 4581
System out line 4582
System out line 4583
System out line 4584
System out line 4585
System out line 4586
System out line 4587
System out line 4588
System out line 4589
System out line 4590
System out line 4591
System out line 4592
System out line 4593
System out line 4594
System out line 4595
System out line 4596
System out line 4597
System out line 4598
System out line 4599
System out line 4600
System out line 4601
System out line 4602
System out line 4603
System out line 4604
System out line 4605
System out line 4606
System out line 4607
System out line 4608
System out line 4609
System out line 4610
System out line 4611
System out line 4612
System out line 4613
System out line 4614
System out line 4615
System out line 4616
System out line 4617
System out line 4618
System out line 4619
System out line 4620
System out line 4621
System out line 4622
System out line 4623
System out line 4624
System out line 4625
System out line 4626
System out line 4627
System out line 4628
System out line 4629
System out line 4630
System out line 4631
System out line 4632
System out line 4633
System out line 4634
System out line 4635
System out line 4636
System out line 4637
System out line 4638
System out line 4639
System out line 4640
System out line 4641
System out line 4642
System out line 4643
System out line 4644
System out line 4645
System out line 4646
System out line 4647
System out line 4648
System out line 4649
System out line 4650
System out line 4651
System out line 4652
System out line 4653
System out line 4654
System out line 4655
System out line 4656
System out line 4657
System out line 4658
System out line 4659
System out line 4660
System out line 4661
System out line 4662
System out line 4663
System out line 4664
System out line 4665
System out line 4666
System out line 4667
System out line 4668
System out line 4669
System out line 4670
System out line 4671
System out line 4672
System out line 4673
System out line 4674
System out line 4675
System out line 4676
System out line 4677
System out line 4678
System out line 4679
System out line 4680
System out line 4681
System out line 4682
System out line 4683
System out line 4684
System out line 4685
System out line 4686
System out line 4687
System out line 4688
System out line 4689
System out line 4690
System out line 4691
System out line 4692
System out line 4693
System out line 4694
System out line 4695
System out line 4696
System out line 4697
System out line 4698
System out line 4699
System out line 4700
System out line 4701
System out line 4702
System out line 4703
System out line 4704
System out line 4705
System out line 4706
System out line 4707
System out line 4708
System out line 4709
System out line 4710
System out line 4711
System out line 4712
System out line 4713
System out line 4714
System out line 4715
System out line 4716
System out line 4717
System out line 4718
System out line 4719
System out line 4720
System out line 4721
System out line 4722
System out line 4723
System out line 4724
System out line 4725
System out line 4726
System out line 4727
System out line 4728
System out line 4729
System out line 4730
System out line 4731
System out line 4732
System out line 4733
System out line 4734
System out line 4735
System out line 4736
System out line 4737
System out line 4738
System out line 4739
System out line 4740
System out line 4741
System out line 4742
System out line 4743
System out line 4744
System out line 4745
System out line 4746
System out line 4747
System out line 4748
System out line 4749
System out line 4750
System out line 4751
System out line 4752
System out line 4753
System out line 4754
System out line 4755
System out line 4756
System out line 4757
System out line 4758
System out line 4759
System out line 4760
System out line 4761
System out line 4762
System out line 4763
System out line 4764
System out line 4765
System out line 4766
System out line 4767
System out line 4768
System out line 4769
System out line 4770
System out line 4771
System out line 4772
System out line 4773
System out line 4774
System out line 4775
System out line 4776
System out line 4777
System out line 4778
System out line 4779
System out line 4780
System out line 4781
System out line 4782
System out line 4783
System out line 4784
System out line 4785
System out line 4786
System out line 4787
System out line 4788
System out line 4789
System out line 4790
System out line 4791
System out line 4792
System out line 4793
System out line 4794
System out line 4795
System out line 4796
System out line 4797
System out line 4798
System out line 4799
System out line 4800
System out line 4801
System out line 4802
System out line 4803
System out line 4804
System out line 4805
System out line 4806
System out line 4807
System out line 4808
System out line 4809
System out line 4810
System out line 4811
System out line 4812
System out line 4813
System out line 4814
System out line 4815
System out line 4816
System out line 4817
System out line 4818
System out line 4819
System out line 4820
System out line 4821
System out line 4822
System out line 4823
System out line 4824
System out line 4825
System out line 4826
System out line 4827
System out line 4828
System out line 4829
System out line 4830
System out line 4831
System out line 4832
System out line 4833
System out line 4834
System out line 4835
System out line 4836
System out line 4837
System out line 4838
System out line 4839
System out line 4840
System out line 4841
System out line 4842
System out line 4843
System out line 4844
System out line 4845
System out line 4846
System out line 4847
System out line 4848
System out line 4849
System out line 4850
System out line 4851
System out line 4852
System out line 4853
System out line 4854
System out line 4855
System out line 4856
System out line 4857
System out line 4858
System out line 4859
System out line 4860
System out line 4861
System out line 4862
System out line 4863
System out line 4864
System out line 4865
System out line 4866
System out line 4867
System out line 4868
System out line 4869
System out line 4870
System out line 4871
System out line 4872
System out line 4873
System out line 4874
System out line 4875
System out line 4876
System out line 4877
System out line 4878
System out line 4879
System out line 4880
System out line 4881
System out line 4882
System out line 4883
System out line 4884
System out line 4885
System out line 4886
System out line 4887
System out line 4888
System out line 4889
System out line 4890
System out line 4891
System out line 4892
System out line 4893
System out line 4894
System out line 4895
System out line 4896
System out line 4897
System out line 4898
System out line 4899
System out line 4900
System out line 4901
System out line 4902
System out line 4903
System out line 4904
System out line 4905
System out line 4906
System out line 4907
System out line 4908
System out line 4909
System out line 4910
System out line 4911
System out line 4912
System out line 4913
System out line 4914
System out line 4915
System out line 4916
System out line 4917
System out line 4918
System out line 4919
System out line 4920
System out line 4921
System out line 4922
System out line 4923
System out line 4924
System out line 4925
System out line 4926
System out line 4927
System out line 4928
System out line 4929
System out line 4930
System out line 4931
System out line 4932
System out line 4933
System out line 4934
System out line 4935
System out line 4936
System out line 4937
System out line 4938
System out line 4939
System out line 4940
System out line 4941
System out line 4942
System out line 4943
System out line 4944
System out line 4945
System out line 4946
System out line 4947
System out line 4948
System out line 4949
System out line 4950
System out line 4951
System out line 4952
System out line 4953
System out line 4954
System out line 4955
System out line 4956
System out line 4957
System out line 4958
System out line 4959
System out line 4960
System out line 4961
System out line 4962
System out line 4963
System out line 4964
System out line 4965
System out line 4966
System out line 4967
System out line 4968
System out line 4969
System out line 4970
System out line 4971
System out line 4972
System out line 4973
System out line 4974
System out line 4975
System out line 4976
System out line 4977
System out line 4978
System out line 4979
System out line 4980
System out line 4981
System out line 4982
System out line 4983
System out line 4984
System out line 4985
System out line 4986
System out line 4987
System out line 4988
System out line 4989
System out line 4990
System out line 4991
System out line 4992
System out line 4993
System out line 4994
System out line 4995
System out line 4996
System out line 4997
System out line 4998
System out line 4999
System out line 5000
System out line 5001
System out line 5002
System out line 5003
System out line 5004
System out line 5005
System out line 5006
System out line 5007
System out line 5008
System out line 5009
System out line 5010
System out line 5011
System out line 5012
System out line 5013
System out line 5014
System out line 5015
System out line 5016
System out line 5017
System out line 5018
System out line 5019
System out line 5020
System out line 5021
System out line 5022
System out line 5023
System out line 5024
System out line 5025
System out line 5026
System out line 5027
System out line 5028
System out line 5029
System out line 5030
System out line 5031
System out line 5032
System out line 5033
System out line 5034
System out line 5035
System out line 5036
System out line 5037
System out line 5038
System out line 5039
System out line 5040
System out line 5041
System out line 5042
System out line 5043
System out line 5044
System out line 5045
System out line 5046
System out line 5047
System out line 5048
System out line 5049
System out line 5050
System out line 5051
System out line 5052
System out line 5053
System out line 5054
System out line 5055
System out line 5056
System out line 5057
System out line 5058
System out line 5059
System out line 5060
System out line 5061
System out line 5062
System out line 5063
System out line 5064
System out line 5065
System out line 5066
System out line 5067
System out line 5068
System out line 5069
System out line 5070
System out line 5071
System out line 5072
System out line 5073
System out line 5074
System out line 5075
System out line 5076
System out line 5077
System out line 5078
System out line 5079
System out line 5080
System out line 5081
System out line 5082
System out line 5083
System out line 5084
System out line 5085
System out line 5086
System out line 5087
System out line 5088
System out line 5089
System out line 5090
System out line 5091
System out line 5092
System out line 5093
System out line 5094
System out line 5095
System out line 5096
System out line 5097
System out line 5098
System out line 5099
System out line 5100
System out line 5101
System out line 5102
System out line 5103
System out line 5104
System out line 5105
System out line 5106
System out line 5107
System out line 5108
System out line 5109
System out line 5110
System out line 5111
System out line 5112
System out line 5113
System out line 5114
System out line 5115
System out line 5116
System out line 5117
System out line 5118
System out line 5119
System out line 5120
System out line 5121
System out line 5122
System out line 5123
System out line 5124
System out line 5125
System out line 5126
System out line 5127
System out line 5128
System out line 5129
System out line 5130
System out line 5131
System out line 5132
System out line 5133
System out line 5134
System out line 5135
System out line 5136
System out line 5137
System out line 5138
System out line 5139
System out line 5140
System out line 5141
System out line 5142
System out line 5143
System out line 5144
System out line 5145
System out line 5146
System out line 5147
System out line 5148
System out line 5149
System out line 5150
System out line 5151
System out line 5152
System out line 5153
System out line 5154
System out line 5155
System out line 5156
System out line 5157
System out line 5158
System out line 5159
System out line 5160
System out line 5161
System out line 5162
System out line 5163
System out line 5164
System out line 5165
System out line 5166
System out line 5167
System out line 5168
System out line 5169
System out line 5170
System out line 5171
System out line 5172
System out line 5173
System out line 5174
System out line 5175
System out line 5176
System out line 5177
System out line 5178
System out line 5179
System out line 5180
System out line 5181
System out line 5182
System out line 5183
System out line 5184
System out line 5185
System out line 5186
System out line 5187
System out line 5188
System out line 5189
System out line 5190
System out line 5191
System out line 5192
System out line 5193
System out line 5194
System out line 5195
System out line 5196
System out line 5197
System out line 5198
System out line 5199
System out line 5200
System out line 5201
System out line 5202
System out line 5203
System out line 5204
System out line 5205
System out line 5206
System out line 5207
System out line 5208
System out line 5209
System out line 5210
System out line 5211
System out line 5212
System out line 5213
System out line 5214
System out line 5215
System out line 5216
System out line 5217
System out line 5218
System out line 5219
System out line 5220
System out line 5221
System out line 5222
System out line 5223
System out line 5224
System out line 5225
System out line 5226
System out line 5227
System out line 5228
System out line 5229
System out line 5230
System out line 5231
System out line 5232
System out line 5233
System out line 5234
System out line 5235
System out line 5236
System out line 5237
System out line 5238
System out line 5239
System out line 5240
System out line 5241
System out line 5242
System out line 5243
System out line 5244
System out line 5245
System out line 5246
System out line 5247
System out line 5248
System out line 5249
System out line 5250
System out line 5251
System out line 5252
System out line 5253
System out line 5254
System out line 5255
System out line 5256
System out line 5257
System out line 5258
System out line 5259
System out line 5260
System out line 5261
System out line 5262
System out line 5263
System out line 5264
System out line 5265
System out line 5266
System out line 5267
System out line 5268
System out line 5269
System out line 5270
System out line 5271
System out line 5272
System out line 5273
System out line 5274
System out line 5275
System out line 5276
System out line 5277
System out line 5278
System out line 5279
System out line 5280
System out line 5281
System out line 5282
System out line 5283
System out line 5284
System out line 5285
System out line 5286
System out line 5287
System out line 5288
System out line 5289
System out line 5290
System out line 5291
System out line 5292
System out line 5293
System out line 5294
System out line 5295
System out line 5296
System out line 5297
System out line 5298
System out line 5299
System out line 5300
System out line 5301
System out line 5302
System out line 5303
System out line 5304
System out line 5305
System out line 5306
System out line 5307
System out line 5308
System out line 5309
System out line 5310
System out line 5311
System out line 5312
System out line 5313
System out line 5314
System out line 5315
System out line 5316
System out line 5317
System out line 5318
System out line 5319
System out line 5320
System out line 5321
System out line 5322
System out line 5323
System out line 5324
System out line 5325
System out line 5326
System out line 5327
System out line 5328
System out line 5329
System out line 5330
System out line 5331
System out line 5332
System out line 5333
System out line 5334
System out line 5335
System out line 5336
System out line 5337
System out line 5338
System out line 5339
System out line 5340
System out line 5341
System out line 5342
System out line 5343
System out line 5344
System out line 5345
System out line 5346
System out line 5347
System out line 5348
System out line 5349
System out line 5350
System out line 5351
System out line 5352
System out line 5353
System out line 5354
System out line 5355
System out line 5356
System out line 5357
System out line 5358
System out line 5359
System out line 5360
System out line 5361
System out line 5362
System out line 5363
System out line 5364
System out line 5365
System out line 5366
System out line 5367
System out line 5368
System out line 5369
System out line 5370
System out line 5371
System out line 5372
System out line 5373
System out line 5374
System out line 5375
System out line 5376
System out line 5377
System out line 5378
System out line 5379
System out line 5380
System out line 5381
System out line 5382
System out line 5383
System out line 5384
System out line 5385
System out line 5386
System out line 5387
System out line 5388
System out line 5389
System out line 5390
System out line 5391
System out line 5392
System out line 5393
System out line 5394
System out line 5395
System out line 5396
System out line 5397
System out line 5398
System out line 5399
System out line 5400
System out line 5401
System out line 5402
System out line 5403
System out line 5404
System out line 5405
System out line 5406
System out line 5407
System out line 5408
System out line 5409
System out line 5410
System out line 5411
System out line 5412
System out line 5413
System out line 5414
System out line 5415
System out line 5416
System out line 5417
System out line 5418
System out line 5419
System out line 5420
System out line 5421
System out line 5422
System out line 5423
System out line 5424
System out line 5425
System out line 5426
System out line 5427
System out line 5428
System out line 5429
System out line 5430
System out line 5431
System out line 5432
System out line 5433
System out line 5434
System out line 5435
System out line 5436
System out line 5437
System out line 5438
System out line 5439
System out line 5440
System out line 5441
System out line 5442
System out line 5443
System out line 5444
System out line 5445
System out line 5446
System out line 5447
System out line 5448
System out line 5449
System out line 5450
System out line 5451
System out line 5452
System out line 5453
System out line 5454
System out line 5455
System out line 5456
System out line 5457
System out line 5458
System out line 5459
System out line 5460
System out line 5461
System out line 5462
System out line 5463
System out line 5464
System out line 5465
System out line 5466
System out line 5467
System out line 5468
System out line 5469
System out line 5470
System out line 5471
System out line 5472
System out line 5473
System out line 5474
System out line 5475
System out line 5476
System out line 5477
System out line 5478
System out line 5479
System out line 5480
System out line 5481
System out line 5482
System out line 5483
System out line 5484
System out line 5485
System out line 5486
System out line 5487
System out line 5488
System out line 5489
System out line 5490
System out line 5491
System out line 5492
System out line 5493
System out line 5494
System out line 5495
System out line 5496
System out line 5497
System out line 5498
System out line 5499
System out line 5500
System out line 5501
System out line 5502
System out line 5503
System out line 5504
System out line 5505
System out line 5506
System out line 5507
System out line 5508
System out line 5509
System out line 5510
System out line 5511
System out line 5512
System out line 5513
System out line 5514
System out line 5515
System out line 5516
System out line 5517
System out line 5518
System out line 5519
System out line 5520
System out line 5521
System out line 5522
System out line 5523
System out line 5524
System out line 5525
System out line 5526
System out line 5527
System out line 5528
System out line 5529
System out line 5530
System out line 5531
System out line 5532
System out line 5533
System out line 5534
System out line 5535
System out line 5536
System out line 5537
System out line 5538
System out line 5539
System out line 5540
System out line 5541
System out line 5542
System out line 5543
System out line 5544
System out line 5545
System out line 5546
System out line 5547
System out line 5548
System out line 5549
System out line 5550
System out line 5551
System out line 5552
System out line 5553
System out line 5554
System out line 5555
System out line 5556
System out line 5557
System out line 5558
System out line 5559
System out line 5560
System out line 5561
System out line 5562
System out line 5563
System out line 5564
System out line 5565
System out line 5566
System out line 5567
System out line 5568
System out line 5569
System out line 5570
System out line 5571
System out line 5572
System out line 5573
System out line 5574
System out line 5575
System out line 5576
System out line 5577
System out line 5578
System out line 5579
System out line 5580
System out line 5581
System out line 5582
System out line 5583
System out line 5584
System out line 5585
System out line 5586
System out line 5587
System out line 5588
System out line 5589
System out line 5590
System out line 5591
System out line 5592
System out line 5593
System out line 5594
System out line 5595
System out line 5596
System out line 5597
System out line 5598
System out line 5599
System out line 5600
System out line 5601
System out line 5602
System out line 5603
System out line 5604
System out line 5605
System out line 5606
System out line 5607
System out line 5608
System out line 5609
System out line 5610
System out line 5611
System out line 5612
System out line 5613
System out line 5614
System out line 5615
System out line 5616
System out line 5617
System out line 5618
System out line 5619
System out line 5620
System out line 5621
System out line 5622
System out line 5623
System out line 5624
System out line 5625
System out line 5626
System out line 5627
System out line 5628
System out line 5629
System out line 5630
System out line 5631
System out line 5632
System out line 5633
System out line 5634
System out line 5635
System out line 5636
System out line 5637
System out line 5638
System out line 5639
System out line 5640
System out line 5641
System out line 5642
System out line 5643
System out line 5644
System out line 5645
System out line 5646
System out line 5647
System out line 5648
System out line 5649
System out line 5650
System out line 5651
System out line 5652
System out line 5653
System out line 5654
System out line 5655
System out line 5656
System out line 5657
System out line 5658
System out line 5659
System out line 5660
System out line 5661
System out line 5662
System out line 5663
System out line 5664
System out line 5665
System out line 5666
System out line 5667
System out line 5668
System out line 5669
System out line 5670
System out line 5671
System out line 5672
System out line 5673
System out line 5674
System out line 5675
System out line 5676
System out line 5677
System out line 5678
System out line 5679
System out line 5680
System out line 5681
System out line 5682
System out line 5683
System out line 5684
System out line 5685
System out line 5686
System out line 5687
System out line 5688
System out line 5689
System out line 5690
System out line 5691
System out line 5692
System out line 5693
System out line 5694
System out line 5695
System out line 5696
System out line 5697
System out line 5698
System out line 5699
System out line 5700
System out line 5701
System out line 5702
System out line 5703
System out line 5704
System out line 5705
System out line 5706
System out line 5707
System out line 5708
System out line 5709
System out line 5710
System out line 5711
System out line 5712
System out line 5713
System out line 5714
System out line 5715
System out line 5716
System out line 5717
System out line 5718
System out line 5719
System out line 5720
System out line 5721
System out line 5722
System out line 5723
System out line 5724
System out line 5725
System out line 5726
System out line 5727
System out line 5728
System out line 5729
System out line 5730
System out line 5731
System out line 5732
System out line 5733
System out line 5734
System out line 5735
System out line 5736
System out line 5737
System out line 5738
System out line 5739
System out line 5740
System out line 5741
System out line 5742
System out line 5743
System out line 5744
System out line 5745
System out line 5746
System out line 5747
System out line 5748
System out line 5749
System out line 5750
System out line 5751
System out line 5752
System out line 5753
System out line 5754
System out line 5755
System out line 5756
System out line 5757
System out line 5758
System out line 5759
System out line 5760
System out line 5761
System out line 5762
System out line 5763
System out line 5764
System out line 5765
System out line 5766
System out line 5767
System out line 5768
System out line 5769
System out line 5770
System out line 5771
System out line 5772
System out line 5773
System out line 5774
System out line 5775
System out line 5776
System out line 5777
System out line 5778
System out line 5779
System out line 5780
System out line 5781
System out line 5782
System out line 5783
System out line 5784
System out line 5785
System out line 5786
System out line 5787
System out line 5788
System out line 5789
System out line 5790
System out line 5791
System out line 5792
System out line 5793
System out line 5794
System out line 5795
System out line 5796
System out line 5797
System out line 5798
System out line 5799
System out line 5800
System out line 5801
System out line 5802
System out line 5803
System out line 5804
System out line 5805
System out line 5806
System out line 5807
System out line 5808
System out line 5809
System out line 5810
System out line 5811
System out line 5812
System out line 5813
System out line 5814
System out line 5815
System out line 5816
System out line 5817
System out line 5818
System out line 5819
System out line 5820
System out line 5821
System out line 5822
System out line 5823
System out line 5824
System out line 5825
System out line 5826
System out line 5827
System out line 5828
System out line 5829
System out line 5830
System out line 5831
System out line 5832
System out line 5833
System out line 5834
System out line 5835
System out line 5836
System out line 5837
System out line 5838
System out line 5839
System out line 5840
System out line 5841
System out line 5842
System out line 5843
System out line 5844
System out line 5845
System out line 5846
System out line 5847
System out line 5848
System out line 5849
System out line 5850
System out line 5851
System out line 5852
System out line 5853
System out line 5854
System out line 5855
System out line 5856
System out line 5857
System out line 5858
System out line 5859
System out line 5860
System out line 5861
System out line 5862
System out line 5863
System out line 5864
System out line 5865
System out line 5866
System out line 5867
System out line 5868
System out line 5869
System out line 5870
System out line 5871
System out line 5872
System out line 5873
System out line 5874
System out line 5875
System out line 5876
System out line 5877
System out line 5878
System out line 5879
System out line 5880
System out line 5881
System out line 5882
System out line 5883
System out line 5884
System out line 5885
System out line 5886
System out line 5887
System out line 5888
System out line 5889
System out line 5890
System out line 5891
System out line 5892
System out line 5893
System out line 5894
System out line 5895
System out line 5896
System out line 5897
System out line 5898
System out line 5899
System out line 5900
System out line 5901
System out line 5902
System out line 5903
System out line 5904
System out line 5905
System out line 5906
System out line 5907
System out line 5908
System out line 5909
System out line 5910
System out line 5911
System out line 5912
System out line 5913
System out line 5914
System out line 5915
System out line 5916
System out line 5917
System out line 5918
System out line 5919
System out line 5920
System out line 5921
System out line 5922
System out line 5923
System out line 5924
System out line 5925
System out line 5926
System out line 5927
System out line 5928
System out line 5929
System out line 5930
System out line 5931
System out line 5932
System out line 5933
System out line 5934
System out line 5935
System out line 5936
System out line 5937
System out line 5938
System out line 5939
System out line 5940
System out line 5941
System out line 5942
System out line 5943
System out line 5944
System out line 5945
System out line 5946
System out line 5947
System out line 5948
System out line 5949
System out line 5950
System out line 5951
System out line 5952
System out line 5953
System out line 5954
System out line 5955
System out line 5956
System out line 5957
System out line 5958
System out line 5959
System out line 5960
System out line 5961
System out line 5962
System out line 5963
System out line 5964
System out line 5965
System out line 5966
System out line 5967
System out line 5968
System out line 5969
System out line 5970
System out line 5971
System out line 5972
System out line 5973
System out line 5974
System out line 5975
System out line 5976
System out line 5977
System out line 5978
System out line 5979
System out line 5980
System out line 5981
System out line 5982
System out line 5983
System out line 5984
System out line 5985
System out line 5986
System out line 5987
System out line 5988
System out line 5989
System out line 5990
System out line 5991
System out line 5992
System out line 5993
System out line 5994
System out line 5995
System out line 5996
System out line 5997
System out line 5998
System out line 5999
System out line 6000
System out line 6001
System out line 6002
System out line 6003
System out line 6004
System out line 6005
System out line 6006
System out line 6007
System out line 6008
System out line 6009
System out line 6010
System out line 6011
System out line 6012
System out line 6013
System out line 6014
System out line 6015
System out line 6016
System out line 6017
System out line 6018
System out line 6019
System out line 6020
System out line 6021
System out line 6022
System out line 6023
System out line 6024
System out line 6025
System out line 6026
System out line 6027
System out line 6028
System out line 6029
System out line 6030
System out line 6031
System out line 6032
System out line 6033
System out line 6034
System out line 6035
System out line 6036
System out line 6037
System out line 6038
System out line 6039
System out line 6040
System out line 6041
System out line 6042
System out line 6043
System out line 6044
System out line 6045
System out line 6046
System out line 6047
System out line 6048
System out line 6049
System out line 6050
System out line 6051
System out line 6052
System out line 6053
System out line 6054
System out line 6055
System out line 6056
System out line 6057
System out line 6058
System out line 6059
System out line 6060
System out line 6061
System out line 6062
System out line 6063
System out line 6064
System out line 6065
System out line 6066
System out line 6067
System out line 6068
System out line 6069
System out line 6070
System out line 6071
System out line 6072
System out line 6073
System out line 6074
System out line 6075
System out line 6076
System out line 6077
System out line 6078
System out line 6079
System out line 6080
System out line 6081
System out line 6082
System out line 6083
System out line 6084
System out line 6085
System out line 6086
System out line 6087
System out line 6088
System out line 6089
System out line 6090
System out line 6091
System out line 6092
System out line 6093
System out line 6094
System out line 6095
System out line 6096
System out line 6097
System out line 6098
System out line 6099
System out line 6100
System out line 6101
System out line 6102
System out line 6103
System out line 6104
System out line 6105
System out line 6106
System out line 6107
System out line 6108
System out line 6109
System out line 6110
System out line 6111
System out line 6112
System out line 6113
System out line 6114
System out line 6115
System out line 6116
System out line 6117
System out line 6118
System out line 6119
System out line 6120
System out line 6121
System out line 6122
System out line 6123
System out line 6124
System out line 6125
System out line 6126
System out line 6127
System out line 6128
System out line 6129
System out line 6130
System out line 6131
System out line 6132
System out line 6133
System out line 6134
System out line 6135
System out line 6136
System out line 6137
System out line 6138
System out line 6139
System out line 6140
System out line 6141
System out line 6142
System out line 6143
System out line 6144
System out line 6145
System out line 6146
System out line 6147
System out line 6148
System out line 6149
System out line 6150
System out line 6151
System out line 6152
System out line 6153
System out line 6154
System out line 6155
System out line 6156
System out line 6157
System out line 6158
System out line 6159
System out line 6160
System out line 6161
System out line 6162
System out line 6163
System out line 6164
System out line 6165
System out line 6166
System out line 6167
System out line 6168
System out line 6169
System out line 6170
System out line 6171
System out line 6172
System out line 6173
System out line 6174
System out line 6175
System out line 6176
System out line 6177
System out line 6178
System out line 6179
System out line 6180
System out line 6181
System out line 6182
System out line 6183
System out line 6184
System out line 6185
System out line 6186
System out line 6187
System out line 6188
System out line 6189
System out line 6190
System out line 6191
System out line 6192
System out line 6193
System out line 6194
System out line 6195
System out line 6196
System out line 6197
System out line 6198
System out line 6199
System out line 6200
System out line 6201
System out line 6202
System out line 6203
System out line 6204
System out line 6205
System out line 6206
System out line 6207
System out line 6208
System out line 6209
System out line 6210
System out line 6211
System out line 6212
System out line 6213
System out line 6214
System out line 6215
System out line 6216
System out line 6217
System out line 6218
System out line 6219
System out line 6220
System out line 6221
System out line 6222
System out line 6223
System out line 6224
System out line 6225
System out line 6226
System out line 6227
System out line 6228
System out line 6229
System out line 6230
System out line 6231
System out line 6232
System out line 6233
System out line 6234
System out line 6235
System out line 6236
System out line 6237
System out line 6238
System out line 6239
System out line 6240
System out line 6241
System out line 6242
System out line 6243
System out line 6244
System out line 6245
System out line 6246
System out line 6247
System out line 6248
System out line 6249
System out line 6250
System out line 6251
System out line 6252
System out line 6253
System out line 6254
System out line 6255
System out line 6256
System out line 6257
System out line 6258
System out line 6259
System out line 6260
System out line 6261
System out line 6262
System out line 6263
System out line 6264
System out line 6265
System out line 6266
System out line 6267
System out line 6268
System out line 6269
System out line 6270
System out line 6271
System out line 6272
System out line 6273
System out line 6274
System out line 6275
System out line 6276
System out line 6277
System out line 6278
System out line 6279
System out line 6280
System out line 6281
System out line 6282
System out line 6283
System out line 6284
System out line 6285
System out line 6286
System out line 6287
System out line 6288
System out line 6289
System out line 6290
System out line 6291
System out line 6292
System out line 6293
System out line 6294
System out line 6295
System out line 6296
System out line 6297
System out line 6298
System out line 6299
System out line 6300
System out line 6301
System out line 6302
System out line 6303
System out line 6304
System out line 6305
System out line 6306
System out line 6307
System out line 6308
System out line 6309
System out line 6310
System out line 6311
System out line 6312
System out line 6313
System out line 6314
System out line 6315
System out line 6316
System out line 6317
System out line 6318
System out line 6319
System out line 6320
System out line 6321
System out line 6322
System out line 6323
System out line 6324
System out line 6325
System out line 6326
System out line 6327
System out line 6328
System out line 6329
System out line 6330
System out line 6331
System out line 6332
System out line 6333
System out line 6334
System out line 6335
System out line 6336
System out line 6337
System out line 6338
System out line 6339
System out line 6340
System out line 6341
System out line 6342
System out line 6343
System out line 6344
System out line 6345
System out line 6346
System out line 6347
System out line 6348
System out line 6349
System out line 6350
System out line 6351
System out line 6352
System out line 6353
System out line 6354
System out line 6355
System out line 6356
System out line 6357
System out line 6358
System out line 6359
System out line 6360
System out line 6361
System out line 6362
System out line 6363
System out line 6364
System out line 6365
System out line 6366
System out line 6367
System out line 6368
System out line 6369
System out line 6370
System out line 6371
System out line 6372
System out line 6373
System out line 6374
System out line 6375
System out line 6376
System out line 6377
System out line 6378
System out line 6379
System out line 6380
System out line 6381
System out line 6382
System out line 6383
System out line 6384
System out line 6385
System out line 6386
System out line 6387
System out line 6388
System out line 6389
System out line 6390
System out line 6391
System out line 6392
System out line 6393
System out line 6394
System out line 6395
System out line 6396
System out line 6397
System out line 6398
System out line 6399
System out line 6400
System out line 6401
System out line 6402
System out line 6403
System out line 6404
System out line 6405
System out line 6406
System out line 6407
System out line 6408
System out line 6409
System out line 6410
System out line 6411
System out line 6412
System out line 6413
System out line 6414
System out line 6415
System out line 6416
System out line 6417
System out line 6418
System out line 6419
System out line 6420
System out line 6421
System out line 6422
System out line 6423
System out line 6424
System out line 6425
System out line 6426
System out line 6427
System out line 6428
System out line 6429
System out line 6430
System out line 6431
System out line 6432
System out line 6433
System out line 6434
System out line 6435
System out line 6436
System out line 6437
System out line 6438
System out line 6439
System out line 6440
System out line 6441
System out line 6442
System out line 6443
System out line 6444
System out line 6445
System out line 6446
System out line 6447
System out line 6448
System out line 6449
System out line 6450
System out line 6451
System out line 6452
System out line 6453
System out line 6454
System out line 6455
System out line 6456
System out line 6457
System out line 6458
System out line 6459
System out line 6460
System out line 6461
System out line 6462
System out line 6463
System out line 6464
System out line 6465
System out line 6466
System out line 6467
System out line 6468
System out line 6469
System out line 6470
System out line 6471
System out line 6472
System out line 6473
System out line 6474
System out line 6475
System out line 6476
System out line 6477
System out line 6478
System out line 6479
System out line 6480
System out line 6481
System out line 6482
System out line 6483
System out line 6484
System out line 6485
System out line 6486
System out line 6487
System out line 6488
System out line 6489
System out line 6490
System out line 6491
System out line 6492
System out line 6493
System out line 6494
System out line 6495
System out line 6496
System out line 6497
System out line 6498
System out line 6499
System out line 6500
System out line 6501
System out line 6502
System out line 6503
System out line 6504
System out line 6505
System out line 6506
System out line 6507
System out line 6508
System out line 6509
System out line 6510
System out line 6511
System out line 6512
System out line 6513
System out line 6514
System out line 6515
System out line 6516
System out line 6517
System out line 6518
System out line 6519
System out line 6520
System out line 6521
System out line 6522
System out line 6523
System out line 6524
System out line 6525
System out line 6526
System out line 6527
System out line 6528
System out line 6529
System out line 6530
System out line 6531
System out line 6532
System out line 6533
System out line 6534
System out line 6535
System out line 6536
System out line 6537
System out line 6538
System out line 6539
System out line 6540
System out line 6541
System out line 6542
System out line 6543
System out line 6544
System out line 6545
System out line 6546
System out line 6547
System out line 6548
System out line 6549
System out line 6550
System out line 6551
System out line 6552
System out line 6553
System out line 6554
System out line 6555
System out line 6556
System out line 6557
System out line 6558
System out line 6559
System out line 6560
System out line 6561
System out line 6562
System out line 6563
System out line 6564
System out line 6565
System out line 6566
System out line 6567
System out line 6568
System out line 6569
System out line 6570
System out line 6571
System out line 6572
System out line 6573
System out line 6574
System out line 6575
System out line 6576
System out line 6577
System out line 6578
System out line 6579
System out line 6580
System out line 6581
System out line 6582
System out line 6583
System out line 6584
System out line 6585
System out line 6586
System out line 6587
System out line 6588
System out line 6589
System out line 6590
System out line 6591
System out line 6592
System out line 6593
System out line 6594
System out line 6595
System out line 6596
System out line 6597
System out line 6598
System out line 6599
System out line 6600
System out line 6601
System out line 6602
System out line 6603
System out line 6604
System out line 6605
System out line 6606
System out line 6607
System out line 6608
System out line 6609
System out line 6610
System out line 6611
System out line 6612
System out line 6613
System out line 6614
System out line 6615
System out line 6616
System out line 6617
System out line 6618
System out line 6619
System out line 6620
System out line 6621
System out line 6622
System out line 6623
System out line 6624
System out line 6625
System out line 6626
System out line 6627
System out line 6628
System out line 6629
System out line 6630
System out line 6631
System out line 6632
System out line 6633
System out line 6634
System out line 6635
System out line 6636
System out line 6637
System out line 6638
System out line 6639
System out line 6640
System out line 6641
System out line 6642
System out line 6643
System out line 6644
System out line 6645
System out line 6646
System out line 6647
System out line 6648
System out line 6649
System out line 6650
System out line 6651
System out line 6652
System out line 6653
System out line 6654
System out line 6655
System out line 6656
System out line 6657
System out line 6658
System out line 6659
System out line 6660
System out line 6661
System out line 6662
System out line 6663
System out line 6664
System out line 6665
System out line 6666
System out line 6667
System out line 6668
System out line 6669
System out line 6670
System out line 6671
System out line 6672
System out line 6673
System out line 6674
System out line 6675
System out line 6676
System out line 6677
System out line 6678
System out line 6679
System out line 6680
System out line 6681
System out line 6682
System out line 6683
System out line 6684
System out line 6685
System out line 6686
System out line 6687
System out line 6688
System out line 6689
System out line 6690
System out line 6691
System out line 6692
System out line 6693
System out line 6694
System out line 6695
System out line 6696
System out line 6697
System out line 6698
System out line 6699
System out line 6700
System out line 6701
System out line 6702
System out line 6703
System out line 6704
System out line 6705
System out line 6706
System out line 6707
System out line 6708
System out line 6709
System out line 6710
System out line 6711
System out line 6712
System out line 6713
System out line 6714
System out line 6715
System out line 6716
System out line 6717
System out line 6718
System out line 6719
System out line 6720
System out line 6721
System out line 6722
System out line 6723
System out line 6724
System out line 6725
System out line 6726
System out line 6727
System out line 6728
System out line 6729
System out line 6730
System out line 6731
System out line 6732
System out line 6733
System out line 6734
System out line 6735
System out line 6736
System out line 6737
System out line 6738
System out line 6739
System out line 6740
System out line 6741
System out line 6742
System out line 6743
System out line 6744
System out line 6745
System out line 6746
System out line 6747
System out line 6748
System out line 6749
System out line 6750
System out line 6751
System out line 6752
System out line 6753
System out line 6754
System out line 6755
System out line 6756
System out line 6757
System out line 6758
System out line 6759
System out line 6760
System out line 6761
System out line 6762
System out line 6763
System out line 6764
System out line 6765
System out line 6766
System out line 6767
System out line 6768
System out line 6769
System out line 6770
System out line 6771
System out line 6772
System out line 6773
System out line 6774
System out line 6775
System out line 6776
System out line 6777
System out line 6778
System out line 6779
System out line 6780
System out line 6781
System out line 6782
System out line 6783
System out line 6784
System out line 6785
System out line 6786
System out line 6787
System out line 6788
System out line 6789
System out line 6790
System out line 6791
System out line 6792
System out line 6793
System out line 6794
System out line 6795
System out line 6796
System out line 6797
System out line 6798
System out line 6799
System out line 6800
System out line 6801
System out line 6802
System out line 6803
System out line 6804
System out line 6805
System out line 6806
System out line 6807
System out line 6808
System out line 6809
System out line 6810
System out line 6811
System out line 6812
System out line 6813
System out line 6814
System out line 6815
System out line 6816
System out line 6817
System out line 6818
System out line 6819
System out line 6820
System out line 6821
System out line 6822
System out line 6823
System out line 6824
System out line 6825
System out line 6826
System out line 6827
System out line 6828
System out line 6829
System out line 6830
System out line 6831
System out line 6832
System out line 6833
System out line 6834
System out line 6835
System out line 6836
System out line 6837
System out line 6838
System out line 6839
System out line 6840
System out line 6841
System out line 6842
System out line 6843
System out line 6844
System out line 6845
System out line 6846
System out line 6847
System out line 6848
System out line 6849
System out line 6850
System out line 6851
System out line 6852
System out line 6853
System out line 6854
System out line 6855
System out line 6856
System out line 6857
System out line 6858
System out line 6859
System out line 6860
System out line 6861
System out line 6862
System out line 6863
System out line 6864
System out line 6865
System out line 6866
System out line 6867
System out line 6868
System out line 6869
System out line 6870
System out line 6871
System out line 6872
System out line 6873
System out line 6874
System out line 6875
System out line 6876
System out line 6877
System out line 6878
System out line 6879
System out line 6880
System out line 6881
System out line 6882
System out line 6883
System out line 6884
System out line 6885
System out line 6886
System out line 6887
System out line 6888
System out line 6889
System out line 6890
System out line 6891
System out line 6892
System out line 6893
System out line 6894
System out line 6895
System out line 6896
System out line 6897
System out line 6898
System out line 6899
System out line 6900
System out line 6901
System out line 6902
System out line 6903
System out line 6904
System out line 6905
System out line 6906
System out line 6907
System out line 6908
System out line 6909
System out line 6910
System out line 6911
System out line 6912
System out line 6913
System out line 6914
System out line 6915
System out line 6916
System out line 6917
System out line 6918
System out line 6919
System out line 6920
System out line 6921
System out line 6922
System out line 6923
System out line 6924
System out line 6925
System out line 6926
System out line 6927
System out line 6928
System out line 6929
System out line 6930
System out line 6931
System out line 6932
System out line 6933
System out line 6934
System out line 6935
System out line 6936
System out line 6937
System out line 6938
System out line 6939
System out line 6940
System out line 6941
System out line 6942
System out line 6943
System out line 6944
System out line 6945
System out line 6946
System out line 6947
System out line 6948
System out line 6949
System out line 6950
System out line 6951
System out line 6952
System out line 6953
System out line 6954
System out line 6955
System out line 6956
System out line 6957
System out line 6958
System out line 6959
System out line 6960
System out line 6961
System out line 6962
System out line 6963
System out line 6964
System out line 6965
System out line 6966
System out line 6967
System out line 6968
System out line 6969
System out line 6970
System out line 6971
System out line 6972
System out line 6973
System out line 6974
System out line 6975
System out line 6976
System out line 6977
System out line 6978
System out line 6979
System out line 6980
System out line 6981
System out line 6982
System out line 6983
System out line 6984
System out line 6985
System out line 6986
System out line 6987
System out line 6988
System out line 6989
System out line 6990
System out line 6991
System out line 6992
System out line 6993
System out line 6994
System out line 6995
System out line 6996
System out line 6997
System out line 6998
System out line 6999
System out line 7000
System out line 7001
System out line 7002
System out line 7003
System out line 7004
System out line 7005
System out line 7006
System out line 7007
System out line 7008
System out line 7009
System out line 7010
System out line 7011
System out line 7012
System out line 7013
System out line 7014
System out line 7015
System out line 7016
System out line 7017
System out line 7018
System out line 7019
System out line 7020
System out line 7021
System out line 7022
System out line 7023
System out line 7024
System out line 7025
System out line 7026
System out line 7027
System out line 7028
System out line 7029
System out line 7030
System out line 7031
System out line 7032
System out line 7033
System out line 7034
System out line 7035
System out line 7036
System out line 7037
System out line 7038
System out line 7039
System out line 7040
System out line 7041
System out line 7042
System out line 7043
System out line 7044
System out line 7045
System out line 7046
System out line 7047
System out line 7048
System out line 7049
System out line 7050
System out line 7051
System out line 7052
System out line 7053
System out line 7054
System out line 7055
System out line 7056
System out line 7057
System out line 7058
System out line 7059
System out line 7060
System out line 7061
System out line 7062
System out line 7063
System out line 7064
System out line 7065
System out line 7066
System out line 7067
System out line 7068
System out line 7069
System out line 7070
System out line 7071
System out line 7072
System out line 7073
System out line 7074
System out line 7075
System out line 7076
System out line 7077
System out line 7078
System out line 7079
System out line 7080
System out line 7081
System out line 7082
System out line 7083
System out line 7084
System out line 7085
System out line 7086
System out line 7087
System out line 7088
System out line 7089
System out line 7090
System out line 7091
System out line 7092
System out line 7093
System out line 7094
System out line 7095
System out line 7096
System out line 7097
System out line 7098
System out line 7099
System out line 7100
System out line 7101
System out line 7102
System out line 7103
System out line 7104
System out line 7105
System out line 7106
System out line 7107
System out line 7108
System out line 7109
System out line 7110
System out line 7111
System out line 7112
System out line 7113
System out line 7114
System out line 7115
System out line 7116
System out line 7117
System out line 7118
System out line 7119
System out line 7120
System out line 7121
System out line 7122
System out line 7123
System out line 7124
System out line 7125
System out line 7126
System out line 7127
System out line 7128
System out line 7129
System out line 7130
System out line 7131
System out line 7132
System out line 7133
System out line 7134
System out line 7135
System out line 7136
System out line 7137
System out line 7138
System out line 7139
System out line 7140
System out line 7141
System out line 7142
System out line 7143
System out line 7144
System out line 7145
System out line 7146
System out line 7147
System out line 7148
System out line 7149
System out line 7150
System out line 7151
System out line 7152
System out line 7153
System out line 7154
System out line 7155
System out line 7156
System out line 7157
System out line 7158
System out line 7159
System out line 7160
System out line 7161
System out line 7162
System out line 7163
System out line 7164
System out line 7165
System out line 7166
System out line 7167
System out line 7168
System out line 7169
System out line 7170
System out line 7171
System out line 7172
System out line 7173
System out line 7174
System out line 7175
System out line 7176
System out line 7177
System out line 7178
System out line 7179
System out line 7180
System out line 7181
System out line 7182
System out line 7183
System out line 7184
System out line 7185
System out line 7186
System out line 7187
System out line 7188
System out line 7189
System out line 7190
System out line 7191
System out line 7192
System out line 7193
System out line 7194
System out line 7195
System out line 7196
System out line 7197
System out line 7198
System out line 7199
System out line 7200
System out line 7201
System out line 7202
System out line 7203
System out line 7204
System out line 7205
System out line 7206
System out line 7207
System out line 7208
System out line 7209
System out line 7210
System out line 7211
System out line 7212
System out line 7213
System out line 7214
System out line 7215
System out line 7216
System out line 7217
System out line 7218
System out line 7219
System out line 7220
System out line 7221
System out line 7222
System out line 7223
System out line 7224
System out line 7225
System out line 7226
System out line 7227
System out line 7228
System out line 7229
System out line 7230
System out line 7231
System out line 7232
System out line 7233
System out line 7234
System out line 7235
System out line 7236
System out line 7237
System out line 7238
System out line 7239
System out line 7240
System out line 7241
System out line 7242
System out line 7243
System out line 7244
System out line 7245
System out line 7246
System out line 7247
System out line 7248
System out line 7249
System out line 7250
System out line 7251
System out line 7252
System out line 7253
System out line 7254
System out line 7255
System out line 7256
System out line 7257
System out line 7258
System out line 7259
System out line 7260
System out line 7261
System out line 7262
System out line 7263
System out line 7264
System out line 7265
System out line 7266
System out line 7267
System out line 7268
System out line 7269
System out line 7270
System out line 7271
System out line 7272
System out line 7273
System out line 7274
System out line 7275
System out line 7276
System out line 7277
System out line 7278
System out line 7279
System out line 7280
System out line 7281
System out line 7282
System out line 7283
System out line 7284
System out line 7285
System out line 7286
System out line 7287
System out line 7288
System out line 7289
System out line 7290
System out line 7291
System out line 7292
System out line 7293
System out line 7294
System out line 7295
System out line 7296
System out line 7297
System out line 7298
System out line 7299
System out line 7300
System out line 7301
System out line 7302
System out line 7303
System out line 7304
System out line 7305
System out line 7306
System out line 7307
System out line 7308
System out line 7309
System out line 7310
System out line 7311
System out line 7312
System out line 7313
System out line 7314
System out line 7315
System out line 7316
System out line 7317
System out line 7318
System out line 7319
System out line 7320
System out line 7321
System out line 7322
System out line 7323
System out line 7324
System out line 7325
System out line 7326
System out line 7327
System out line 7328
System out line 7329
System out line 7330
System out line 7331
System out line 7332
System out line 7333
System out line 7334
System out line 7335
System out line 7336
System out line 7337
System out line 7338
System out line 7339
System out line 7340
System out line 7341
System out line 7342
System out line 7343
System out line 7344
System out line 7345
System out line 7346
System out line 7347
System out line 7348
System out line 7349
System out line 7350
System out line 7351
System out line 7352
System out line 7353
System out line 7354
System out line 7355
System out line 7356
System out line 7357
System out line 7358
System out line 7359
System out line 7360
System out line 7361
System out line 7362
System out line 7363
System out line 7364
System out line 7365
System out line 7366
System out line 7367
System out line 7368
System out line 7369
System out line 7370
System out line 7371
System out line 7372
System out line 7373
System out line 7374
System out line 7375
System out line 7376
System out line 7377
System out line 7378
System out line 7379
System out line 7380
System out line 7381
System out line 7382
System out line 7383
System out line 7384
System out line 7385
System out line 7386
System out line 7387
System out line 7388
System out line 7389
System out line 7390
System out line 7391
System out line 7392
System out line 7393
System out line 7394
System out line 7395
System out line 7396
System out line 7397
System out line 7398
System out line 7399
System out line 7400
System out line 7401
System out line 7402
System out line 7403
System out line 7404
System out line 7405
System out line 7406
System out line 7407
System out line 7408
System out line 7409
System out line 7410
System out line 7411
System out line 7412
System out line 7413
System out line 7414
System out line 7415
System out line 7416
System out line 7417
System out line 7418
System out line 7419
System out line 7420
System out line 7421
System out line 7422
System out line 7423
System out line 7424
System out line 7425
System out line 7426
System out line 7427
System out line 7428
System out line 7429
System out line 7430
System out line 7431
System out line 7432
System out line 7433
System out line 7434
System out line 7435
System out line 7436
System out line 7437
System out line 7438
System out line 7439
System out line 7440
System out line 7441
System out line 7442
System out line 7443
System out line 7444
System out line 7445
System out line 7446
System out line 7447
System out line 7448
System out line 7449
System out line 7450
System out line 7451
System out line 7452
System out line 7453
System out line 7454
System out line 7455
System out line 7456
System out line 7457
System out line 7458
System out line 7459
System out line 7460
System out line 7461
System out line 7462
System out line 7463
System out line 7464
System out line 7465
System out line 7466
System out line 7467
System out line 7468
System out line 7469
System out line 7470
System out line 7471
System out line 7472
System out line 7473
System out line 7474
System out line 7475
System out line 7476
System out line 7477
System out line 7478
System out line 7479
System out line 7480
System out line 7481
System out line 7482
System out line 7483
System out line 7484
System out line 7485
System out line 7486
System out line 7487
System out line 7488
System out line 7489
System out line 7490
System out line 7491
System out line 7492
System out line 7493
System out line 7494
System out line 7495
System out line 7496
System out line 7497
System out line 7498
System out line 7499
System out line 7500
System out line 7501
System out line 7502
System out line 7503
System out line 7504
System out line 7505
System out line 7506
System out line 7507
System out line 7508
System out line 7509
System out line 7510
System out line 7511
System out line 7512
System out line 7513
System out line 7514
System out line 7515
System out line 7516
System out line 7517
System out line 7518
System out line 7519
System out line 7520
System out line 7521
System out line 7522
System out line 7523
System out line 7524
System out line 7525
System out line 7526
System out line 7527
System out line 7528
System out line 7529
System out line 7530
System out line 7531
System out line 7532
System out line 7533
System out line 7534
System out line 7535
System out line 7536
System out line 7537
System out line 7538
System out line 7539
System out line 7540
System out line 7541
System out line 7542
System out line 7543
System out line 7544
System out line 7545
System out line 7546
System out line 7547
System out line 7548
System out line 7549
System out line 7550
System out line 7551
System out line 7552
System out line 7553
System out line 7554
System out line 7555
System out line 7556
System out line 7557
System out line 7558
System out line 7559
System out line 7560
System out line 7561
System out line 7562
System out line 7563
System out line 7564
System out line 7565
System out line 7566
System out line 7567
System out line 7568
System out line 7569
System out line 7570
System out line 7571
System out line 7572
System out line 7573
System out line 7574
System out line 7575
System out line 7576
System out line 7577
System out line 7578
System out line 7579
System out line 7580
System out line 7581
System out line 7582
System out line 7583
System out line 7584
System out line 7585
System out line 7586
System out line 7587
System out line 7588
System out line 7589
System out line 7590
System out line 7591
System out line 7592
System out line 7593
System out line 7594
System out line 7595
System out line 7596
System out line 7597
System out line 7598
System out line 7599
System out line 7600
System out line 7601
System out line 7602
System out line 7603
System out line 7604
System out line 7605
System out line 7606
System out line 7607
System out line 7608
System out line 7609
System out line 7610
System out line 7611
System out line 7612
System out line 7613
System out line 7614
System out line 7615
System out line 7616
System out line 7617
System out line 7618
System out line 7619
System out line 7620
System out line 7621
System out line 7622
System out line 7623
System out line 7624
System out line 7625
System out line 7626
System out line 7627
System out line 7628
System out line 7629
System out line 7630
System out line 7631
System out line 7632
System out line 7633
System out line 7634
System out line 7635
System out line 7636
System out line 7637
System out line 7638
System out line 7639
System out line 7640
System out line 7641
System out line 7642
System out line 7643
System out line 7644
System out line 7645
System out line 7646
System out line 7647
System out line 7648
System out line 7649
System out line 7650
System out line 7651
System out line 7652
System out line 7653
System out line 7654
System out line 7655
System out line 7656
System out line 7657
System out line 7658
System out line 7659
System out line 7660
System out line 7661
System out line 7662
System out line 7663
System out line 7664
System out line 7665
System out line 7666
System out line 7667
System out line 7668
System out line 7669
System out line 7670
System out line 7671
System out line 7672
System out line 7673
System out line 7674
System out line 7675
System out line 7676
System out line 7677
System out line 7678
System out line 7679
System out line 7680
System out line 7681
System out line 7682
System out line 7683
System out line 7684
System out line 7685
System out line 7686
System out line 7687
System out line 7688
System out line 7689
System out line 7690
System out line 7691
System out line 7692
System out line 7693
System out line 7694
System out line 7695
System out line 7696
System out line 7697
System out line 7698
System out line 7699
System out line 7700
System out line 7701
System out line 7702
System out line 7703
System out line 7704
System out line 7705
System out line 7706
System out line 7707
System out line 7708
System out line 7709
System out line 7710
System out line 7711
System out line 7712
System out line 7713
System out line 7714
System out line 7715
System out line 7716
System out line 7717
System out line 7718
System out line 7719
System out line 7720
System out line 7721
System out line 7722
System out line 7723
System out line 7724
System out line 7725
System out line 7726
System out line 7727
System out line 7728
System out line 7729
System out line 7730
System out line 7731
System out line 7732
System out line 7733
System out line 7734
System out line 7735
System out line 7736
System out line 7737
System out line 7738
System out line 7739
System out line 7740
System out line 7741
System out line 7742
System out line 7743
System out line 7744
System out line 7745
System out line 7746
System out line 7747
System out line 7748
System out line 7749
System out line 7750
System out line 7751
System out line 7752
System out line 7753
System out line 7754
System out line 7755
System out line 7756
System out line 7757
System out line 7758
System out line 7759
System out line 7760
System out line 7761
System out line 7762
System out line 7763
System out line 7764
System out line 7765
System out line 7766
System out line 7767
System out line 7768
System out line 7769
System out line 7770
System out line 7771
System out line 7772
System out line 7773
System out line 7774
System out line 7775
System out line 7776
System out line 7777
System out line 7778
System out line 7779
System out line 7780
System out line 7781
System out line 7782
System out line 7783
System out line 7784
System out line 7785
System out line 7786
System out line 7787
System out line 7788
System out line 7789
System out line 7790
System out line 7791
System out line 7792
System out line 7793
System out line 7794
System out line 7795
System out line 7796
System out line 7797
System out line 7798
System out line 7799
System out line 7800
System out line 7801
System out line 7802
System out line 7803
System out line 7804
System out line 7805
System out line 7806
System out line 7807
System out line 7808
System out line 7809
System out line 7810
System out line 7811
System out line 7812
System out line 7813
System out line 7814
System out line 7815
System out line 7816
System out line 7817
System out line 7818
System out line 7819
System out line 7820
System out line 7821
System out line 7822
System out line 7823
System out line 7824
System out line 7825
System out line 7826
System out line 7827
System out line 7828
System out line 7829
System out line 7830
System out line 7831
System out line 7832
System out line 7833
System out line 7834
System out line 7835
System out line 7836
System out line 7837
System out line 7838
System out line 7839
System out line 7840
System out line 7841
System out line 7842
System out line 7843
System out line 7844
System out line 7845
System out line 7846
System out line 7847
System out line 7848
System out line 7849
System out line 7850
System out line 7851
System out line 7852
System out line 7853
System out line 7854
System out line 7855
System out line 7856
System out line 7857
System out line 7858
System out line 7859
System out line 7860
System out line 7861
System out line 7862
System out line 7863
System out line 7864
System out line 7865
System out line 7866
System out line 7867
System out line 7868
System out line 7869
System out line 7870
System out line 7871
System out line 7872
System out line 7873
System out line 7874
System out line 7875
System out line 7876
System out line 7877
System out line 7878
System out line 7879
System out line 7880
System out line 7881
System out line 7882
System out line 7883
System out line 7884
System out line 7885
System out line 7886
System out line 7887
System out line 7888
System out line 7889
System out line 7890
System out line 7891
System out line 7892
System out line 7893
System out line 7894
System out line 7895
System out line 7896
System out line 7897
System out line 7898
System out line 7899
System out line 7900
System out line 7901
System out line 7902
System out line 7903
System out line 7904
System out line 7905
System out line 7906
System out line 7907
System out line 7908
System out line 7909
System out line 7910
System out line 7911
System out line 7912
System out line 7913
System out line 7914
System out line 7915
System out line 7916
System out line 7917
System out line 7918
System out line 7919
System out line 7920
System out line 7921
System out line 7922
System out line 7923
System out line 7924
System out line 7925
System out line 7926
System out line 7927
System out line 7928
System out line 7929
System out line 7930
System out line 7931
System out line 7932
System out line 7933
System out line 7934
System out line 7935
System out line 7936
System out line 7937
System out line 7938
System out line 7939
System out line 7940
System out line 7941
System out line 7942
System out line 7943
System out line 7944
System out line 7945
System out line 7946
System out line 7947
System out line 7948
System out line 7949
System out line 7950
System out line 7951
System out line 7952
System out line 7953
System out line 7954
System out line 7955
System out line 7956
System out line 7957
System out line 7958
System out line 7959
System out line 7960
System out line 7961
System out line 7962
System out line 7963
System out line 7964
System out line 7965
System out line 7966
System out line 7967
System out line 7968
System out line 7969
System out line 7970
System out line 7971
System out line 7972
System out line 7973
System out line 7974
System out line 7975
System out line 7976
System out line 7977
System out line 7978
System out line 7979
System out line 7980
System out line 7981
System out line 7982
System out line 7983
System out line 7984
System out line 7985
System out line 7986
System out line 7987
System out line 7988
System out line 7989
System out line 7990
System out line 7991
System out line 7992
System out line 7993
System out line 7994
System out line 7995
System out line 7996
System out line 7997
System out line 7998
System out line 7999
System out line 8000
System out line 8001
System out line 8002
System out line 8003
System out line 8004
System out line 8005
System out line 8006
System out line 8007
System out line 8008
System out line 8009
System out line 8010
System out line 8011
System out line 8012
System out line 8013
System out line 8014
System out line 8015
System out line 8016
System out line 8017
System out line 8018
System out line 8019
System out line 8020
System out line 8021
System out line 8022
System out line 8023
System out line 8024
System out line 8025
System out line 8026
System out line 8027
System out line 8028
System out line 8029
System out line 8030
System out line 8031
System out line 8032
System out line 8033
System out line 8034
System out line 8035
System out line 8036
System out line 8037
System out line 8038
System out line 8039
System out line 8040
System out line 8041
System out line 8042
System out line 8043
System out line 8044
System out line 8045
System out line 8046
System out line 8047
System out line 8048
System out line 8049
System out line 8050
System out line 8051
System out line 8052
System out line 8053
System out line 8054
System out line 8055
System out line 8056
System out line 8057
System out line 8058
System out line 8059
System out line 8060
System out line 8061
System out line 8062
System out line 8063
System out line 8064
System out line 8065
System out line 8066
System out line 8067
System out line 8068
System out line 8069
System out line 8070
System out line 8071
System out line 8072
System out line 8073
System out line 8074
System out line 8075
System out line 8076
System out line 8077
System out line 8078
System out line 8079
System out line 8080
System out line 8081
System out line 8082
System out line 8083
System out line 8084
System out line 8085
System out line 8086
System out line 8087
System out line 8088
System out line 8089
System out line 8090
System out line 8091
System out line 8092
System out line 8093
System out line 8094
System out line 8095
System out line 8096
System out line 8097
System out line 8098
System out line 8099
System out line 8100
System out line 8101
System out line 8102
System out line 8103
System out line 8104
System out line 8105
System out line 8106
System out line 8107
System out line 8108
System out line 8109
System out line 8110
System out line 8111
System out line 8112
System out line 8113
System out line 8114
System out line 8115
System out line 8116
System out line 8117
System out line 8118
System out line 8119
System out line 8120
System out line 8121
System out line 8122
System out line 8123
System out line 8124
System out line 8125
System out line 8126
System out line 8127
System out line 8128
System out line 8129
System out line 8130
System out line 8131
System out line 8132
System out line 8133
System out line 8134
System out line 8135
System out line 8136
System out line 8137
System out line 8138
System out line 8139
System out line 8140
System out line 8141
System out line 8142
System out line 8143
System out line 8144
System out line 8145
System out line 8146
System out line 8147
System out line 8148
System out line 8149
System out line 8150
System out line 8151
System out line 8152
System out line 8153
System out line 8154
System out line 8155
System out line 8156
System out line 8157
System out line 8158
System out line 8159
System out line 8160
System out line 8161
System out line 8162
System out line 8163
System out line 8164
System out line 8165
System out line 8166
System out line 8167
System out line 8168
System out line 8169
System out line 8170
System out line 8171
System out line 8172
System out line 8173
System out line 8174
System out line 8175
System out line 8176
System out line 8177
System out line 8178
System out line 8179
System out line 8180
System out line 8181
System out line 8182
System out line 8183
System out line 8184
System out line 8185
System out line 8186
System out line 8187
System out line 8188
System out line 8189
System out line 8190
System out line 8191
System out line 8192
System out line 8193
System out line 8194
System out line 8195
System out line 8196
System out line 8197
System out line 8198
System out line 8199
System out line 8200
System out line 8201
System out line 8202
System out line 8203
System out line 8204
System out line 8205
System out line 8206
System out line 8207
System out line 8208
System out line 8209
System out line 8210
System out line 8211
System out line 8212
System out line 8213
System out line 8214
System out line 8215
System out line 8216
System out line 8217
System out line 8218
System out line 8219
System out line 8220
System out line 8221
System out line 8222
System out line 8223
System out line 8224
System out line 8225
System out line 8226
System out line 8227
System out line 8228
System out line 8229
System out line 8230
System out line 8231
System out line 8232
System out line 8233
System out line 8234
System out line 8235
System out line 8236
System out line 8237
System out line 8238
System out line 8239
System out line 8240
System out line 8241
System out line 8242
System out line 8243
System out line 8244
System out line 8245
System out line 8246
System out line 8247
System out line 8248
System out line 8249
System out line 8250
System out line 8251
System out line 8252
System out line 8253
System out line 8254
System out line 8255
System out line 8256
System out line 8257
System out line 8258
System out line 8259
System out line 8260
System out line 8261
System out line 8262
System out line 8263
System out line 8264
System out line 8265
System out line 8266
System out line 8267
System out line 8268
System out line 8269
System out line 8270
System out line 8271
System out line 8272
System out line 8273
System out line 8274
System out line 8275
System out line 8276
System out line 8277
System out line 8278
System out line 8279
System out line 8280
System out line 8281
System out line 8282
System out line 8283
System out line 8284
System out line 8285
System out line 8286
System out line 8287
System out line 8288
System out line 8289
System out line 8290
System out line 8291
System out line 8292
System out line 8293
System out line 8294
System out line 8295
System out line 8296
System out line 8297
System out line 8298
System out line 8299
System out line 8300
System out line 8301
System out line 8302
System out line 8303
System out line 8304
System out line 8305
System out line 8306
System out line 8307
System out line 8308
System out line 8309
System out line 8310
System out line 8311
System out line 8312
System out line 8313
System out line 8314
System out line 8315
System out line 8316
System out line 8317
System out line 8318
System out line 8319
System out line 8320
System out line 8321
System out line 8322
System out line 8323
System out line 8324
System out line 8325
System out line 8326
System out line 8327
System out line 8328
System out line 8329
System out line 8330
System out line 8331
System out line 8332
System out line 8333
System out line 8334
System out line 8335
System out line 8336
System out line 8337
System out line 8338
System out line 8339
System out line 8340
System out line 8341
System out line 8342
System out line 8343
System out line 8344
System out line 8345
System out line 8346
System out line 8347
System out line 8348
System out line 8349
System out line 8350
System out line 8351
System out line 8352
System out line 8353
System out line 8354
System out line 8355
System out line 8356
System out line 8357
System out line 8358
System out line 8359
System out line 8360
System out line 8361
System out line 8362
System out line 8363
System out line 8364
System out line 8365
System out line 8366
System out line 8367
System out line 8368
System out line 8369
System out line 8370
System out line 8371
System out line 8372
System out line 8373
System out line 8374
System out line 8375
System out line 8376
System out line 8377
System out line 8378
System out line 8379
System out line 8380
System out line 8381
System out line 8382
System out line 8383
System out line 8384
System out line 8385
System out line 8386
System out line 8387
System out line 8388
System out line 8389
System out line 8390
System out line 8391
System out line 8392
System out line 8393
System out line 8394
System out line 8395
System out line 8396
System out line 8397
System out line 8398
System out line 8399
System out line 8400
System out line 8401
System out line 8402
System out line 8403
System out line 8404
System out line 8405
System out line 8406
System out line 8407
System out line 8408
System out line 8409
System out line 8410
System out line 8411
System out line 8412
System out line 8413
System out line 8414
System out line 8415
System out line 8416
System out line 8417
System out line 8418
System out line 8419
System out line 8420
System out line 8421
System out line 8422
System out line 8423
System out line 8424
System out line 8425
System out line 8426
System out line 8427
System out line 8428
System out line 8429
System out line 8430
System out line 8431
System out line 8432
System out line 8433
System out line 8434
System out line 8435
System out line 8436
System out line 8437
System out line 8438
System out line 8439
System out line 8440
System out line 8441
System out line 8442
System out line 8443
System out line 8444
System out line 8445
System out line 8446
System out line 8447
System out line 8448
System out line 8449
System out line 8450
System out line 8451
System out line 8452
System out line 8453
System out line 8454
System out line 8455
System out line 8456
System out line 8457
System out line 8458
System out line 8459
System out line 8460
System out line 8461
System out line 8462
System out line 8463
System out line 8464
System out line 8465
System out line 8466
System out line 8467
System out line 8468
System out line 8469
System out line 8470
System out line 8471
System out line 8472
System out line 8473
System out line 8474
System out line 8475
System out line 8476
System out line 8477
System out line 8478
System out line 8479
System out line 8480
System out line 8481
System out line 8482
System out line 8483
System out line 8484
System out line 8485
System out line 8486
System out line 8487
System out line 8488
System out line 8489
System out line 8490
System out line 8491
System out line 8492
System out line 8493
System out line 8494
System out line 8495
System out line 8496
System out line 8497
System out line 8498
System out line 8499
System out line 8500
System out line 8501
System out line 8502
System out line 8503
System out line 8504
System out line 8505
System out line 8506
System out line 8507
System out line 8508
System out line 8509
System out line 8510
System out line 8511
System out line 8512
System out line 8513
System out line 8514
System out line 8515
System out line 8516
System out line 8517
System out line 8518
System out line 8519
System out line 8520
System out line 8521
System out line 8522
System out line 8523
System out line 8524
System out line 8525
System out line 8526
System out line 8527
System out line 8528
System out line 8529
System out line 8530
System out line 8531
System out line 8532
System out line 8533
System out line 8534
System out line 8535
System out line 8536
System out line 8537
System out line 8538
System out line 8539
System out line 8540
System out line 8541
System out line 8542
System out line 8543
System out line 8544
System out line 8545
System out line 8546
System out line 8547
System out line 8548
System out line 8549
System out line 8550
System out line 8551
System out line 8552
System out line 8553
System out line 8554
System out line 8555
System out line 8556
System out line 8557
System out line 8558
System out line 8559
System out line 8560
System out line 8561
System out line 8562
System out line 8563
System out line 8564
System out line 8565
System out line 8566
System out line 8567
System out line 8568
System out line 8569
System out line 8570
System out line 8571
System out line 8572
System out line 8573
System out line 8574
System out line 8575
System out line 8576
System out line 8577
System out line 8578
System out line 8579
System out line 8580
System out line 8581
System out line 8582
System out line 8583
System out line 8584
System out line 8585
System out line 8586
System out line 8587
System out line 8588
System out line 8589
System out line 8590
System out line 8591
System out line 8592
System out line 8593
System out line 8594
System out line 8595
System out line 8596
System out line 8597
System out line 8598
System out line 8599
System out line 8600
System out line 8601
System out line 8602
System out line 8603
System out line 8604
System out line 8605
System out line 8606
System out line 8607
System out line 8608
System out line 8609
System out line 8610
System out line 8611
System out line 8612
System out line 8613
System out line 8614
System out line 8615
System out line 8616
System out line 8617
System out line 8618
System out line 8619
System out line 8620
System out line 8621
System out line 8622
System out line 8623
System out line 8624
System out line 8625
System out line 8626
System out line 8627
System out line 8628
System out line 8629
System out line 8630
System out line 8631
System out line 8632
System out line 8633
System out line 8634
System out line 8635
System out line 8636
System out line 8637
System out line 8638
System out line 8639
System out line 8640
System out line 8641
System out line 8642
System out line 8643
System out line 8644
System out line 8645
System out line 8646
System out line 8647
System out line 8648
System out line 8649
System out line 8650
System out line 8651
System out line 8652
System out line 8653
System out line 8654
System out line 8655
System out line 8656
System out line 8657
System out line 8658
System out line 8659
System out line 8660
System out line 8661
System out line 8662
System out line 8663
System out line 8664
System out line 8665
System out line 8666
System out line 8667
System out line 8668
System out line 8669
System out line 8670
System out line 8671
System out line 8672
System out line 8673
System out line 8674
System out line 8675
System out line 8676
System out line 8677
System out line 8678
System out line 8679
System out line 8680
System out line 8681
System out line 8682
System out line 8683
System out line 8684
System out line 8685
System out line 8686
System out line 8687
System out line 8688
System out line 8689
System out line 8690
System out line 8691
System out line 8692
System out line 8693
System out line 8694
System out line 8695
System out line 8696
System out line 8697
System out line 8698
System out line 8699
System out line 8700
System out line 8701
System out line 8702
System out line 8703
System out line 8704
System out line 8705
System out line 8706
System out line 8707
System out line 8708
System out line 8709
System out line 8710
System out line 8711
System out line 8712
System out line 8713
System out line 8714
System out line 8715
System out line 8716
System out line 8717
System out line 8718
System out line 8719
System out line 8720
System out line 8721
System out line 8722
System out line 8723
System out line 8724
System out line 8725
System out line 8726
System out line 8727
System out line 8728
System out line 8729
System out line 8730
System out line 8731
System out line 8732
System out line 8733
System out line 8734
System out line 8735
System out line 8736
System out line 8737
System out line 8738
System out line 8739
System out line 8740
System out line 8741
System out line 8742
System out line 8743
System out line 8744
System out line 8745
System out line 8746
System out line 8747
System out line 8748
System out line 8749
System out line 8750
System out line 8751
System out line 8752
System out line 8753
System out line 8754
System out line 8755
System out line 8756
System out line 8757
System out line 8758
System out line 8759
System out line 8760
System out line 8761
System out line 8762
System out line 8763
System out line 8764
System out line 8765
System out line 8766
System out line 8767
System out line 8768
System out line 8769
System out line 8770
System out line 8771
System out line 8772
System out line 8773
System out line 8774
System out line 8775
System out line 8776
System out line 8777
System out line 8778
System out line 8779
System out line 8780
System out line 8781
System out line 8782
System out line 8783
System out line 8784
System out line 8785
System out line 8786
System out line 8787
System out line 8788
System out line 8789
System out line 8790
System out line 8791
System out line 8792
System out line 8793
System out line 8794
System out line 8795
System out line 8796
System out line 8797
System out line 8798
System out line 8799
System out line 8800
System out line 8801
System out line 8802
System out line 8803
System out line 8804
System out line 8805
System out line 8806
System out line 8807
System out line 8808
System out line 8809
System out line 8810
System out line 8811
System out line 8812
System out line 8813
System out line 8814
System out line 8815
System out line 8816
System out line 8817
System out line 8818
System out line 8819
System out line 8820
System out line 8821
System out line 8822
System out line 8823
System out line 8824
System out line 8825
System out line 8826
System out line 8827
System out line 8828
System out line 8829
System out line 8830
System out line 8831
System out line 8832
System out line 8833
System out line 8834
System out line 8835
System out line 8836
System out line 8837
System out line 8838
System out line 8839
System out line 8840
System out line 8841
System out line 8842
System out line 8843
System out line 8844
System out line 8845
System out line 8846
System out line 8847
System out line 8848
System out line 8849
System out line 8850
System out line 8851
System out line 8852
System out line 8853
System out line 8854
System out line 8855
System out line 8856
System out line 8857
System out line 8858
System out line 8859
System out line 8860
System out line 8861
System out line 8862
System out line 8863
System out line 8864
System out line 8865
System out line 8866
System out line 8867
System out line 8868
System out line 8869
System out line 8870
System out line 8871
System out line 8872
System out line 8873
System out line 8874
System out line 8875
System out line 8876
System out line 8877
System out line 8878
System out line 8879
System out line 8880
System out line 8881
System out line 8882
System out line 8883
System out line 8884
System out line 8885
System out line 8886
System out line 8887
System out line 8888
System out line 8889
System out line 8890
System out line 8891
System out line 8892
System out line 8893
System out line 8894
System out line 8895
System out line 8896
System out line 8897
System out line 8898
System out line 8899
System out line 8900
System out line 8901
System out line 8902
System out line 8903
System out line 8904
System out line 8905
System out line 8906
System out line 8907
System out line 8908
System out line 8909
System out line 8910
System out line 8911
System out line 8912
System out line 8913
System out line 8914
System out line 8915
System out line 8916
System out line 8917
System out line 8918
System out line 8919
System out line 8920
System out line 8921
System out line 8922
System out line 8923
System out line 8924
System out line 8925
System out line 8926
System out line 8927
System out line 8928
System out line 8929
System out line 8930
System out line 8931
System out line 8932
System out line 8933
System out line 8934
System out line 8935
System out line 8936
System out line 8937
System out line 8938
System out line 8939
System out line 8940
System out line 8941
System out line 8942
System out line 8943
System out line 8944
System out line 8945
System out line 8946
System out line 8947
System out line 8948
System out line 8949
System out line 8950
System out line 8951
System out line 8952
System out line 8953
System out line 8954
System out line 8955
System out line 8956
System out line 8957
System out line 8958
System out line 8959
System out line 8960
System out line 8961
System out line 8962
System out line 8963
System out line 8964
System out line 8965
System out line 8966
System out line 8967
System out line 8968
System out line 8969
System out line 8970
System out line 8971
System out line 8972
System out line 8973
System out line 8974
System out line 8975
System out line 8976
System out line 8977
System out line 8978
System out line 8979
System out line 8980
System out line 8981
System out line 8982
System out line 8983
System out line 8984
System out line 8985
System out line 8986
System out line 8987
System out line 8988
System out line 8989
System out line 8990
System out line 8991
System out line 8992
System out line 8993
System out line 8994
System out line 8995
System out line 8996
System out line 8997
System out line 8998
System out line 8999
System out line 9000
System out line 9001
System out line 9002
System out line 9003
System out line 9004
System out line 9005
System out line 9006
System out line 9007
System out line 9008
System out line 9009
System out line 9010
System out line 9011
System out line 9012
System out line 9013
System out line 9014
System out line 9015
System out line 9016
System out line 9017
System out line 9018
System out line 9019
System out line 9020
System out line 9021
System out line 9022
System out line 9023
System out line 9024
System out line 9025
System out line 9026
System out line 9027
System out line 9028
System out line 9029
System out line 9030
System out line 9031
System out line 9032
System out line 9033
System out line 9034
System out line 9035
System out line 9036
System out line 9037
System out line 9038
System out line 9039
System out line 9040
System out line 9041
System out line 9042
System out line 9043
System out line 9044
System out line 9045
System out line 9046
System out line 9047
System out line 9048
System out line 9049
System out line 9050
System out line 9051
System out line 9052
System out line 9053
System out line 9054
System out line 9055
System out line 9056
System out line 9057
System out line 9058
System out line 9059
System out line 9060
System out line 9061
System out line 9062
System out line 9063
System out line 9064
System out line 9065
System out line 9066
System out line 9067
System out line 9068
System out line 9069
System out line 9070
System out line 9071
System out line 9072
System out line 9073
System out line 9074
System out line 9075
System out line 9076
System out line 9077
System out line 9078
System out line 9079
System out line 9080
System out line 9081
System out line 9082
System out line 9083
System out line 9084
System out line 9085
System out line 9086
System out line 9087
System out line 9088
System out line 9089
System out line 9090
System out line 9091
System out line 9092
System out line 9093
System out line 9094
System out line 9095
System out line 9096
System out line 9097
System out line 9098
System out line 9099
System out line 9100
System out line 9101
System out line 9102
System out line 9103
System out line 9104
System out line 9105
System out line 9106
System out line 9107
System out line 9108
System out line 9109
System out line 9110
System out line 9111
System out line 9112
System out line 9113
System out line 9114
System out line 9115
System out line 9116
System out line 9117
System out line 9118
System out line 9119
System out line 9120
System out line 9121
System out line 9122
System out line 9123
System out line 9124
System out line 9125
System out line 9126
System out line 9127
System out line 9128
System out line 9129
System out line 9130
System out line 9131
System out line 9132
System out line 9133
System out line 9134
System out line 9135
System out line 9136
System out line 9137
System out line 9138
System out line 9139
System out line 9140
System out line 9141
System out line 9142
System out line 9143
System out line 9144
System out line 9145
System out line 9146
System out line 9147
System out line 9148
System out line 9149
System out line 9150
System out line 9151
System out line 9152
System out line 9153
System out line 9154
System out line 9155
System out line 9156
System out line 9157
System out line 9158
System out line 9159
System out line 9160
System out line 9161
System out line 9162
System out line 9163
System out line 9164
System out line 9165
System out line 9166
System out line 9167
System out line 9168
System out line 9169
System out line 9170
System out line 9171
System out line 9172
System out line 9173
System out line 9174
System out line 9175
System out line 9176
System out line 9177
System out line 9178
System out line 9179
System out line 9180
System out line 9181
System out line 9182
System out line 9183
System out line 9184
System out line 9185
System out line 9186
System out line 9187
System out line 9188
System out line 9189
System out line 9190
System out line 9191
System out line 9192
System out line 9193
System out line 9194
System out line 9195
System out line 9196
System out line 9197
System out line 9198
System out line 9199
System out line 9200
System out line 9201
System out line 9202
System out line 9203
System out line 9204
System out line 9205
System out line 9206
System out line 9207
System out line 9208
System out line 9209
System out line 9210
System out line 9211
System out line 9212
System out line 9213
System out line 9214
System out line 9215
System out line 9216
System out line 9217
System out line 9218
System out line 9219
System out line 9220
System out line 9221
System out line 9222
System out line 9223
System out line 9224
System out line 9225
System out line 9226
System out line 9227
System out line 9228
System out line 9229
System out line 9230
System out line 9231
System out line 9232
System out line 9233
System out line 9234
System out line 9235
System out line 9236
System out line 9237
System out line 9238
System out line 9239
System out line 9240
System out line 9241
System out line 9242
System out line 9243
System out line 9244
System out line 9245
System out line 9246
System out line 9247
System out line 9248
System out line 9249
System out line 9250
System out line 9251
System out line 9252
System out line 9253
System out line 9254
System out line 9255
System out line 9256
System out line 9257
System out line 9258
System out line 9259
System out line 9260
System out line 9261
System out line 9262
System out line 9263
System out line 9264
System out line 9265
System out line 9266
System out line 9267
System out line 9268
System out line 9269
System out line 9270
System out line 9271
System out line 9272
System out line 9273
System out line 9274
System out line 9275
System out line 9276
System out line 9277
System out line 9278
System out line 9279
System out line 9280
System out line 9281
System out line 9282
System out line 9283
System out line 9284
System out line 9285
System out line 9286
System out line 9287
System out line 9288
System out line 9289
System out line 9290
System out line 9291
System out line 9292
System out line 9293
System out line 9294
System out line 9295
System out line 9296
System out line 9297
System out line 9298
System out line 9299
System out line 9300
System out line 9301
System out line 9302
System out line 9303
System out line 9304
System out line 9305
System out line 9306
System out line 9307
System out line 9308
System out line 9309
System out line 9310
System out line 9311
System out line 9312
System out line 9313
System out line 9314
System out line 9315
System out line 9316
System out line 9317
System out line 9318
System out line 9319
System out line 9320
System out line 9321
System out line 9322
System out line 9323
System out line 9324
System out line 9325
System out line 9326
System out line 9327
System out line 9328
System out line 9329
System out line 9330
System out line 9331
System out line 9332
System out line 9333
System out line 9334
System out line 9335
System out line 9336
System out line 9337
System out line 9338
System out line 9339
System out line 9340
System out line 9341
System out line 9342
System out line 9343
System out line 9344
System out line 9345
System out line 9346
System out line 9347
System out line 9348
System out line 9349
System out line 9350
System out line 9351
System out line 9352
System out line 9353
System out line 9354
System out line 9355
System out line 9356
System out line 9357
System out line 9358
System out line 9359
System out line 9360
System out line 9361
System out line 9362
System out line 9363
System out line 9364
System out line 9365
System out line 9366
System out line 9367
System out line 9368
System out line 9369
System out line 9370
System out line 9371
System out line 9372
System out line 9373
System out line 9374
System out line 9375
System out line 9376
System out line 9377
System out line 9378
System out line 9379
System out line 9380
System out line 9381
System out line 9382
System out line 9383
System out line 9384
System out line 9385
System out line 9386
System out line 9387
System out line 9388
System out line 9389
System out line 9390
System out line 9391
System out line 9392
System out line 9393
System out line 9394
System out line 9395
System out line 9396
System out line 9397
System out line 9398
System out line 9399
System out line 9400
System out line 9401
System out line 9402
System out line 9403
System out line 9404
System out line 9405
System out line 9406
System out line 9407
System out line 9408
System out line 9409
System out line 9410
System out line 9411
System out line 9412
System out line 9413
System out line 9414
System out line 9415
System out line 9416
System out line 9417
System out line 9418
System out line 9419
System out line 9420
System out line 9421
System out line 9422
System out line 9423
System out line 9424
System out line 9425
System out line 9426
System out line 9427
System out line 9428
System out line 9429
System out line 9430
System out line 9431
System out line 9432
System out line 9433
System out line 9434
System out line 9435
System out line 9436
System out line 9437
System out line 9438
System out line 9439
System out line 9440
System out line 9441
System out line 9442
System out line 9443
System out line 9444
System out line 9445
System out line 9446
System out line 9447
System out line 9448
System out line 9449
System out line 9450
System out line 9451
System out line 9452
System out line 9453
System out line 9454
System out line 9455
System out line 9456
System out line 9457
System out line 9458
System out line 9459
System out line 9460
System out line 9461
System out line 9462
System out line 9463
System out line 9464
System out line 9465
System out line 9466
System out line 9467
System out line 9468
System out line 9469
System out line 9470
System out line 9471
System out line 9472
System out line 9473
System out line 9474
System out line 9475
System out line 9476
System out line 9477
System out line 9478
System out line 9479
System out line 9480
System out line 9481
System out line 9482
System out line 9483
System out line 9484
System out line 9485
System out line 9486
System out line 9487
System out line 9488
System out line 9489
System out line 9490
System out line 9491
System out line 9492
System out line 9493
System out line 9494
System out line 9495
System out line 9496
System out line 9497
System out line 9498
System out line 9499
System out line 9500
System out line 9501
System out line 9502
System out line 9503
System out line 9504
System out line 9505
System out line 9506
System out line 9507
System out line 9508
System out line 9509
System out line 9510
System out line 9511
System out line 9512
System out line 9513
System out line 9514
System out line 9515
System out line 9516
System out line 9517
System out line 9518
System out line 9519
System out line 9520
System out line 9521
System out line 9522
System out line 9523
System out line 9524
System out line 9525
System out line 9526
System out line 9527
System out line 9528
System out line 9529
System out line 9530
System out line 9531
System out line 9532
System out line 9533
System out line 9534
System out line 9535
System out line 9536
System out line 9537
System out line 9538
System out line 9539
System out line 9540
System out line 9541
System out line 9542
System out line 9543
System out line 9544
System out line 9545
System out line 9546
System out line 9547
System out line 9548
System out line 9549
System out line 9550
System out line 9551
System out line 9552
System out line 9553
System out line 9554
System out line 9555
System out line 9556
System out line 9557
System out line 9558
System out line 9559
System out line 9560
System out line 9561
System out line 9562
System out line 9563
System out line 9564
System out line 9565
System out line 9566
System out line 9567
System out line 9568
System out line 9569
System out line 9570
System out line 9571
System out line 9572
System out line 9573
System out line 9574
System out line 9575
System out line 9576
System out line 9577
System out line 9578
System out line 9579
System out line 9580
System out line 9581
System out line 9582
System out line 9583
System out line 9584
System out line 9585
System out line 9586
System out line 9587
System out line 9588
System out line 9589
System out line 9590
System out line 9591
System out line 9592
System out line 9593
System out line 9594
System out line 9595
System out line 9596
System out line 9597
System out line 9598
System out line 9599
System out line 9600
System out line 9601
System out line 9602
System out line 9603
System out line 9604
System out line 9605
System out line 9606
System out line 9607
System out line 9608
System out line 9609
System out line 9610
System out line 9611
System out line 9612
System out line 9613
System out line 9614
System out line 9615
System out line 9616
System out line 9617
System out line 9618
System out line 9619
System out line 9620
System out line 9621
System out line 9622
System out line 9623
System out line 9624
System out line 9625
System out line 9626
System out line 9627
System out line 9628
System out line 9629
System out line 9630
System out line 9631
System out line 9632
System out line 9633
System out line 9634
System out line 9635
System out line 9636
System out line 9637
System out line 9638
System out line 9639
System out line 9640
System out line 9641
System out line 9642
System out line 9643
System out line 9644
System out line 9645
System out line 9646
System out line 9647
System out line 9648
System out line 9649
System out line 9650
System out line 9651
System out line 9652
System out line 9653
System out line 9654
System out line 9655
System out line 9656
System out line 9657
System out line 9658
System out line 9659
System out line 9660
System out line 9661
System out line 9662
System out line 9663
System out line 9664
System out line 9665
System out line 9666
System out line 9667
System out line 9668
System out line 9669
System out line 9670
System out line 9671
System out line 9672
System out line 9673
System out line 9674
System out line 9675
System out line 9676
System out line 9677
System out line 9678
System out line 9679
System out line 9680
System out line 9681
System out line 9682
System out line 9683
System out line 9684
System out line 9685
System out line 9686
System out line 9687
System out line 9688
System out line 9689
System out line 9690
System out line 9691
System out line 9692
System out line 9693
System out line 9694
System out line 9695
System out line 9696
System out line 9697
System out line 9698
System out line 9699
System out line 9700
System out line 9701
System out line 9702
System out line 9703
System out line 9704
System out line 9705
System out line 9706
System out line 9707
System out line 9708
System out line 9709
System out line 9710
System out line 9711
System out line 9712
System out line 9713
System out line 9714
System out line 9715
System out line 9716
System out line 9717
System out line 9718
System out line 9719
System out line 9720
System out line 9721
System out line 9722
System out line 9723
System out line 9724
System out line 9725
System out line 9726
System out line 9727
System out line 9728
System out line 9729
System out line 9730
System out line 9731
System out line 9732
System out line 9733
System out line 9734
System out line 9735
System out line 9736
System out line 9737
System out line 9738
System out line 9739
System out line 9740
System out line 9741
System out line 9742
System out line 9743
System out line 9744
System out line 9745
System out line 9746
System out line 9747
System out line 9748
System out line 9749
System out line 9750
System out line 9751
System out line 9752
System out line 9753
System out line 9754
System out line 9755
System out line 9756
System out line 9757
System out line 9758
System out line 9759
System out line 9760
System out line 9761
System out line 9762
System out line 9763
System out line 9764
System out line 9765
System out line 9766
System out line 9767
System out line 9768
System out line 9769
System out line 9770
System out line 9771
System out line 9772
System out line 9773
System out line 9774
System out line 9775
System out line 9776
System out line 9777
System out line 9778
System out line 9779
System out line 9780
System out line 9781
System out line 9782
System out line 9783
System out line 9784
System out line 9785
System out line 9786
System out line 9787
System out line 9788
System out line 9789
System out line 9790
System out line 9791
System out line 9792
System out line 9793
System out line 9794
System out line 9795
System out line 9796
System out line 9797
System out line 9798
System out line 9799
System out line 9800
System out line 9801
System out line 9802
System out line 9803
System out line 9804
System out line 9805
System out line 9806
System out line 9807
System out line 9808
System out line 9809
System out line 9810
System out line 9811
System out line 9812
System out line 9813
System out line 9814
System out line 9815
System out line 9816
System out line 9817
System out line 9818
System out line 9819
System out line 9820
System out line 9821
System out line 9822
System out line 9823
System out line 9824
System out line 9825
System out line 9826
System out line 9827
System out line 9828
System out line 9829
System out line 9830
System out line 9831
System out line 9832
System out line 9833
System out line 9834
System out line 9835
System out line 9836
System out line 9837
System out line 9838
System out line 9839
System out line 9840
System out line 9841
System out line 9842
System out line 9843
System out line 9844
System out line 9845
System out line 9846
System out line 9847
System out line 9848
System out line 9849
System out line 9850
System out line 9851
System out line 9852
System out line 9853
System out line 9854
System out line 9855
System out line 9856
System out line 9857
System out line 9858
System out line 9859
System out line 9860
System out line 9861
System out line 9862
System out line 9863
System out line 9864
System out line 9865
System out line 9866
System out line 9867
System out line 9868
System out line 9869
System out line 9870
System out line 9871
System out line 9872
System out line 9873
System out line 9874
System out line 9875
System out line 9876
System out line 9877
System out line 9878
System out line 9879
System out line 9880
System out line 9881
System out line 9882
System out line 9883
System out line 9884
System out line 9885
System out line 9886
System out line 9887
System out line 9888
System out line 9889
System out line 9890
System out line 9891
System out line 9892
System out line 9893
System out line 9894
System out line 9895
System out line 9896
System out line 9897
System out line 9898
System out line 9899
System out line 9900
System out line 9901
System out line 9902
System out line 9903
System out line 9904
System out line 9905
System out line 9906
System out line 9907
System out line 9908
System out line 9909
System out line 9910
System out line 9911
System out line 9912
System out line 9913
System out line 9914
System out line 9915
System out line 9916
System out line 9917
System out line 9918
System out line 9919
System out line 9920
System out line 9921
System out line 9922
System out line 9923
System out line 9924
System out line 9925
System out line 9926
System out line 9927
System out line 9928
System out line 9929
System out line 9930
System out line 9931
System out line 9932
System out line 9933
System out line 9934
System out line 9935
System out line 9936
System out line 9937
System out line 9938
System out line 9939
System out line 9940
System out line 9941
System out line 9942
System out line 9943
System out line 9944
System out line 9945
System out line 9946
System out line 9947
System out line 9948
System out line 9949
System out line 9950
System out line 9951
System out line 9952
System out line 9953
System out line 9954
System out line 9955
System out line 9956
System out line 9957
System out line 9958
System out line 9959
System out line 9960
System out line 9961
System out line 9962
System out line 9963
System out line 9964
System out line 9965
System out line 9966
System out line 9967
System out line 9968
System out line 9969
System out line 9970
System out line 9971
System out line 9972
System out line 9973
System out line 9974
System out line 9975
System out line 9976
System out line 9977
System out line 9978
System out line 9979
System out line 9980
System out line 9981
System out line 9982
System out line 9983
System out line 9984
System out line 9985
System out line 9986
System out line 9987
System out line 9988
System out line 9989
System out line 9990
System out line 9991
System out line 9992
System out line 9993
System out line 9994
System out line 9995
System out line 9996
System out line 9997
System out line 9998
System out line 9999
]]></system-out>
  <system-err><![CDATA[System err line 0
System err line 1
System err line 2
System err line 3
System err line 4
System err line 5
System err line 6
System err line 7
System err line 8
System err line 9
System err line 10
System err line 11
System err line 12
System err line 13
System err line 14
System err line 15
System err line 16
System err line 17
System err line 18
System err line 19
System err line 20
System err line 21
System err line 22
System err line 23
System err line 24
System err line 25
System err line 26
System err line 27
System err line 28
System err line 29
System err line 30
System err line 31
System err line 32
System err line 33
System err line 34
System err line 35
System err line 36
System err line 37
System err line 38
System err line 39
System err line 40
System err line 41
System err line 42
System err line 43
System err line 44
System err line 45
System err line 46
System err line 47
System err line 48
System err line 49
System err line 50
System err line 51
System err line 52
System err line 53
System err line 54
System err line 55
System err line 56
System err line 57
System err line 58
System err line 59
System err line 60
System err line 61
System err line 62
System err line 63
System err line 64
System err line 65
System err line 66
System err line 67
System err line 68
System err line 69
System err line 70
System err line 71
System err line 72
System err line 73
System err line 74
System err line 75
System err line 76
System err line 77
System err line 78
System err line 79
System err line 80
System err line 81
System err line 82
System err line 83
System err line 84
System err line 85
System err line 86
System err line 87
System err line 88
System err line 89
System err line 90
System err line 91
System err line 92
System err line 93
System err line 94
System err line 95
System err line 96
System err line 97
System err line 98
System err line 99
System err line 100
System err line 101
System err line 102
System err line 103
System err line 104
System err line 105
System err line 106
System err line 107
System err line 108
System err line 109
System err line 110
System err line 111
System err line 112
System err line 113
System err line 114
System err line 115
System err line 116
System err line 117
System err line 118
System err line 119
System err line 120
System err line 121
System err line 122
System err line 123
System err line 124
System err line 125
System err line 126
System err line 127
System err line 128
System err line 129
System err line 130
System err line 131
System err line 132
System err line 133
System err line 134
System err line 135
System err line 136
System err line 137
System err line 138
System err line 139
System err line 140
System err line 141
System err line 142
System err line 143
System err line 144
System err line 145
System err line 146
System err line 147
System err line 148
System err line 149
System err line 150
System err line 151
System err line 152
System err line 153
System err line 154
System err line 155
System err line 156
System err line 157
System err line 158
System err line 159
System err line 160
System err line 161
System err line 162
System err line 163
System err line 164
System err line 165
System err line 166
System err line 167
System err line 168
System err line 169
System err line 170
System err line 171
System err line 172
System err line 173
System err line 174
System err line 175
System err line 176
System err line 177
System err line 178
System err line 179
System err line 180
System err line 181
System err line 182
System err line 183
System err line 184
System err line 185
System err line 186
System err line 187
System err line 188
System err line 189
System err line 190
System err line 191
System err line 192
System err line 193
System err line 194
System err line 195
System err line 196
System err line 197
System err line 198
System err line 199
System err line 200
System err line 201
System err line 202
System err line 203
System err line 204
System err line 205
System err line 206
System err line 207
System err line 208
System err line 209
System err line 210
System err line 211
System err line 212
System err line 213
System err line 214
System err line 215
System err line 216
System err line 217
System err line 218
System err line 219
System err line 220
System err line 221
System err line 222
System err line 223
System err line 224
System err line 225
System err line 226
System err line 227
System err line 228
System err line 229
System err line 230
System err line 231
System err line 232
System err line 233
System err line 234
System err line 235
System err line 236
System err line 237
System err line 238
System err line 239
System err line 240
System err line 241
System err line 242
System err line 243
System err line 244
System err line 245
System err line 246
System err line 247
System err line 248
System err line 249
System err line 250
System err line 251
System err line 252
System err line 253
System err line 254
System err line 255
System err line 256
System err line 257
System err line 258
System err line 259
System err line 260
System err line 261
System err line 262
System err line 263
System err line 264
System err line 265
System err line 266
System err line 267
System err line 268
System err line 269
System err line 270
System err line 271
System err line 272
System err line 273
System err line 274
System err line 275
System err line 276
System err line 277
System err line 278
System err line 279
System err line 280
System err line 281
System err line 282
System err line 283
System err line 284
System err line 285
System err line 286
System err line 287
System err line 288
System err line 289
System err line 290
System err line 291
System err line 292
System err line 293
System err line 294
System err line 295
System err line 296
System err line 297
System err line 298
System err line 299
System err line 300
System err line 301
System err line 302
System err line 303
System err line 304
System err line 305
System err line 306
System err line 307
System err line 308
System err line 309
System err line 310
System err line 311
System err line 312
System err line 313
System err line 314
System err line 315
System err line 316
System err line 317
System err line 318
System err line 319
System err line 320
System err line 321
System err line 322
System err line 323
System err line 324
System err line 325
System err line 326
System err line 327
System err line 328
System err line 329
System err line 330
System err line 331
System err line 332
System err line 333
System err line 334
System err line 335
System err line 336
System err line 337
System err line 338
System err line 339
System err line 340
System err line 341
System err line 342
System err line 343
System err line 344
System err line 345
System err line 346
System err line 347
System err line 348
System err line 349
System err line 350
System err line 351
System err line 352
System err line 353
System err line 354
System err line 355
System err line 356
System err line 357
System err line 358
System err line 359
System err line 360
System err line 361
System err line 362
System err line 363
System err line 364
System err line 365
System err line 366
System err line 367
System err line 368
System err line 369
System err line 370
System err line 371
System err line 372
System err line 373
System err line 374
System err line 375
System err line 376
System err line 377
System err line 378
System err line 379
System err line 380
System err line 381
System err line 382
System err line 383
System err line 384
System err line 385
System err line 386
System err line 387
System err line 388
System err line 389
System err line 390
System err line 391
System err line 392
System err line 393
System err line 394
System err line 395
System err line 396
System err line 397
System err line 398
System err line 399
System err line 400
System err line 401
System err line 402
System err line 403
System err line 404
System err line 405
System err line 406
System err line 407
System err line 408
System err line 409
System err line 410
System err line 411
System err line 412
System err line 413
System err line 414
System err line 415
System err line 416
System err line 417
System err line 418
System err line 419
System err line 420
System err line 421
System err line 422
System err line 423
System err line 424
System err line 425
System err line 426
System err line 427
System err line 428
System err line 429
System err line 430
System err line 431
System err line 432
System err line 433
System err line 434
System err line 435
System err line 436
System err line 437
System err line 438
System err line 439
System err line 440
System err line 441
System err line 442
System err line 443
System err line 444
System err line 445
System err line 446
System err line 447
System err line 448
System err line 449
System err line 450
System err line 451
System err line 452
System err line 453
System err line 454
System err line 455
System err line 456
System err line 457
System err line 458
System err line 459
System err line 460
System err line 461
System err line 462
System err line 463
System err line 464
System err line 465
System err line 466
System err line 467
System err line 468
System err line 469
System err line 470
System err line 471
System err line 472
System err line 473
System err line 474
System err line 475
System err line 476
System err line 477
System err line 478
System err line 479
System err line 480
System err line 481
System err line 482
System err line 483
System err line 484
System err line 485
System err line 486
System err line 487
System err line 488
System err line 489
System err line 490
System err line 491
System err line 492
System err line 493
System err line 494
System err line 495
System err line 496
System err line 497
System err line 498
System err line 499
System err line 500
System err line 501
System err line 502
System err line 503
System err line 504
System err line 505
System err line 506
System err line 507
System err line 508
System err line 509
System err line 510
System err line 511
System err line 512
System err line 513
System err line 514
System err line 515
System err line 516
System err line 517
System err line 518
System err line 519
System err line 520
System err line 521
System err line 522
System err line 523
System err line 524
System err line 525
System err line 526
System err line 527
System err line 528
System err line 529
System err line 530
System err line 531
System err line 532
System err line 533
System err line 534
System err line 535
System err line 536
System err line 537
System err line 538
System err line 539
System err line 540
System err line 541
System err line 542
System err line 543
System err line 544
System err line 545
System err line 546
System err line 547
System err line 548
System err line 549
System err line 550
System err line 551
System err line 552
System err line 553
System err line 554
System err line 555
System err line 556
System err line 557
System err line 558
System err line 559
System err line 560
System err line 561
System err line 562
System err line 563
System err line 564
System err line 565
System err line 566
System err line 567
System err line 568
System err line 569
System err line 570
System err line 571
System err line 572
System err line 573
System err line 574
System err line 575
System err line 576
System err line 577
System err line 578
System err line 579
System err line 580
System err line 581
System err line 582
System err line 583
System err line 584
System err line 585
System err line 586
System err line 587
System err line 588
System err line 589
System err line 590
System err line 591
System err line 592
System err line 593
System err line 594
System err line 595
System err line 596
System err line 597
System err line 598
System err line 599
System err line 600
System err line 601
System err line 602
System err line 603
System err line 604
System err line 605
System err line 606
System err line 607
System err line 608
System err line 609
System err line 610
System err line 611
System err line 612
System err line 613
System err line 614
System err line 615
System err line 616
System err line 617
System err line 618
System err line 619
System err line 620
System err line 621
System err line 622
System err line 623
System err line 624
System err line 625
System err line 626
System err line 627
System err line 628
System err line 629
System err line 630
System err line 631
System err line 632
System err line 633
System err line 634
System err line 635
System err line 636
System err line 637
System err line 638
System err line 639
System err line 640
System err line 641
System err line 642
System err line 643
System err line 644
System err line 645
System err line 646
System err line 647
System err line 648
System err line 649
System err line 650
System err line 651
System err line 652
System err line 653
System err line 654
System err line 655
System err line 656
System err line 657
System err line 658
System err line 659
System err line 660
System err line 661
System err line 662
System err line 663
System err line 664
System err line 665
System err line 666
System err line 667
System err line 668
System err line 669
System err line 670
System err line 671
System err line 672
System err line 673
System err line 674
System err line 675
System err line 676
System err line 677
System err line 678
System err line 679
System err line 680
System err line 681
System err line 682
System err line 683
System err line 684
System err line 685
System err line 686
System err line 687
System err line 688
System err line 689
System err line 690
System err line 691
System err line 692
System err line 693
System err line 694
System err line 695
System err line 696
System err line 697
System err line 698
System err line 699
System err line 700
System err line 701
System err line 702
System err line 703
System err line 704
System err line 705
System err line 706
System err line 707
System err line 708
System err line 709
System err line 710
System err line 711
System err line 712
System err line 713
System err line 714
System err line 715
System err line 716
System err line 717
System err line 718
System err line 719
System err line 720
System err line 721
System err line 722
System err line 723
System err line 724
System err line 725
System err line 726
System err line 727
System err line 728
System err line 729
System err line 730
System err line 731
System err line 732
System err line 733
System err line 734
System err line 735
System err line 736
System err line 737
System err line 738
System err line 739
System err line 740
System err line 741
System err line 742
System err line 743
System err line 744
System err line 745
System err line 746
System err line 747
System err line 748
System err line 749
System err line 750
System err line 751
System err line 752
System err line 753
System err line 754
System err line 755
System err line 756
System err line 757
System err line 758
System err line 759
System err line 760
System err line 761
System err line 762
System err line 763
System err line 764
System err line 765
System err line 766
System err line 767
System err line 768
System err line 769
System err line 770
System err line 771
System err line 772
System err line 773
System err line 774
System err line 775
System err line 776
System err line 777
System err line 778
System err line 779
System err line 780
System err line 781
System err line 782
System err line 783
System err line 784
System err line 785
System err line 786
System err line 787
System err line 788
System err line 789
System err line 790
System err line 791
System err line 792
System err line 793
System err line 794
System err line 795
System err line 796
System err line 797
System err line 798
System err line 799
System err line 800
System err line 801
System err line 802
System err line 803
System err line 804
System err line 805
System err line 806
System err line 807
System err line 808
System err line 809
System err line 810
System err line 811
System err line 812
System err line 813
System err line 814
System err line 815
System err line 816
System err line 817
System err line 818
System err line 819
System err line 820
System err line 821
System err line 822
System err line 823
System err line 824
System err line 825
System err line 826
System err line 827
System err line 828
System err line 829
System err line 830
System err line 831
System err line 832
System err line 833
System err line 834
System err line 835
System err line 836
System err line 837
System err line 838
System err line 839
System err line 840
System err line 841
System err line 842
System err line 843
System err line 844
System err line 845
System err line 846
System err line 847
System err line 848
System err line 849
System err line 850
System err line 851
System err line 852
System err line 853
System err line 854
System err line 855
System err line 856
System err line 857
System err line 858
System err line 859
System err line 860
System err line 861
System err line 862
System err line 863
System err line 864
System err line 865
System err line 866
System err line 867
System err line 868
System err line 869
System err line 870
System err line 871
System err line 872
System err line 873
System err line 874
System err line 875
System err line 876
System err line 877
System err line 878
System err line 879
System err line 880
System err line 881
System err line 882
System err line 883
System err line 884
System err line 885
System err line 886
System err line 887
System err line 888
System err line 889
System err line 890
System err line 891
System err line 892
System err line 893
System err line 894
System err line 895
System err line 896
System err line 897
System err line 898
System err line 899
System err line 900
System err line 901
System err line 902
System err line 903
System err line 904
System err line 905
System err line 906
System err line 907
System err line 908
System err line 909
System err line 910
System err line 911
System err line 912
System err line 913
System err line 914
System err line 915
System err line 916
System err line 917
System err line 918
System err line 919
System err line 920
System err line 921
System err line 922
System err line 923
System err line 924
System err line 925
System err line 926
System err line 927
System err line 928
System err line 929
System err line 930
System err line 931
System err line 932
System err line 933
System err line 934
System err line 935
System err line 936
System err line 937
System err line 938
System err line 939
System err line 940
System err line 941
System err line 942
System err line 943
System err line 944
System err line 945
System err line 946
System err line 947
System err line 948
System err line 949
System err line 950
System err line 951
System err line 952
System err line 953
System err line 954
System err line 955
System err line 956
System err line 957
System err line 958
System err line 959
System err line 960
System err line 961
System err line 962
System err line 963
System err line 964
System err line 965
System err line 966
System err line 967
System err line 968
System err line 969
System err line 970
System err line 971
System err line 972
System err line 973
System err line 974
System err line 975
System err line 976
System err line 977
System err line 978
System err line 979
System err line 980
System err line 981
System err line 982
System err line 983
System err line 984
System err line 985
System err line 986
System err line 987
System err line 988
System err line 989
System err line 990
System err line 991
System err line 992
System err line 993
System err line 994
System err line 995
System err line 996
System err line 997
System err line 998
System err line 999
System err line 1000
System err line 1001
System err line 1002
System err line 1003
System err line 1004
System err line 1005
System err line 1006
System err line 1007
System err line 1008
System err line 1009
System err line 1010
System err line 1011
System err line 1012
System err line 1013
System err line 1014
System err line 1015
System err line 1016
System err line 1017
System err line 1018
System err line 1019
System err line 1020
System err line 1021
System err line 1022
System err line 1023
System err line 1024
System err line 1025
System err line 1026
System err line 1027
System err line 1028
System err line 1029
System err line 1030
System err line 1031
System err line 1032
System err line 1033
System err line 1034
System err line 1035
System err line 1036
System err line 1037
System err line 1038
System err line 1039
System err line 1040
System err line 1041
System err line 1042
System err line 1043
System err line 1044
System err line 1045
System err line 1046
System err line 1047
System err line 1048
System err line 1049
System err line 1050
System err line 1051
System err line 1052
System err line 1053
System err line 1054
System err line 1055
System err line 1056
System err line 1057
System err line 1058
System err line 1059
System err line 1060
System err line 1061
System err line 1062
System err line 1063
System err line 1064
System err line 1065
System err line 1066
System err line 1067
System err line 1068
System err line 1069
System err line 1070
System err line 1071
System err line 1072
System err line 1073
System err line 1074
System err line 1075
System err line 1076
System err line 1077
System err line 1078
System err line 1079
System err line 1080
System err line 1081
System err line 1082
System err line 1083
System err line 1084
System err line 1085
System err line 1086
System err line 1087
System err line 1088
System err line 1089
System err line 1090
System err line 1091
System err line 1092
System err line 1093
System err line 1094
System err line 1095
System err line 1096
System err line 1097
System err line 1098
System err line 1099
System err line 1100
System err line 1101
System err line 1102
System err line 1103
System err line 1104
System err line 1105
System err line 1106
System err line 1107
System err line 1108
System err line 1109
System err line 1110
System err line 1111
System err line 1112
System err line 1113
System err line 1114
System err line 1115
System err line 1116
System err line 1117
System err line 1118
System err line 1119
System err line 1120
System err line 1121
System err line 1122
System err line 1123
System err line 1124
System err line 1125
System err line 1126
System err line 1127
System err line 1128
System err line 1129
System err line 1130
System err line 1131
System err line 1132
System err line 1133
System err line 1134
System err line 1135
System err line 1136
System err line 1137
System err line 1138
System err line 1139
System err line 1140
System err line 1141
System err line 1142
System err line 1143
System err line 1144
System err line 1145
System err line 1146
System err line 1147
System err line 1148
System err line 1149
System err line 1150
System err line 1151
System err line 1152
System err line 1153
System err line 1154
System err line 1155
System err line 1156
System err line 1157
System err line 1158
System err line 1159
System err line 1160
System err line 1161
System err line 1162
System err line 1163
System err line 1164
System err line 1165
System err line 1166
System err line 1167
System err line 1168
System err line 1169
System err line 1170
System err line 1171
System err line 1172
System err line 1173
System err line 1174
System err line 1175
System err line 1176
System err line 1177
System err line 1178
System err line 1179
System err line 1180
System err line 1181
System err line 1182
System err line 1183
System err line 1184
System err line 1185
System err line 1186
System err line 1187
System err line 1188
System err line 1189
System err line 1190
System err line 1191
System err line 1192
System err line 1193
System err line 1194
System err line 1195
System err line 1196
System err line 1197
System err line 1198
System err line 1199
System err line 1200
System err line 1201
System err line 1202
System err line 1203
System err line 1204
System err line 1205
System err line 1206
System err line 1207
System err line 1208
System err line 1209
System err line 1210
System err line 1211
System err line 1212
System err line 1213
System err line 1214
System err line 1215
System err line 1216
System err line 1217
System err line 1218
System err line 1219
System err line 1220
System err line 1221
System err line 1222
System err line 1223
System err line 1224
System err line 1225
System err line 1226
System err line 1227
System err line 1228
System err line 1229
System err line 1230
System err line 1231
System err line 1232
System err line 1233
System err line 1234
System err line 1235
System err line 1236
System err line 1237
System err line 1238
System err line 1239
System err line 1240
System err line 1241
System err line 1242
System err line 1243
System err line 1244
System err line 1245
System err line 1246
System err line 1247
System err line 1248
System err line 1249
System err line 1250
System err line 1251
System err line 1252
System err line 1253
System err line 1254
System err line 1255
System err line 1256
System err line 1257
System err line 1258
System err line 1259
System err line 1260
System err line 1261
System err line 1262
System err line 1263
System err line 1264
System err line 1265
System err line 1266
System err line 1267
System err line 1268
System err line 1269
System err line 1270
System err line 1271
System err line 1272
System err line 1273
System err line 1274
System err line 1275
System err line 1276
System err line 1277
System err line 1278
System err line 1279
System err line 1280
System err line 1281
System err line 1282
System err line 1283
System err line 1284
System err line 1285
System err line 1286
System err line 1287
System err line 1288
System err line 1289
System err line 1290
System err line 1291
System err line 1292
System err line 1293
System err line 1294
System err line 1295
System err line 1296
System err line 1297
System err line 1298
System err line 1299
System err line 1300
System err line 1301
System err line 1302
System err line 1303
System err line 1304
System err line 1305
System err line 1306
System err line 1307
System err line 1308
System err line 1309
System err line 1310
System err line 1311
System err line 1312
System err line 1313
System err line 1314
System err line 1315
System err line 1316
System err line 1317
System err line 1318
System err line 1319
System err line 1320
System err line 1321
System err line 1322
System err line 1323
System err line 1324
System err line 1325
System err line 1326
System err line 1327
System err line 1328
System err line 1329
System err line 1330
System err line 1331
System err line 1332
System err line 1333
System err line 1334
System err line 1335
System err line 1336
System err line 1337
System err line 1338
System err line 1339
System err line 1340
System err line 1341
System err line 1342
System err line 1343
System err line 1344
System err line 1345
System err line 1346
System err line 1347
System err line 1348
System err line 1349
System err line 1350
System err line 1351
System err line 1352
System err line 1353
System err line 1354
System err line 1355
System err line 1356
System err line 1357
System err line 1358
System err line 1359
System err line 1360
System err line 1361
System err line 1362
System err line 1363
System err line 1364
System err line 1365
System err line 1366
System err line 1367
System err line 1368
System err line 1369
System err line 1370
System err line 1371
System err line 1372
System err line 1373
System err line 1374
System err line 1375
System err line 1376
System err line 1377
System err line 1378
System err line 1379
System err line 1380
System err line 1381
System err line 1382
System err line 1383
System err line 1384
System err line 1385
System err line 1386
System err line 1387
System err line 1388
System err line 1389
System err line 1390
System err line 1391
System err line 1392
System err line 1393
System err line 1394
System err line 1395
System err line 1396
System err line 1397
System err line 1398
System err line 1399
System err line 1400
System err line 1401
System err line 1402
System err line 1403
System err line 1404
System err line 1405
System err line 1406
System err line 1407
System err line 1408
System err line 1409
System err line 1410
System err line 1411
System err line 1412
System err line 1413
System err line 1414
System err line 1415
System err line 1416
System err line 1417
System err line 1418
System err line 1419
System err line 1420
System err line 1421
System err line 1422
System err line 1423
System err line 1424
System err line 1425
System err line 1426
System err line 1427
System err line 1428
System err line 1429
System err line 1430
System err line 1431
System err line 1432
System err line 1433
System err line 1434
System err line 1435
System err line 1436
System err line 1437
System err line 1438
System err line 1439
System err line 1440
System err line 1441
System err line 1442
System err line 1443
System err line 1444
System err line 1445
System err line 1446
System err line 1447
System err line 1448
System err line 1449
System err line 1450
System err line 1451
System err line 1452
System err line 1453
System err line 1454
System err line 1455
System err line 1456
System err line 1457
System err line 1458
System err line 1459
System err line 1460
System err line 1461
System err line 1462
System err line 1463
System err line 1464
System err line 1465
System err line 1466
System err line 1467
System err line 1468
System err line 1469
System err line 1470
System err line 1471
System err line 1472
System err line 1473
System err line 1474
System err line 1475
System err line 1476
System err line 1477
System err line 1478
System err line 1479
System err line 1480
System err line 1481
System err line 1482
System err line 1483
System err line 1484
System err line 1485
System err line 1486
System err line 1487
System err line 1488
System err line 1489
System err line 1490
System err line 1491
System err line 1492
System err line 1493
System err line 1494
System err line 1495
System err line 1496
System err line 1497
System err line 1498
System err line 1499
System err line 1500
System err line 1501
System err line 1502
System err line 1503
System err line 1504
System err line 1505
System err line 1506
System err line 1507
System err line 1508
System err line 1509
System err line 1510
System err line 1511
System err line 1512
System err line 1513
System err line 1514
System err line 1515
System err line 1516
System err line 1517
System err line 1518
System err line 1519
System err line 1520
System err line 1521
System err line 1522
System err line 1523
System err line 1524
System err line 1525
System err line 1526
System err line 1527
System err line 1528
System err line 1529
System err line 1530
System err line 1531
System err line 1532
System err line 1533
System err line 1534
System err line 1535
System err line 1536
System err line 1537
System err line 1538
System err line 1539
System err line 1540
System err line 1541
System err line 1542
System err line 1543
System err line 1544
System err line 1545
System err line 1546
System err line 1547
System err line 1548
System err line 1549
System err line 1550
System err line 1551
System err line 1552
System err line 1553
System err line 1554
System err line 1555
System err line 1556
System err line 1557
System err line 1558
System err line 1559
System err line 1560
System err line 1561
System err line 1562
System err line 1563
System err line 1564
System err line 1565
System err line 1566
System err line 1567
System err line 1568
System err line 1569
System err line 1570
System err line 1571
System err line 1572
System err line 1573
System err line 1574
System err line 1575
System err line 1576
System err line 1577
System err line 1578
System err line 1579
System err line 1580
System err line 1581
System err line 1582
System err line 1583
System err line 1584
System err line 1585
System err line 1586
System err line 1587
System err line 1588
System err line 1589
System err line 1590
System err line 1591
System err line 1592
System err line 1593
System err line 1594
System err line 1595
System err line 1596
System err line 1597
System err line 1598
System err line 1599
System err line 1600
System err line 1601
System err line 1602
System err line 1603
System err line 1604
System err line 1605
System err line 1606
System err line 1607
System err line 1608
System err line 1609
System err line 1610
System err line 1611
System err line 1612
System err line 1613
System err line 1614
System err line 1615
System err line 1616
System err line 1617
System err line 1618
System err line 1619
System err line 1620
System err line 1621
System err line 1622
System err line 1623
System err line 1624
System err line 1625
System err line 1626
System err line 1627
System err line 1628
System err line 1629
System err line 1630
System err line 1631
System err line 1632
System err line 1633
System err line 1634
System err line 1635
System err line 1636
System err line 1637
System err line 1638
System err line 1639
System err line 1640
System err line 1641
System err line 1642
System err line 1643
System err line 1644
System err line 1645
System err line 1646
System err line 1647
System err line 1648
System err line 1649
System err line 1650
System err line 1651
System err line 1652
System err line 1653
System err line 1654
System err line 1655
System err line 1656
System err line 1657
System err line 1658
System err line 1659
System err line 1660
System err line 1661
System err line 1662
System err line 1663
System err line 1664
System err line 1665
System err line 1666
System err line 1667
System err line 1668
System err line 1669
System err line 1670
System err line 1671
System err line 1672
System err line 1673
System err line 1674
System err line 1675
System err line 1676
System err line 1677
System err line 1678
System err line 1679
System err line 1680
System err line 1681
System err line 1682
System err line 1683
System err line 1684
System err line 1685
System err line 1686
System err line 1687
System err line 1688
System err line 1689
System err line 1690
System err line 1691
System err line 1692
System err line 1693
System err line 1694
System err line 1695
System err line 1696
System err line 1697
System err line 1698
System err line 1699
System err line 1700
System err line 1701
System err line 1702
System err line 1703
System err line 1704
System err line 1705
System err line 1706
System err line 1707
System err line 1708
System err line 1709
System err line 1710
System err line 1711
System err line 1712
System err line 1713
System err line 1714
System err line 1715
System err line 1716
System err line 1717
System err line 1718
System err line 1719
System err line 1720
System err line 1721
System err line 1722
System err line 1723
System err line 1724
System err line 1725
System err line 1726
System err line 1727
System err line 1728
System err line 1729
System err line 1730
System err line 1731
System err line 1732
System err line 1733
System err line 1734
System err line 1735
System err line 1736
System err line 1737
System err line 1738
System err line 1739
System err line 1740
System err line 1741
System err line 1742
System err line 1743
System err line 1744
System err line 1745
System err line 1746
System err line 1747
System err line 1748
System err line 1749
System err line 1750
System err line 1751
System err line 1752
System err line 1753
System err line 1754
System err line 1755
System err line 1756
System err line 1757
System err line 1758
System err line 1759
System err line 1760
System err line 1761
System err line 1762
System err line 1763
System err line 1764
System err line 1765
System err line 1766
System err line 1767
System err line 1768
System err line 1769
System err line 1770
System err line 1771
System err line 1772
System err line 1773
System err line 1774
System err line 1775
System err line 1776
System err line 1777
System err line 1778
System err line 1779
System err line 1780
System err line 1781
System err line 1782
System err line 1783
System err line 1784
System err line 1785
System err line 1786
System err line 1787
System err line 1788
System err line 1789
System err line 1790
System err line 1791
System err line 1792
System err line 1793
System err line 1794
System err line 1795
System err line 1796
System err line 1797
System err line 1798
System err line 1799
System err line 1800
System err line 1801
System err line 1802
System err line 1803
System err line 1804
System err line 1805
System err line 1806
System err line 1807
System err line 1808
System err line 1809
System err line 1810
System err line 1811
System err line 1812
System err line 1813
System err line 1814
System err line 1815
System err line 1816
System err line 1817
System err line 1818
System err line 1819
System err line 1820
System err line 1821
System err line 1822
System err line 1823
System err line 1824
System err line 1825
System err line 1826
System err line 1827
System err line 1828
System err line 1829
System err line 1830
System err line 1831
System err line 1832
System err line 1833
System err line 1834
System err line 1835
System err line 1836
System err line 1837
System err line 1838
System err line 1839
System err line 1840
System err line 1841
System err line 1842
System err line 1843
System err line 1844
System err line 1845
System err line 1846
System err line 1847
System err line 1848
System err line 1849
System err line 1850
System err line 1851
System err line 1852
System err line 1853
System err line 1854
System err line 1855
System err line 1856
System err line 1857
System err line 1858
System err line 1859
System err line 1860
System err line 1861
System err line 1862
System err line 1863
System err line 1864
System err line 1865
System err line 1866
System err line 1867
System err line 1868
System err line 1869
System err line 1870
System err line 1871
System err line 1872
System err line 1873
System err line 1874
System err line 1875
System err line 1876
System err line 1877
System err line 1878
System err line 1879
System err line 1880
System err line 1881
System err line 1882
System err line 1883
System err line 1884
System err line 1885
System err line 1886
System err line 1887
System err line 1888
System err line 1889
System err line 1890
System err line 1891
System err line 1892
System err line 1893
System err line 1894
System err line 1895
System err line 1896
System err line 1897
System err line 1898
System err line 1899
System err line 1900
System err line 1901
System err line 1902
System err line 1903
System err line 1904
System err line 1905
System err line 1906
System err line 1907
System err line 1908
System err line 1909
System err line 1910
System err line 1911
System err line 1912
System err line 1913
System err line 1914
System err line 1915
System err line 1916
System err line 1917
System err line 1918
System err line 1919
System err line 1920
System err line 1921
System err line 1922
System err line 1923
System err line 1924
System err line 1925
System err line 1926
System err line 1927
System err line 1928
System err line 1929
System err line 1930
System err line 1931
System err line 1932
System err line 1933
System err line 1934
System err line 1935
System err line 1936
System err line 1937
System err line 1938
System err line 1939
System err line 1940
System err line 1941
System err line 1942
System err line 1943
System err line 1944
System err line 1945
System err line 1946
System err line 1947
System err line 1948
System err line 1949
System err line 1950
System err line 1951
System err line 1952
System err line 1953
System err line 1954
System err line 1955
System err line 1956
System err line 1957
System err line 1958
System err line 1959
System err line 1960
System err line 1961
System err line 1962
System err line 1963
System err line 1964
System err line 1965
System err line 1966
System err line 1967
System err line 1968
System err line 1969
System err line 1970
System err line 1971
System err line 1972
System err line 1973
System err line 1974
System err line 1975
System err line 1976
System err line 1977
System err line 1978
System err line 1979
System err line 1980
System err line 1981
System err line 1982
System err line 1983
System err line 1984
System err line 1985
System err line 1986
System err line 1987
System err line 1988
System err line 1989
System err line 1990
System err line 1991
System err line 1992
System err line 1993
System err line 1994
System err line 1995
System err line 1996
System err line 1997
System err line 1998
System err line 1999
System err line 2000
System err line 2001
System err line 2002
System err line 2003
System err line 2004
System err line 2005
System err line 2006
System err line 2007
System err line 2008
System err line 2009
System err line 2010
System err line 2011
System err line 2012
System err line 2013
System err line 2014
System err line 2015
System err line 2016
System err line 2017
System err line 2018
System err line 2019
System err line 2020
System err line 2021
System err line 2022
System err line 2023
System err line 2024
System err line 2025
System err line 2026
System err line 2027
System err line 2028
System err line 2029
System err line 2030
System err line 2031
System err line 2032
System err line 2033
System err line 2034
System err line 2035
System err line 2036
System err line 2037
System err line 2038
System err line 2039
System err line 2040
System err line 2041
System err line 2042
System err line 2043
System err line 2044
System err line 2045
System err line 2046
System err line 2047
System err line 2048
System err line 2049
System err line 2050
System err line 2051
System err line 2052
System err line 2053
System err line 2054
System err line 2055
System err line 2056
System err line 2057
System err line 2058
System err line 2059
System err line 2060
System err line 2061
System err line 2062
System err line 2063
System err line 2064
System err line 2065
System err line 2066
System err line 2067
System err line 2068
System err line 2069
System err line 2070
System err line 2071
System err line 2072
System err line 2073
System err line 2074
System err line 2075
System err line 2076
System err line 2077
System err line 2078
System err line 2079
System err line 2080
System err line 2081
System err line 2082
System err line 2083
System err line 2084
System err line 2085
System err line 2086
System err line 2087
System err line 2088
System err line 2089
System err line 2090
System err line 2091
System err line 2092
System err line 2093
System err line 2094
System err line 2095
System err line 2096
System err line 2097
System err line 2098
System err line 2099
System err line 2100
System err line 2101
System err line 2102
System err line 2103
System err line 2104
System err line 2105
System err line 2106
System err line 2107
System err line 2108
System err line 2109
System err line 2110
System err line 2111
System err line 2112
System err line 2113
System err line 2114
System err line 2115
System err line 2116
System err line 2117
System err line 2118
System err line 2119
System err line 2120
System err line 2121
System err line 2122
System err line 2123
System err line 2124
System err line 2125
System err line 2126
System err line 2127
System err line 2128
System err line 2129
System err line 2130
System err line 2131
System err line 2132
System err line 2133
System err line 2134
System err line 2135
System err line 2136
System err line 2137
System err line 2138
System err line 2139
System err line 2140
System err line 2141
System err line 2142
System err line 2143
System err line 2144
System err line 2145
System err line 2146
System err line 2147
System err line 2148
System err line 2149
System err line 2150
System err line 2151
System err line 2152
System err line 2153
System err line 2154
System err line 2155
System err line 2156
System err line 2157
System err line 2158
System err line 2159
System err line 2160
System err line 2161
System err line 2162
System err line 2163
System err line 2164
System err line 2165
System err line 2166
System err line 2167
System err line 2168
System err line 2169
System err line 2170
System err line 2171
System err line 2172
System err line 2173
System err line 2174
System err line 2175
System err line 2176
System err line 2177
System err line 2178
System err line 2179
System err line 2180
System err line 2181
System err line 2182
System err line 2183
System err line 2184
System err line 2185
System err line 2186
System err line 2187
System err line 2188
System err line 2189
System err line 2190
System err line 2191
System err line 2192
System err line 2193
System err line 2194
System err line 2195
System err line 2196
System err line 2197
System err line 2198
System err line 2199
System err line 2200
System err line 2201
System err line 2202
System err line 2203
System err line 2204
System err line 2205
System err line 2206
System err line 2207
System err line 2208
System err line 2209
System err line 2210
System err line 2211
System err line 2212
System err line 2213
System err line 2214
System err line 2215
System err line 2216
System err line 2217
System err line 2218
System err line 2219
System err line 2220
System err line 2221
System err line 2222
System err line 2223
System err line 2224
System err line 2225
System err line 2226
System err line 2227
System err line 2228
System err line 2229
System err line 2230
System err line 2231
System err line 2232
System err line 2233
System err line 2234
System err line 2235
System err line 2236
System err line 2237
System err line 2238
System err line 2239
System err line 2240
System err line 2241
System err line 2242
System err line 2243
System err line 2244
System err line 2245
System err line 2246
System err line 2247
System err line 2248
System err line 2249
System err line 2250
System err line 2251
System err line 2252
System err line 2253
System err line 2254
System err line 2255
System err line 2256
System err line 2257
System err line 2258
System err line 2259
System err line 2260
System err line 2261
System err line 2262
System err line 2263
System err line 2264
System err line 2265
System err line 2266
System err line 2267
System err line 2268
System err line 2269
System err line 2270
System err line 2271
System err line 2272
System err line 2273
System err line 2274
System err line 2275
System err line 2276
System err line 2277
System err line 2278
System err line 2279
System err line 2280
System err line 2281
System err line 2282
System err line 2283
System err line 2284
System err line 2285
System err line 2286
System err line 2287
System err line 2288
System err line 2289
System err line 2290
System err line 2291
System err line 2292
System err line 2293
System err line 2294
System err line 2295
System err line 2296
System err line 2297
System err line 2298
System err line 2299
System err line 2300
System err line 2301
System err line 2302
System err line 2303
System err line 2304
System err line 2305
System err line 2306
System err line 2307
System err line 2308
System err line 2309
System err line 2310
System err line 2311
System err line 2312
System err line 2313
System err line 2314
System err line 2315
System err line 2316
System err line 2317
System err line 2318
System err line 2319
System err line 2320
System err line 2321
System err line 2322
System err line 2323
System err line 2324
System err line 2325
System err line 2326
System err line 2327
System err line 2328
System err line 2329
System err line 2330
System err line 2331
System err line 2332
System err line 2333
System err line 2334
System err line 2335
System err line 2336
System err line 2337
System err line 2338
System err line 2339
System err line 2340
System err line 2341
System err line 2342
System err line 2343
System err line 2344
System err line 2345
System err line 2346
System err line 2347
System err line 2348
System err line 2349
System err line 2350
System err line 2351
System err line 2352
System err line 2353
System err line 2354
System err line 2355
System err line 2356
System err line 2357
System err line 2358
System err line 2359
System err line 2360
System err line 2361
System err line 2362
System err line 2363
System err line 2364
System err line 2365
System err line 2366
System err line 2367
System err line 2368
System err line 2369
System err line 2370
System err line 2371
System err line 2372
System err line 2373
System err line 2374
System err line 2375
System err line 2376
System err line 2377
System err line 2378
System err line 2379
System err line 2380
System err line 2381
System err line 2382
System err line 2383
System err line 2384
System err line 2385
System err line 2386
System err line 2387
System err line 2388
System err line 2389
System err line 2390
System err line 2391
System err line 2392
System err line 2393
System err line 2394
System err line 2395
System err line 2396
System err line 2397
System err line 2398
System err line 2399
System err line 2400
System err line 2401
System err line 2402
System err line 2403
System err line 2404
System err line 2405
System err line 2406
System err line 2407
System err line 2408
System err line 2409
System err line 2410
System err line 2411
System err line 2412
System err line 2413
System err line 2414
System err line 2415
System err line 2416
System err line 2417
System err line 2418
System err line 2419
System err line 2420
System err line 2421
System err line 2422
System err line 2423
System err line 2424
System err line 2425
System err line 2426
System err line 2427
System err line 2428
System err line 2429
System err line 2430
System err line 2431
System err line 2432
System err line 2433
System err line 2434
System err line 2435
System err line 2436
System err line 2437
System err line 2438
System err line 2439
System err line 2440
System err line 2441
System err line 2442
System err line 2443
System err line 2444
System err line 2445
System err line 2446
System err line 2447
System err line 2448
System err line 2449
System err line 2450
System err line 2451
System err line 2452
System err line 2453
System err line 2454
System err line 2455
System err line 2456
System err line 2457
System err line 2458
System err line 2459
System err line 2460
System err line 2461
System err line 2462
System err line 2463
System err line 2464
System err line 2465
System err line 2466
System err line 2467
System err line 2468
System err line 2469
System err line 2470
System err line 2471
System err line 2472
System err line 2473
System err line 2474
System err line 2475
System err line 2476
System err line 2477
System err line 2478
System err line 2479
System err line 2480
System err line 2481
System err line 2482
System err line 2483
System err line 2484
System err line 2485
System err line 2486
System err line 2487
System err line 2488
System err line 2489
System err line 2490
System err line 2491
System err line 2492
System err line 2493
System err line 2494
System err line 2495
System err line 2496
System err line 2497
System err line 2498
System err line 2499
System err line 2500
System err line 2501
System err line 2502
System err line 2503
System err line 2504
System err line 2505
System err line 2506
System err line 2507
System err line 2508
System err line 2509
System err line 2510
System err line 2511
System err line 2512
System err line 2513
System err line 2514
System err line 2515
System err line 2516
System err line 2517
System err line 2518
System err line 2519
System err line 2520
System err line 2521
System err line 2522
System err line 2523
System err line 2524
System err line 2525
System err line 2526
System err line 2527
System err line 2528
System err line 2529
System err line 2530
System err line 2531
System err line 2532
System err line 2533
System err line 2534
System err line 2535
System err line 2536
System err line 2537
System err line 2538
System err line 2539
System err line 2540
System err line 2541
System err line 2542
System err line 2543
System err line 2544
System err line 2545
System err line 2546
System err line 2547
System err line 2548
System err line 2549
System err line 2550
System err line 2551
System err line 2552
System err line 2553
System err line 2554
System err line 2555
System err line 2556
System err line 2557
System err line 2558
System err line 2559
System err line 2560
System err line 2561
System err line 2562
System err line 2563
System err line 2564
System err line 2565
System err line 2566
System err line 2567
System err line 2568
System err line 2569
System err line 2570
System err line 2571
System err line 2572
System err line 2573
System err line 2574
System err line 2575
System err line 2576
System err line 2577
System err line 2578
System err line 2579
System err line 2580
System err line 2581
System err line 2582
System err line 2583
System err line 2584
System err line 2585
System err line 2586
System err line 2587
System err line 2588
System err line 2589
System err line 2590
System err line 2591
System err line 2592
System err line 2593
System err line 2594
System err line 2595
System err line 2596
System err line 2597
System err line 2598
System err line 2599
System err line 2600
System err line 2601
System err line 2602
System err line 2603
System err line 2604
System err line 2605
System err line 2606
System err line 2607
System err line 2608
System err line 2609
System err line 2610
System err line 2611
System err line 2612
System err line 2613
System err line 2614
System err line 2615
System err line 2616
System err line 2617
System err line 2618
System err line 2619
System err line 2620
System err line 2621
System err line 2622
System err line 2623
System err line 2624
System err line 2625
System err line 2626
System err line 2627
System err line 2628
System err line 2629
System err line 2630
System err line 2631
System err line 2632
System err line 2633
System err line 2634
System err line 2635
System err line 2636
System err line 2637
System err line 2638
System err line 2639
System err line 2640
System err line 2641
System err line 2642
System err line 2643
System err line 2644
System err line 2645
System err line 2646
System err line 2647
System err line 2648
System err line 2649
System err line 2650
System err line 2651
System err line 2652
System err line 2653
System err line 2654
System err line 2655
System err line 2656
System err line 2657
System err line 2658
System err line 2659
System err line 2660
System err line 2661
System err line 2662
System err line 2663
System err line 2664
System err line 2665
System err line 2666
System err line 2667
System err line 2668
System err line 2669
System err line 2670
System err line 2671
System err line 2672
System err line 2673
System err line 2674
System err line 2675
System err line 2676
System err line 2677
System err line 2678
System err line 2679
System err line 2680
System err line 2681
System err line 2682
System err line 2683
System err line 2684
System err line 2685
System err line 2686
System err line 2687
System err line 2688
System err line 2689
System err line 2690
System err line 2691
System err line 2692
System err line 2693
System err line 2694
System err line 2695
System err line 2696
System err line 2697
System err line 2698
System err line 2699
System err line 2700
System err line 2701
System err line 2702
System err line 2703
System err line 2704
System err line 2705
System err line 2706
System err line 2707
System err line 2708
System err line 2709
System err line 2710
System err line 2711
System err line 2712
System err line 2713
System err line 2714
System err line 2715
System err line 2716
System err line 2717
System err line 2718
System err line 2719
System err line 2720
System err line 2721
System err line 2722
System err line 2723
System err line 2724
System err line 2725
System err line 2726
System err line 2727
System err line 2728
System err line 2729
System err line 2730
System err line 2731
System err line 2732
System err line 2733
System err line 2734
System err line 2735
System err line 2736
System err line 2737
System err line 2738
System err line 2739
System err line 2740
System err line 2741
System err line 2742
System err line 2743
System err line 2744
System err line 2745
System err line 2746
System err line 2747
System err line 2748
System err line 2749
System err line 2750
System err line 2751
System err line 2752
System err line 2753
System err line 2754
System err line 2755
System err line 2756
System err line 2757
System err line 2758
System err line 2759
System err line 2760
System err line 2761
System err line 2762
System err line 2763
System err line 2764
System err line 2765
System err line 2766
System err line 2767
System err line 2768
System err line 2769
System err line 2770
System err line 2771
System err line 2772
System err line 2773
System err line 2774
System err line 2775
System err line 2776
System err line 2777
System err line 2778
System err line 2779
System err line 2780
System err line 2781
System err line 2782
System err line 2783
System err line 2784
System err line 2785
System err line 2786
System err line 2787
System err line 2788
System err line 2789
System err line 2790
System err line 2791
System err line 2792
System err line 2793
System err line 2794
System err line 2795
System err line 2796
System err line 2797
System err line 2798
System err line 2799
System err line 2800
System err line 2801
System err line 2802
System err line 2803
System err line 2804
System err line 2805
System err line 2806
System err line 2807
System err line 2808
System err line 2809
System err line 2810
System err line 2811
System err line 2812
System err line 2813
System err line 2814
System err line 2815
System err line 2816
System err line 2817
System err line 2818
System err line 2819
System err line 2820
System err line 2821
System err line 2822
System err line 2823
System err line 2824
System err line 2825
System err line 2826
System err line 2827
System err line 2828
System err line 2829
System err line 2830
System err line 2831
System err line 2832
System err line 2833
System err line 2834
System err line 2835
System err line 2836
System err line 2837
System err line 2838
System err line 2839
System err line 2840
System err line 2841
System err line 2842
System err line 2843
System err line 2844
System err line 2845
System err line 2846
System err line 2847
System err line 2848
System err line 2849
System err line 2850
System err line 2851
System err line 2852
System err line 2853
System err line 2854
System err line 2855
System err line 2856
System err line 2857
System err line 2858
System err line 2859
System err line 2860
System err line 2861
System err line 2862
System err line 2863
System err line 2864
System err line 2865
System err line 2866
System err line 2867
System err line 2868
System err line 2869
System err line 2870
System err line 2871
System err line 2872
System err line 2873
System err line 2874
System err line 2875
System err line 2876
System err line 2877
System err line 2878
System err line 2879
System err line 2880
System err line 2881
System err line 2882
System err line 2883
System err line 2884
System err line 2885
System err line 2886
System err line 2887
System err line 2888
System err line 2889
System err line 2890
System err line 2891
System err line 2892
System err line 2893
System err line 2894
System err line 2895
System err line 2896
System err line 2897
System err line 2898
System err line 2899
System err line 2900
System err line 2901
System err line 2902
System err line 2903
System err line 2904
System err line 2905
System err line 2906
System err line 2907
System err line 2908
System err line 2909
System err line 2910
System err line 2911
System err line 2912
System err line 2913
System err line 2914
System err line 2915
System err line 2916
System err line 2917
System err line 2918
System err line 2919
System err line 2920
System err line 2921
System err line 2922
System err line 2923
System err line 2924
System err line 2925
System err line 2926
System err line 2927
System err line 2928
System err line 2929
System err line 2930
System err line 2931
System err line 2932
System err line 2933
System err line 2934
System err line 2935
System err line 2936
System err line 2937
System err line 2938
System err line 2939
System err line 2940
System err line 2941
System err line 2942
System err line 2943
System err line 2944
System err line 2945
System err line 2946
System err line 2947
System err line 2948
System err line 2949
System err line 2950
System err line 2951
System err line 2952
System err line 2953
System err line 2954
System err line 2955
System err line 2956
System err line 2957
System err line 2958
System err line 2959
System err line 2960
System err line 2961
System err line 2962
System err line 2963
System err line 2964
System err line 2965
System err line 2966
System err line 2967
System err line 2968
System err line 2969
System err line 2970
System err line 2971
System err line 2972
System err line 2973
System err line 2974
System err line 2975
System err line 2976
System err line 2977
System err line 2978
System err line 2979
System err line 2980
System err line 2981
System err line 2982
System err line 2983
System err line 2984
System err line 2985
System err line 2986
System err line 2987
System err line 2988
System err line 2989
System err line 2990
System err line 2991
System err line 2992
System err line 2993
System err line 2994
System err line 2995
System err line 2996
System err line 2997
System err line 2998
System err line 2999
System err line 3000
System err line 3001
System err line 3002
System err line 3003
System err line 3004
System err line 3005
System err line 3006
System err line 3007
System err line 3008
System err line 3009
System err line 3010
System err line 3011
System err line 3012
System err line 3013
System err line 3014
System err line 3015
System err line 3016
System err line 3017
System err line 3018
System err line 3019
System err line 3020
System err line 3021
System err line 3022
System err line 3023
System err line 3024
System err line 3025
System err line 3026
System err line 3027
System err line 3028
System err line 3029
System err line 3030
System err line 3031
System err line 3032
System err line 3033
System err line 3034
System err line 3035
System err line 3036
System err line 3037
System err line 3038
System err line 3039
System err line 3040
System err line 3041
System err line 3042
System err line 3043
System err line 3044
System err line 3045
System err line 3046
System err line 3047
System err line 3048
System err line 3049
System err line 3050
System err line 3051
System err line 3052
System err line 3053
System err line 3054
System err line 3055
System err line 3056
System err line 3057
System err line 3058
System err line 3059
System err line 3060
System err line 3061
System err line 3062
System err line 3063
System err line 3064
System err line 3065
System err line 3066
System err line 3067
System err line 3068
System err line 3069
System err line 3070
System err line 3071
System err line 3072
System err line 3073
System err line 3074
System err line 3075
System err line 3076
System err line 3077
System err line 3078
System err line 3079
System err line 3080
System err line 3081
System err line 3082
System err line 3083
System err line 3084
System err line 3085
System err line 3086
System err line 3087
System err line 3088
System err line 3089
System err line 3090
System err line 3091
System err line 3092
System err line 3093
System err line 3094
System err line 3095
System err line 3096
System err line 3097
System err line 3098
System err line 3099
System err line 3100
System err line 3101
System err line 3102
System err line 3103
System err line 3104
System err line 3105
System err line 3106
System err line 3107
System err line 3108
System err line 3109
System err line 3110
System err line 3111
System err line 3112
System err line 3113
System err line 3114
System err line 3115
System err line 3116
System err line 3117
System err line 3118
System err line 3119
System err line 3120
System err line 3121
System err line 3122
System err line 3123
System err line 3124
System err line 3125
System err line 3126
System err line 3127
System err line 3128
System err line 3129
System err line 3130
System err line 3131
System err line 3132
System err line 3133
System err line 3134
System err line 3135
System err line 3136
System err line 3137
System err line 3138
System err line 3139
System err line 3140
System err line 3141
System err line 3142
System err line 3143
System err line 3144
System err line 3145
System err line 3146
System err line 3147
System err line 3148
System err line 3149
System err line 3150
System err line 3151
System err line 3152
System err line 3153
System err line 3154
System err line 3155
System err line 3156
System err line 3157
System err line 3158
System err line 3159
System err line 3160
System err line 3161
System err line 3162
System err line 3163
System err line 3164
System err line 3165
System err line 3166
System err line 3167
System err line 3168
System err line 3169
System err line 3170
System err line 3171
System err line 3172
System err line 3173
System err line 3174
System err line 3175
System err line 3176
System err line 3177
System err line 3178
System err line 3179
System err line 3180
System err line 3181
System err line 3182
System err line 3183
System err line 3184
System err line 3185
System err line 3186
System err line 3187
System err line 3188
System err line 3189
System err line 3190
System err line 3191
System err line 3192
System err line 3193
System err line 3194
System err line 3195
System err line 3196
System err line 3197
System err line 3198
System err line 3199
System err line 3200
System err line 3201
System err line 3202
System err line 3203
System err line 3204
System err line 3205
System err line 3206
System err line 3207
System err line 3208
System err line 3209
System err line 3210
System err line 3211
System err line 3212
System err line 3213
System err line 3214
System err line 3215
System err line 3216
System err line 3217
System err line 3218
System err line 3219
System err line 3220
System err line 3221
System err line 3222
System err line 3223
System err line 3224
System err line 3225
System err line 3226
System err line 3227
System err line 3228
System err line 3229
System err line 3230
System err line 3231
System err line 3232
System err line 3233
System err line 3234
System err line 3235
System err line 3236
System err line 3237
System err line 3238
System err line 3239
System err line 3240
System err line 3241
System err line 3242
System err line 3243
System err line 3244
System err line 3245
System err line 3246
System err line 3247
System err line 3248
System err line 3249
System err line 3250
System err line 3251
System err line 3252
System err line 3253
System err line 3254
System err line 3255
System err line 3256
System err line 3257
System err line 3258
System err line 3259
System err line 3260
System err line 3261
System err line 3262
System err line 3263
System err line 3264
System err line 3265
System err line 3266
System err line 3267
System err line 3268
System err line 3269
System err line 3270
System err line 3271
System err line 3272
System err line 3273
System err line 3274
System err line 3275
System err line 3276
System err line 3277
System err line 3278
System err line 3279
System err line 3280
System err line 3281
System err line 3282
System err line 3283
System err line 3284
System err line 3285
System err line 3286
System err line 3287
System err line 3288
System err line 3289
System err line 3290
System err line 3291
System err line 3292
System err line 3293
System err line 3294
System err line 3295
System err line 3296
System err line 3297
System err line 3298
System err line 3299
System err line 3300
System err line 3301
System err line 3302
System err line 3303
System err line 3304
System err line 3305
System err line 3306
System err line 3307
System err line 3308
System err line 3309
System err line 3310
System err line 3311
System err line 3312
System err line 3313
System err line 3314
System err line 3315
System err line 3316
System err line 3317
System err line 3318
System err line 3319
System err line 3320
System err line 3321
System err line 3322
System err line 3323
System err line 3324
System err line 3325
System err line 3326
System err line 3327
System err line 3328
System err line 3329
System err line 3330
System err line 3331
System err line 3332
System err line 3333
System err line 3334
System err line 3335
System err line 3336
System err line 3337
System err line 3338
System err line 3339
System err line 3340
System err line 3341
System err line 3342
System err line 3343
System err line 3344
System err line 3345
System err line 3346
System err line 3347
System err line 3348
System err line 3349
System err line 3350
System err line 3351
System err line 3352
System err line 3353
System err line 3354
System err line 3355
System err line 3356
System err line 3357
System err line 3358
System err line 3359
System err line 3360
System err line 3361
System err line 3362
System err line 3363
System err line 3364
System err line 3365
System err line 3366
System err line 3367
System err line 3368
System err line 3369
System err line 3370
System err line 3371
System err line 3372
System err line 3373
System err line 3374
System err line 3375
System err line 3376
System err line 3377
System err line 3378
System err line 3379
System err line 3380
System err line 3381
System err line 3382
System err line 3383
System err line 3384
System err line 3385
System err line 3386
System err line 3387
System err line 3388
System err line 3389
System err line 3390
System err line 3391
System err line 3392
System err line 3393
System err line 3394
System err line 3395
System err line 3396
System err line 3397
System err line 3398
System err line 3399
System err line 3400
System err line 3401
System err line 3402
System err line 3403
System err line 3404
System err line 3405
System err line 3406
System err line 3407
System err line 3408
System err line 3409
System err line 3410
System err line 3411
System err line 3412
System err line 3413
System err line 3414
System err line 3415
System err line 3416
System err line 3417
System err line 3418
System err line 3419
System err line 3420
System err line 3421
System err line 3422
System err line 3423
System err line 3424
System err line 3425
System err line 3426
System err line 3427
System err line 3428
System err line 3429
System err line 3430
System err line 3431
System err line 3432
System err line 3433
System err line 3434
System err line 3435
System err line 3436
System err line 3437
System err line 3438
System err line 3439
System err line 3440
System err line 3441
System err line 3442
System err line 3443
System err line 3444
System err line 3445
System err line 3446
System err line 3447
System err line 3448
System err line 3449
System err line 3450
System err line 3451
System err line 3452
System err line 3453
System err line 3454
System err line 3455
System err line 3456
System err line 3457
System err line 3458
System err line 3459
System err line 3460
System err line 3461
System err line 3462
System err line 3463
System err line 3464
System err line 3465
System err line 3466
System err line 3467
System err line 3468
System err line 3469
System err line 3470
System err line 3471
System err line 3472
System err line 3473
System err line 3474
System err line 3475
System err line 3476
System err line 3477
System err line 3478
System err line 3479
System err line 3480
System err line 3481
System err line 3482
System err line 3483
System err line 3484
System err line 3485
System err line 3486
System err line 3487
System err line 3488
System err line 3489
System err line 3490
System err line 3491
System err line 3492
System err line 3493
System err line 3494
System err line 3495
System err line 3496
System err line 3497
System err line 3498
System err line 3499
System err line 3500
System err line 3501
System err line 3502
System err line 3503
System err line 3504
System err line 3505
System err line 3506
System err line 3507
System err line 3508
System err line 3509
System err line 3510
System err line 3511
System err line 3512
System err line 3513
System err line 3514
System err line 3515
System err line 3516
System err line 3517
System err line 3518
System err line 3519
System err line 3520
System err line 3521
System err line 3522
System err line 3523
System err line 3524
System err line 3525
System err line 3526
System err line 3527
System err line 3528
System err line 3529
System err line 3530
System err line 3531
System err line 3532
System err line 3533
System err line 3534
System err line 3535
System err line 3536
System err line 3537
System err line 3538
System err line 3539
System err line 3540
System err line 3541
System err line 3542
System err line 3543
System err line 3544
System err line 3545
System err line 3546
System err line 3547
System err line 3548
System err line 3549
System err line 3550
System err line 3551
System err line 3552
System err line 3553
System err line 3554
System err line 3555
System err line 3556
System err line 3557
System err line 3558
System err line 3559
System err line 3560
System err line 3561
System err line 3562
System err line 3563
System err line 3564
System err line 3565
System err line 3566
System err line 3567
System err line 3568
System err line 3569
System err line 3570
System err line 3571
System err line 3572
System err line 3573
System err line 3574
System err line 3575
System err line 3576
System err line 3577
System err line 3578
System err line 3579
System err line 3580
System err line 3581
System err line 3582
System err line 3583
System err line 3584
System err line 3585
System err line 3586
System err line 3587
System err line 3588
System err line 3589
System err line 3590
System err line 3591
System err line 3592
System err line 3593
System err line 3594
System err line 3595
System err line 3596
System err line 3597
System err line 3598
System err line 3599
System err line 3600
System err line 3601
System err line 3602
System err line 3603
System err line 3604
System err line 3605
System err line 3606
System err line 3607
System err line 3608
System err line 3609
System err line 3610
System err line 3611
System err line 3612
System err line 3613
System err line 3614
System err line 3615
System err line 3616
System err line 3617
System err line 3618
System err line 3619
System err line 3620
System err line 3621
System err line 3622
System err line 3623
System err line 3624
System err line 3625
System err line 3626
System err line 3627
System err line 3628
System err line 3629
System err line 3630
System err line 3631
System err line 3632
System err line 3633
System err line 3634
System err line 3635
System err line 3636
System err line 3637
System err line 3638
System err line 3639
System err line 3640
System err line 3641
System err line 3642
System err line 3643
System err line 3644
System err line 3645
System err line 3646
System err line 3647
System err line 3648
System err line 3649
System err line 3650
System err line 3651
System err line 3652
System err line 3653
System err line 3654
System err line 3655
System err line 3656
System err line 3657
System err line 3658
System err line 3659
System err line 3660
System err line 3661
System err line 3662
System err line 3663
System err line 3664
System err line 3665
System err line 3666
System err line 3667
System err line 3668
System err line 3669
System err line 3670
System err line 3671
System err line 3672
System err line 3673
System err line 3674
System err line 3675
System err line 3676
System err line 3677
System err line 3678
System err line 3679
System err line 3680
System err line 3681
System err line 3682
System err line 3683
System err line 3684
System err line 3685
System err line 3686
System err line 3687
System err line 3688
System err line 3689
System err line 3690
System err line 3691
System err line 3692
System err line 3693
System err line 3694
System err line 3695
System err line 3696
System err line 3697
System err line 3698
System err line 3699
System err line 3700
System err line 3701
System err line 3702
System err line 3703
System err line 3704
System err line 3705
System err line 3706
System err line 3707
System err line 3708
System err line 3709
System err line 3710
System err line 3711
System err line 3712
System err line 3713
System err line 3714
System err line 3715
System err line 3716
System err line 3717
System err line 3718
System err line 3719
System err line 3720
System err line 3721
System err line 3722
System err line 3723
System err line 3724
System err line 3725
System err line 3726
System err line 3727
System err line 3728
System err line 3729
System err line 3730
System err line 3731
System err line 3732
System err line 3733
System err line 3734
System err line 3735
System err line 3736
System err line 3737
System err line 3738
System err line 3739
System err line 3740
System err line 3741
System err line 3742
System err line 3743
System err line 3744
System err line 3745
System err line 3746
System err line 3747
System err line 3748
System err line 3749
System err line 3750
System err line 3751
System err line 3752
System err line 3753
System err line 3754
System err line 3755
System err line 3756
System err line 3757
System err line 3758
System err line 3759
System err line 3760
System err line 3761
System err line 3762
System err line 3763
System err line 3764
System err line 3765
System err line 3766
System err line 3767
System err line 3768
System err line 3769
System err line 3770
System err line 3771
System err line 3772
System err line 3773
System err line 3774
System err line 3775
System err line 3776
System err line 3777
System err line 3778
System err line 3779
System err line 3780
System err line 3781
System err line 3782
System err line 3783
System err line 3784
System err line 3785
System err line 3786
System err line 3787
System err line 3788
System err line 3789
System err line 3790
System err line 3791
System err line 3792
System err line 3793
System err line 3794
System err line 3795
System err line 3796
System err line 3797
System err line 3798
System err line 3799
System err line 3800
System err line 3801
System err line 3802
System err line 3803
System err line 3804
System err line 3805
System err line 3806
System err line 3807
System err line 3808
System err line 3809
System err line 3810
System err line 3811
System err line 3812
System err line 3813
System err line 3814
System err line 3815
System err line 3816
System err line 3817
System err line 3818
System err line 3819
System err line 3820
System err line 3821
System err line 3822
System err line 3823
System err line 3824
System err line 3825
System err line 3826
System err line 3827
System err line 3828
System err line 3829
System err line 3830
System err line 3831
System err line 3832
System err line 3833
System err line 3834
System err line 3835
System err line 3836
System err line 3837
System err line 3838
System err line 3839
System err line 3840
System err line 3841
System err line 3842
System err line 3843
System err line 3844
System err line 3845
System err line 3846
System err line 3847
System err line 3848
System err line 3849
System err line 3850
System err line 3851
System err line 3852
System err line 3853
System err line 3854
System err line 3855
System err line 3856
System err line 3857
System err line 3858
System err line 3859
System err line 3860
System err line 3861
System err line 3862
System err line 3863
System err line 3864
System err line 3865
System err line 3866
System err line 3867
System err line 3868
System err line 3869
System err line 3870
System err line 3871
System err line 3872
System err line 3873
System err line 3874
System err line 3875
System err line 3876
System err line 3877
System err line 3878
System err line 3879
System err line 3880
System err line 3881
System err line 3882
System err line 3883
System err line 3884
System err line 3885
System err line 3886
System err line 3887
System err line 3888
System err line 3889
System err line 3890
System err line 3891
System err line 3892
System err line 3893
System err line 3894
System err line 3895
System err line 3896
System err line 3897
System err line 3898
System err line 3899
System err line 3900
System err line 3901
System err line 3902
System err line 3903
System err line 3904
System err line 3905
System err line 3906
System err line 3907
System err line 3908
System err line 3909
System err line 3910
System err line 3911
System err line 3912
System err line 3913
System err line 3914
System err line 3915
System err line 3916
System err line 3917
System err line 3918
System err line 3919
System err line 3920
System err line 3921
System err line 3922
System err line 3923
System err line 3924
System err line 3925
System err line 3926
System err line 3927
System err line 3928
System err line 3929
System err line 3930
System err line 3931
System err line 3932
System err line 3933
System err line 3934
System err line 3935
System err line 3936
System err line 3937
System err line 3938
System err line 3939
System err line 3940
System err line 3941
System err line 3942
System err line 3943
System err line 3944
System err line 3945
System err line 3946
System err line 3947
System err line 3948
System err line 3949
System err line 3950
System err line 3951
System err line 3952
System err line 3953
System err line 3954
System err line 3955
System err line 3956
System err line 3957
System err line 3958
System err line 3959
System err line 3960
System err line 3961
System err line 3962
System err line 3963
System err line 3964
System err line 3965
System err line 3966
System err line 3967
System err line 3968
System err line 3969
System err line 3970
System err line 3971
System err line 3972
System err line 3973
System err line 3974
System err line 3975
System err line 3976
System err line 3977
System err line 3978
System err line 3979
System err line 3980
System err line 3981
System err line 3982
System err line 3983
System err line 3984
System err line 3985
System err line 3986
System err line 3987
System err line 3988
System err line 3989
System err line 3990
System err line 3991
System err line 3992
System err line 3993
System err line 3994
System err line 3995
System err line 3996
System err line 3997
System err line 3998
System err line 3999
System err line 4000
System err line 4001
System err line 4002
System err line 4003
System err line 4004
System err line 4005
System err line 4006
System err line 4007
System err line 4008
System err line 4009
System err line 4010
System err line 4011
System err line 4012
System err line 4013
System err line 4014
System err line 4015
System err line 4016
System err line 4017
System err line 4018
System err line 4019
System err line 4020
System err line 4021
System err line 4022
System err line 4023
System err line 4024
System err line 4025
System err line 4026
System err line 4027
System err line 4028
System err line 4029
System err line 4030
System err line 4031
System err line 4032
System err line 4033
System err line 4034
System err line 4035
System err line 4036
System err line 4037
System err line 4038
System err line 4039
System err line 4040
System err line 4041
System err line 4042
System err line 4043
System err line 4044
System err line 4045
System err line 4046
System err line 4047
System err line 4048
System err line 4049
System err line 4050
System err line 4051
System err line 4052
System err line 4053
System err line 4054
System err line 4055
System err line 4056
System err line 4057
System err line 4058
System err line 4059
System err line 4060
System err line 4061
System err line 4062
System err line 4063
System err line 4064
System err line 4065
System err line 4066
System err line 4067
System err line 4068
System err line 4069
System err line 4070
System err line 4071
System err line 4072
System err line 4073
System err line 4074
System err line 4075
System err line 4076
System err line 4077
System err line 4078
System err line 4079
System err line 4080
System err line 4081
System err line 4082
System err line 4083
System err line 4084
System err line 4085
System err line 4086
System err line 4087
System err line 4088
System err line 4089
System err line 4090
System err line 4091
System err line 4092
System err line 4093
System err line 4094
System err line 4095
System err line 4096
System err line 4097
System err line 4098
System err line 4099
System err line 4100
System err line 4101
System err line 4102
System err line 4103
System err line 4104
System err line 4105
System err line 4106
System err line 4107
System err line 4108
System err line 4109
System err line 4110
System err line 4111
System err line 4112
System err line 4113
System err line 4114
System err line 4115
System err line 4116
System err line 4117
System err line 4118
System err line 4119
System err line 4120
System err line 4121
System err line 4122
System err line 4123
System err line 4124
System err line 4125
System err line 4126
System err line 4127
System err line 4128
System err line 4129
System err line 4130
System err line 4131
System err line 4132
System err line 4133
System err line 4134
System err line 4135
System err line 4136
System err line 4137
System err line 4138
System err line 4139
System err line 4140
System err line 4141
System err line 4142
System err line 4143
System err line 4144
System err line 4145
System err line 4146
System err line 4147
System err line 4148
System err line 4149
System err line 4150
System err line 4151
System err line 4152
System err line 4153
System err line 4154
System err line 4155
System err line 4156
System err line 4157
System err line 4158
System err line 4159
System err line 4160
System err line 4161
System err line 4162
System err line 4163
System err line 4164
System err line 4165
System err line 4166
System err line 4167
System err line 4168
System err line 4169
System err line 4170
System err line 4171
System err line 4172
System err line 4173
System err line 4174
System err line 4175
System err line 4176
System err line 4177
System err line 4178
System err line 4179
System err line 4180
System err line 4181
System err line 4182
System err line 4183
System err line 4184
System err line 4185
System err line 4186
System err line 4187
System err line 4188
System err line 4189
System err line 4190
System err line 4191
System err line 4192
System err line 4193
System err line 4194
System err line 4195
System err line 4196
System err line 4197
System err line 4198
System err line 4199
System err line 4200
System err line 4201
System err line 4202
System err line 4203
System err line 4204
System err line 4205
System err line 4206
System err line 4207
System err line 4208
System err line 4209
System err line 4210
System err line 4211
System err line 4212
System err line 4213
System err line 4214
System err line 4215
System err line 4216
System err line 4217
System err line 4218
System err line 4219
System err line 4220
System err line 4221
System err line 4222
System err line 4223
System err line 4224
System err line 4225
System err line 4226
System err line 4227
System err line 4228
System err line 4229
System err line 4230
System err line 4231
System err line 4232
System err line 4233
System err line 4234
System err line 4235
System err line 4236
System err line 4237
System err line 4238
System err line 4239
System err line 4240
System err line 4241
System err line 4242
System err line 4243
System err line 4244
System err line 4245
System err line 4246
System err line 4247
System err line 4248
System err line 4249
System err line 4250
System err line 4251
System err line 4252
System err line 4253
System err line 4254
System err line 4255
System err line 4256
System err line 4257
System err line 4258
System err line 4259
System err line 4260
System err line 4261
System err line 4262
System err line 4263
System err line 4264
System err line 4265
System err line 4266
System err line 4267
System err line 4268
System err line 4269
System err line 4270
System err line 4271
System err line 4272
System err line 4273
System err line 4274
System err line 4275
System err line 4276
System err line 4277
System err line 4278
System err line 4279
System err line 4280
System err line 4281
System err line 4282
System err line 4283
System err line 4284
System err line 4285
System err line 4286
System err line 4287
System err line 4288
System err line 4289
System err line 4290
System err line 4291
System err line 4292
System err line 4293
System err line 4294
System err line 4295
System err line 4296
System err line 4297
System err line 4298
System err line 4299
System err line 4300
System err line 4301
System err line 4302
System err line 4303
System err line 4304
System err line 4305
System err line 4306
System err line 4307
System err line 4308
System err line 4309
System err line 4310
System err line 4311
System err line 4312
System err line 4313
System err line 4314
System err line 4315
System err line 4316
System err line 4317
System err line 4318
System err line 4319
System err line 4320
System err line 4321
System err line 4322
System err line 4323
System err line 4324
System err line 4325
System err line 4326
System err line 4327
System err line 4328
System err line 4329
System err line 4330
System err line 4331
System err line 4332
System err line 4333
System err line 4334
System err line 4335
System err line 4336
System err line 4337
System err line 4338
System err line 4339
System err line 4340
System err line 4341
System err line 4342
System err line 4343
System err line 4344
System err line 4345
System err line 4346
System err line 4347
System err line 4348
System err line 4349
System err line 4350
System err line 4351
System err line 4352
System err line 4353
System err line 4354
System err line 4355
System err line 4356
System err line 4357
System err line 4358
System err line 4359
System err line 4360
System err line 4361
System err line 4362
System err line 4363
System err line 4364
System err line 4365
System err line 4366
System err line 4367
System err line 4368
System err line 4369
System err line 4370
System err line 4371
System err line 4372
System err line 4373
System err line 4374
System err line 4375
System err line 4376
System err line 4377
System err line 4378
System err line 4379
System err line 4380
System err line 4381
System err line 4382
System err line 4383
System err line 4384
System err line 4385
System err line 4386
System err line 4387
System err line 4388
System err line 4389
System err line 4390
System err line 4391
System err line 4392
System err line 4393
System err line 4394
System err line 4395
System err line 4396
System err line 4397
System err line 4398
System err line 4399
System err line 4400
System err line 4401
System err line 4402
System err line 4403
System err line 4404
System err line 4405
System err line 4406
System err line 4407
System err line 4408
System err line 4409
System err line 4410
System err line 4411
System err line 4412
System err line 4413
System err line 4414
System err line 4415
System err line 4416
System err line 4417
System err line 4418
System err line 4419
System err line 4420
System err line 4421
System err line 4422
System err line 4423
System err line 4424
System err line 4425
System err line 4426
System err line 4427
System err line 4428
System err line 4429
System err line 4430
System err line 4431
System err line 4432
System err line 4433
System err line 4434
System err line 4435
System err line 4436
System err line 4437
System err line 4438
System err line 4439
System err line 4440
System err line 4441
System err line 4442
System err line 4443
System err line 4444
System err line 4445
System err line 4446
System err line 4447
System err line 4448
System err line 4449
System err line 4450
System err line 4451
System err line 4452
System err line 4453
System err line 4454
System err line 4455
System err line 4456
System err line 4457
System err line 4458
System err line 4459
System err line 4460
System err line 4461
System err line 4462
System err line 4463
System err line 4464
System err line 4465
System err line 4466
System err line 4467
System err line 4468
System err line 4469
System err line 4470
System err line 4471
System err line 4472
System err line 4473
System err line 4474
System err line 4475
System err line 4476
System err line 4477
System err line 4478
System err line 4479
System err line 4480
System err line 4481
System err line 4482
System err line 4483
System err line 4484
System err line 4485
System err line 4486
System err line 4487
System err line 4488
System err line 4489
System err line 4490
System err line 4491
System err line 4492
System err line 4493
System err line 4494
System err line 4495
System err line 4496
System err line 4497
System err line 4498
System err line 4499
System err line 4500
System err line 4501
System err line 4502
System err line 4503
System err line 4504
System err line 4505
System err line 4506
System err line 4507
System err line 4508
System err line 4509
System err line 4510
System err line 4511
System err line 4512
System err line 4513
System err line 4514
System err line 4515
System err line 4516
System err line 4517
System err line 4518
System err line 4519
System err line 4520
System err line 4521
System err line 4522
System err line 4523
System err line 4524
System err line 4525
System err line 4526
System err line 4527
System err line 4528
System err line 4529
System err line 4530
System err line 4531
System err line 4532
System err line 4533
System err line 4534
System err line 4535
System err line 4536
System err line 4537
System err line 4538
System err line 4539
System err line 4540
System err line 4541
System err line 4542
System err line 4543
System err line 4544
System err line 4545
System err line 4546
System err line 4547
System err line 4548
System err line 4549
System err line 4550
System err line 4551
System err line 4552
System err line 4553
System err line 4554
System err line 4555
System err line 4556
System err line 4557
System err line 4558
System err line 4559
System err line 4560
System err line 4561
System err line 4562
System err line 4563
System err line 4564
System err line 4565
System err line 4566
System err line 4567
System err line 4568
System err line 4569
System err line 4570
System err line 4571
System err line 4572
System err line 4573
System err line 4574
System err line 4575
System err line 4576
System err line 4577
System err line 4578
System err line 4579
System err line 4580
System err line 4581
System err line 4582
System err line 4583
System err line 4584
System err line 4585
System err line 4586
System err line 4587
System err line 4588
System err line 4589
System err line 4590
System err line 4591
System err line 4592
System err line 4593
System err line 4594
System err line 4595
System err line 4596
System err line 4597
System err line 4598
System err line 4599
System err line 4600
System err line 4601
System err line 4602
System err line 4603
System err line 4604
System err line 4605
System err line 4606
System err line 4607
System err line 4608
System err line 4609
System err line 4610
System err line 4611
System err line 4612
System err line 4613
System err line 4614
System err line 4615
System err line 4616
System err line 4617
System err line 4618
System err line 4619
System err line 4620
System err line 4621
System err line 4622
System err line 4623
System err line 4624
System err line 4625
System err line 4626
System err line 4627
System err line 4628
System err line 4629
System err line 4630
System err line 4631
System err line 4632
System err line 4633
System err line 4634
System err line 4635
System err line 4636
System err line 4637
System err line 4638
System err line 4639
System err line 4640
System err line 4641
System err line 4642
System err line 4643
System err line 4644
System err line 4645
System err line 4646
System err line 4647
System err line 4648
System err line 4649
System err line 4650
System err line 4651
System err line 4652
System err line 4653
System err line 4654
System err line 4655
System err line 4656
System err line 4657
System err line 4658
System err line 4659
System err line 4660
System err line 4661
System err line 4662
System err line 4663
System err line 4664
System err line 4665
System err line 4666
System err line 4667
System err line 4668
System err line 4669
System err line 4670
System err line 4671
System err line 4672
System err line 4673
System err line 4674
System err line 4675
System err line 4676
System err line 4677
System err line 4678
System err line 4679
System err line 4680
System err line 4681
System err line 4682
System err line 4683
System err line 4684
System err line 4685
System err line 4686
System err line 4687
System err line 4688
System err line 4689
System err line 4690
System err line 4691
System err line 4692
System err line 4693
System err line 4694
System err line 4695
System err line 4696
System err line 4697
System err line 4698
System err line 4699
System err line 4700
System err line 4701
System err line 4702
System err line 4703
System err line 4704
System err line 4705
System err line 4706
System err line 4707
System err line 4708
System err line 4709
System err line 4710
System err line 4711
System err line 4712
System err line 4713
System err line 4714
System err line 4715
System err line 4716
System err line 4717
System err line 4718
System err line 4719
System err line 4720
System err line 4721
System err line 4722
System err line 4723
System err line 4724
System err line 4725
System err line 4726
System err line 4727
System err line 4728
System err line 4729
System err line 4730
System err line 4731
System err line 4732
System err line 4733
System err line 4734
System err line 4735
System err line 4736
System err line 4737
System err line 4738
System err line 4739
System err line 4740
System err line 4741
System err line 4742
System err line 4743
System err line 4744
System err line 4745
System err line 4746
System err line 4747
System err line 4748
System err line 4749
System err line 4750
System err line 4751
System err line 4752
System err line 4753
System err line 4754
System err line 4755
System err line 4756
System err line 4757
System err line 4758
System err line 4759
System err line 4760
System err line 4761
System err line 4762
System err line 4763
System err line 4764
System err line 4765
System err line 4766
System err line 4767
System err line 4768
System err line 4769
System err line 4770
System err line 4771
System err line 4772
System err line 4773
System err line 4774
System err line 4775
System err line 4776
System err line 4777
System err line 4778
System err line 4779
System err line 4780
System err line 4781
System err line 4782
System err line 4783
System err line 4784
System err line 4785
System err line 4786
System err line 4787
System err line 4788
System err line 4789
System err line 4790
System err line 4791
System err line 4792
System err line 4793
System err line 4794
System err line 4795
System err line 4796
System err line 4797
System err line 4798
System err line 4799
System err line 4800
System err line 4801
System err line 4802
System err line 4803
System err line 4804
System err line 4805
System err line 4806
System err line 4807
System err line 4808
System err line 4809
System err line 4810
System err line 4811
System err line 4812
System err line 4813
System err line 4814
System err line 4815
System err line 4816
System err line 4817
System err line 4818
System err line 4819
System err line 4820
System err line 4821
System err line 4822
System err line 4823
System err line 4824
System err line 4825
System err line 4826
System err line 4827
System err line 4828
System err line 4829
System err line 4830
System err line 4831
System err line 4832
System err line 4833
System err line 4834
System err line 4835
System err line 4836
System err line 4837
System err line 4838
System err line 4839
System err line 4840
System err line 4841
System err line 4842
System err line 4843
System err line 4844
System err line 4845
System err line 4846
System err line 4847
System err line 4848
System err line 4849
System err line 4850
System err line 4851
System err line 4852
System err line 4853
System err line 4854
System err line 4855
System err line 4856
System err line 4857
System err line 4858
System err line 4859
System err line 4860
System err line 4861
System err line 4862
System err line 4863
System err line 4864
System err line 4865
System err line 4866
System err line 4867
System err line 4868
System err line 4869
System err line 4870
System err line 4871
System err line 4872
System err line 4873
System err line 4874
System err line 4875
System err line 4876
System err line 4877
System err line 4878
System err line 4879
System err line 4880
System err line 4881
System err line 4882
System err line 4883
System err line 4884
System err line 4885
System err line 4886
System err line 4887
System err line 4888
System err line 4889
System err line 4890
System err line 4891
System err line 4892
System err line 4893
System err line 4894
System err line 4895
System err line 4896
System err line 4897
System err line 4898
System err line 4899
System err line 4900
System err line 4901
System err line 4902
System err line 4903
System err line 4904
System err line 4905
System err line 4906
System err line 4907
System err line 4908
System err line 4909
System err line 4910
System err line 4911
System err line 4912
System err line 4913
System err line 4914
System err line 4915
System err line 4916
System err line 4917
System err line 4918
System err line 4919
System err line 4920
System err line 4921
System err line 4922
System err line 4923
System err line 4924
System err line 4925
System err line 4926
System err line 4927
System err line 4928
System err line 4929
System err line 4930
System err line 4931
System err line 4932
System err line 4933
System err line 4934
System err line 4935
System err line 4936
System err line 4937
System err line 4938
System err line 4939
System err line 4940
System err line 4941
System err line 4942
System err line 4943
System err line 4944
System err line 4945
System err line 4946
System err line 4947
System err line 4948
System err line 4949
System err line 4950
System err line 4951
System err line 4952
System err line 4953
System err line 4954
System err line 4955
System err line 4956
System err line 4957
System err line 4958
System err line 4959
System err line 4960
System err line 4961
System err line 4962
System err line 4963
System err line 4964
System err line 4965
System err line 4966
System err line 4967
System err line 4968
System err line 4969
System err line 4970
System err line 4971
System err line 4972
System err line 4973
System err line 4974
System err line 4975
System err line 4976
System err line 4977
System err line 4978
System err line 4979
System err line 4980
System err line 4981
System err line 4982
System err line 4983
System err line 4984
System err line 4985
System err line 4986
System err line 4987
System err line 4988
System err line 4989
System err line 4990
System err line 4991
System err line 4992
System err line 4993
System err line 4994
System err line 4995
System err line 4996
System err line 4997
System err line 4998
System err line 4999
System err line 5000
System err line 5001
System err line 5002
System err line 5003
System err line 5004
System err line 5005
System err line 5006
System err line 5007
System err line 5008
System err line 5009
System err line 5010
System err line 5011
System err line 5012
System err line 5013
System err line 5014
System err line 5015
System err line 5016
System err line 5017
System err line 5018
System err line 5019
System err line 5020
System err line 5021
System err line 5022
System err line 5023
System err line 5024
System err line 5025
System err line 5026
System err line 5027
System err line 5028
System err line 5029
System err line 5030
System err line 5031
System err line 5032
System err line 5033
System err line 5034
System err line 5035
System err line 5036
System err line 5037
System err line 5038
System err line 5039
System err line 5040
System err line 5041
System err line 5042
System err line 5043
System err line 5044
System err line 5045
System err line 5046
System err line 5047
System err line 5048
System err line 5049
System err line 5050
System err line 5051
System err line 5052
System err line 5053
System err line 5054
System err line 5055
System err line 5056
System err line 5057
System err line 5058
System err line 5059
System err line 5060
System err line 5061
System err line 5062
System err line 5063
System err line 5064
System err line 5065
System err line 5066
System err line 5067
System err line 5068
System err line 5069
System err line 5070
System err line 5071
System err line 5072
System err line 5073
System err line 5074
System err line 5075
System err line 5076
System err line 5077
System err line 5078
System err line 5079
System err line 5080
System err line 5081
System err line 5082
System err line 5083
System err line 5084
System err line 5085
System err line 5086
System err line 5087
System err line 5088
System err line 5089
System err line 5090
System err line 5091
System err line 5092
System err line 5093
System err line 5094
System err line 5095
System err line 5096
System err line 5097
System err line 5098
System err line 5099
System err line 5100
System err line 5101
System err line 5102
System err line 5103
System err line 5104
System err line 5105
System err line 5106
System err line 5107
System err line 5108
System err line 5109
System err line 5110
System err line 5111
System err line 5112
System err line 5113
System err line 5114
System err line 5115
System err line 5116
System err line 5117
System err line 5118
System err line 5119
System err line 5120
System err line 5121
System err line 5122
System err line 5123
System err line 5124
System err line 5125
System err line 5126
System err line 5127
System err line 5128
System err line 5129
System err line 5130
System err line 5131
System err line 5132
System err line 5133
System err line 5134
System err line 5135
System err line 5136
System err line 5137
System err line 5138
System err line 5139
System err line 5140
System err line 5141
System err line 5142
System err line 5143
System err line 5144
System err line 5145
System err line 5146
System err line 5147
System err line 5148
System err line 5149
System err line 5150
System err line 5151
System err line 5152
System err line 5153
System err line 5154
System err line 5155
System err line 5156
System err line 5157
System err line 5158
System err line 5159
System err line 5160
System err line 5161
System err line 5162
System err line 5163
System err line 5164
System err line 5165
System err line 5166
System err line 5167
System err line 5168
System err line 5169
System err line 5170
System err line 5171
System err line 5172
System err line 5173
System err line 5174
System err line 5175
System err line 5176
System err line 5177
System err line 5178
System err line 5179
System err line 5180
System err line 5181
System err line 5182
System err line 5183
System err line 5184
System err line 5185
System err line 5186
System err line 5187
System err line 5188
System err line 5189
System err line 5190
System err line 5191
System err line 5192
System err line 5193
System err line 5194
System err line 5195
System err line 5196
System err line 5197
System err line 5198
System err line 5199
System err line 5200
System err line 5201
System err line 5202
System err line 5203
System err line 5204
System err line 5205
System err line 5206
System err line 5207
System err line 5208
System err line 5209
System err line 5210
System err line 5211
System err line 5212
System err line 5213
System err line 5214
System err line 5215
System err line 5216
System err line 5217
System err line 5218
System err line 5219
System err line 5220
System err line 5221
System err line 5222
System err line 5223
System err line 5224
System err line 5225
System err line 5226
System err line 5227
System err line 5228
System err line 5229
System err line 5230
System err line 5231
System err line 5232
System err line 5233
System err line 5234
System err line 5235
System err line 5236
System err line 5237
System err line 5238
System err line 5239
System err line 5240
System err line 5241
System err line 5242
System err line 5243
System err line 5244
System err line 5245
System err line 5246
System err line 5247
System err line 5248
System err line 5249
System err line 5250
System err line 5251
System err line 5252
System err line 5253
System err line 5254
System err line 5255
System err line 5256
System err line 5257
System err line 5258
System err line 5259
System err line 5260
System err line 5261
System err line 5262
System err line 5263
System err line 5264
System err line 5265
System err line 5266
System err line 5267
System err line 5268
System err line 5269
System err line 5270
System err line 5271
System err line 5272
System err line 5273
System err line 5274
System err line 5275
System err line 5276
System err line 5277
System err line 5278
System err line 5279
System err line 5280
System err line 5281
System err line 5282
System err line 5283
System err line 5284
System err line 5285
System err line 5286
System err line 5287
System err line 5288
System err line 5289
System err line 5290
System err line 5291
System err line 5292
System err line 5293
System err line 5294
System err line 5295
System err line 5296
System err line 5297
System err line 5298
System err line 5299
System err line 5300
System err line 5301
System err line 5302
System err line 5303
System err line 5304
System err line 5305
System err line 5306
System err line 5307
System err line 5308
System err line 5309
System err line 5310
System err line 5311
System err line 5312
System err line 5313
System err line 5314
System err line 5315
System err line 5316
System err line 5317
System err line 5318
System err line 5319
System err line 5320
System err line 5321
System err line 5322
System err line 5323
System err line 5324
System err line 5325
System err line 5326
System err line 5327
System err line 5328
System err line 5329
System err line 5330
System err line 5331
System err line 5332
System err line 5333
System err line 5334
System err line 5335
System err line 5336
System err line 5337
System err line 5338
System err line 5339
System err line 5340
System err line 5341
System err line 5342
System err line 5343
System err line 5344
System err line 5345
System err line 5346
System err line 5347
System err line 5348
System err line 5349
System err line 5350
System err line 5351
System err line 5352
System err line 5353
System err line 5354
System err line 5355
System err line 5356
System err line 5357
System err line 5358
System err line 5359
System err line 5360
System err line 5361
System err line 5362
System err line 5363
System err line 5364
System err line 5365
System err line 5366
System err line 5367
System err line 5368
System err line 5369
System err line 5370
System err line 5371
System err line 5372
System err line 5373
System err line 5374
System err line 5375
System err line 5376
System err line 5377
System err line 5378
System err line 5379
System err line 5380
System err line 5381
System err line 5382
System err line 5383
System err line 5384
System err line 5385
System err line 5386
System err line 5387
System err line 5388
System err line 5389
System err line 5390
System err line 5391
System err line 5392
System err line 5393
System err line 5394
System err line 5395
System err line 5396
System err line 5397
System err line 5398
System err line 5399
System err line 5400
System err line 5401
System err line 5402
System err line 5403
System err line 5404
System err line 5405
System err line 5406
System err line 5407
System err line 5408
System err line 5409
System err line 5410
System err line 5411
System err line 5412
System err line 5413
System err line 5414
System err line 5415
System err line 5416
System err line 5417
System err line 5418
System err line 5419
System err line 5420
System err line 5421
System err line 5422
System err line 5423
System err line 5424
System err line 5425
System err line 5426
System err line 5427
System err line 5428
System err line 5429
System err line 5430
System err line 5431
System err line 5432
System err line 5433
System err line 5434
System err line 5435
System err line 5436
System err line 5437
System err line 5438
System err line 5439
System err line 5440
System err line 5441
System err line 5442
System err line 5443
System err line 5444
System err line 5445
System err line 5446
System err line 5447
System err line 5448
System err line 5449
System err line 5450
System err line 5451
System err line 5452
System err line 5453
System err line 5454
System err line 5455
System err line 5456
System err line 5457
System err line 5458
System err line 5459
System err line 5460
System err line 5461
System err line 5462
System err line 5463
System err line 5464
System err line 5465
System err line 5466
System err line 5467
System err line 5468
System err line 5469
System err line 5470
System err line 5471
System err line 5472
System err line 5473
System err line 5474
System err line 5475
System err line 5476
System err line 5477
System err line 5478
System err line 5479
System err line 5480
System err line 5481
System err line 5482
System err line 5483
System err line 5484
System err line 5485
System err line 5486
System err line 5487
System err line 5488
System err line 5489
System err line 5490
System err line 5491
System err line 5492
System err line 5493
System err line 5494
System err line 5495
System err line 5496
System err line 5497
System err line 5498
System err line 5499
System err line 5500
System err line 5501
System err line 5502
System err line 5503
System err line 5504
System err line 5505
System err line 5506
System err line 5507
System err line 5508
System err line 5509
System err line 5510
System err line 5511
System err line 5512
System err line 5513
System err line 5514
System err line 5515
System err line 5516
System err line 5517
System err line 5518
System err line 5519
System err line 5520
System err line 5521
System err line 5522
System err line 5523
System err line 5524
System err line 5525
System err line 5526
System err line 5527
System err line 5528
System err line 5529
System err line 5530
System err line 5531
System err line 5532
System err line 5533
System err line 5534
System err line 5535
System err line 5536
System err line 5537
System err line 5538
System err line 5539
System err line 5540
System err line 5541
System err line 5542
System err line 5543
System err line 5544
System err line 5545
System err line 5546
System err line 5547
System err line 5548
System err line 5549
System err line 5550
System err line 5551
System err line 5552
System err line 5553
System err line 5554
System err line 5555
System err line 5556
System err line 5557
System err line 5558
System err line 5559
System err line 5560
System err line 5561
System err line 5562
System err line 5563
System err line 5564
System err line 5565
System err line 5566
System err line 5567
System err line 5568
System err line 5569
System err line 5570
System err line 5571
System err line 5572
System err line 5573
System err line 5574
System err line 5575
System err line 5576
System err line 5577
System err line 5578
System err line 5579
System err line 5580
System err line 5581
System err line 5582
System err line 5583
System err line 5584
System err line 5585
System err line 5586
System err line 5587
System err line 5588
System err line 5589
System err line 5590
System err line 5591
System err line 5592
System err line 5593
System err line 5594
System err line 5595
System err line 5596
System err line 5597
System err line 5598
System err line 5599
System err line 5600
System err line 5601
System err line 5602
System err line 5603
System err line 5604
System err line 5605
System err line 5606
System err line 5607
System err line 5608
System err line 5609
System err line 5610
System err line 5611
System err line 5612
System err line 5613
System err line 5614
System err line 5615
System err line 5616
System err line 5617
System err line 5618
System err line 5619
System err line 5620
System err line 5621
System err line 5622
System err line 5623
System err line 5624
System err line 5625
System err line 5626
System err line 5627
System err line 5628
System err line 5629
System err line 5630
System err line 5631
System err line 5632
System err line 5633
System err line 5634
System err line 5635
System err line 5636
System err line 5637
System err line 5638
System err line 5639
System err line 5640
System err line 5641
System err line 5642
System err line 5643
System err line 5644
System err line 5645
System err line 5646
System err line 5647
System err line 5648
System err line 5649
System err line 5650
System err line 5651
System err line 5652
System err line 5653
System err line 5654
System err line 5655
System err line 5656
System err line 5657
System err line 5658
System err line 5659
System err line 5660
System err line 5661
System err line 5662
System err line 5663
System err line 5664
System err line 5665
System err line 5666
System err line 5667
System err line 5668
System err line 5669
System err line 5670
System err line 5671
System err line 5672
System err line 5673
System err line 5674
System err line 5675
System err line 5676
System err line 5677
System err line 5678
System err line 5679
System err line 5680
System err line 5681
System err line 5682
System err line 5683
System err line 5684
System err line 5685
System err line 5686
System err line 5687
System err line 5688
System err line 5689
System err line 5690
System err line 5691
System err line 5692
System err line 5693
System err line 5694
System err line 5695
System err line 5696
System err line 5697
System err line 5698
System err line 5699
System err line 5700
System err line 5701
System err line 5702
System err line 5703
System err line 5704
System err line 5705
System err line 5706
System err line 5707
System err line 5708
System err line 5709
System err line 5710
System err line 5711
System err line 5712
System err line 5713
System err line 5714
System err line 5715
System err line 5716
System err line 5717
System err line 5718
System err line 5719
System err line 5720
System err line 5721
System err line 5722
System err line 5723
System err line 5724
System err line 5725
System err line 5726
System err line 5727
System err line 5728
System err line 5729
System err line 5730
System err line 5731
System err line 5732
System err line 5733
System err line 5734
System err line 5735
System err line 5736
System err line 5737
System err line 5738
System err line 5739
System err line 5740
System err line 5741
System err line 5742
System err line 5743
System err line 5744
System err line 5745
System err line 5746
System err line 5747
System err line 5748
System err line 5749
System err line 5750
System err line 5751
System err line 5752
System err line 5753
System err line 5754
System err line 5755
System err line 5756
System err line 5757
System err line 5758
System err line 5759
System err line 5760
System err line 5761
System err line 5762
System err line 5763
System err line 5764
System err line 5765
System err line 5766
System err line 5767
System err line 5768
System err line 5769
System err line 5770
System err line 5771
System err line 5772
System err line 5773
System err line 5774
System err line 5775
System err line 5776
System err line 5777
System err line 5778
System err line 5779
System err line 5780
System err line 5781
System err line 5782
System err line 5783
System err line 5784
System err line 5785
System err line 5786
System err line 5787
System err line 5788
System err line 5789
System err line 5790
System err line 5791
System err line 5792
System err line 5793
System err line 5794
System err line 5795
System err line 5796
System err line 5797
System err line 5798
System err line 5799
System err line 5800
System err line 5801
System err line 5802
System err line 5803
System err line 5804
System err line 5805
System err line 5806
System err line 5807
System err line 5808
System err line 5809
System err line 5810
System err line 5811
System err line 5812
System err line 5813
System err line 5814
System err line 5815
System err line 5816
System err line 5817
System err line 5818
System err line 5819
System err line 5820
System err line 5821
System err line 5822
System err line 5823
System err line 5824
System err line 5825
System err line 5826
System err line 5827
System err line 5828
System err line 5829
System err line 5830
System err line 5831
System err line 5832
System err line 5833
System err line 5834
System err line 5835
System err line 5836
System err line 5837
System err line 5838
System err line 5839
System err line 5840
System err line 5841
System err line 5842
System err line 5843
System err line 5844
System err line 5845
System err line 5846
System err line 5847
System err line 5848
System err line 5849
System err line 5850
System err line 5851
System err line 5852
System err line 5853
System err line 5854
System err line 5855
System err line 5856
System err line 5857
System err line 5858
System err line 5859
System err line 5860
System err line 5861
System err line 5862
System err line 5863
System err line 5864
System err line 5865
System err line 5866
System err line 5867
System err line 5868
System err line 5869
System err line 5870
System err line 5871
System err line 5872
System err line 5873
System err line 5874
System err line 5875
System err line 5876
System err line 5877
System err line 5878
System err line 5879
System err line 5880
System err line 5881
System err line 5882
System err line 5883
System err line 5884
System err line 5885
System err line 5886
System err line 5887
System err line 5888
System err line 5889
System err line 5890
System err line 5891
System err line 5892
System err line 5893
System err line 5894
System err line 5895
System err line 5896
System err line 5897
System err line 5898
System err line 5899
System err line 5900
System err line 5901
System err line 5902
System err line 5903
System err line 5904
System err line 5905
System err line 5906
System err line 5907
System err line 5908
System err line 5909
System err line 5910
System err line 5911
System err line 5912
System err line 5913
System err line 5914
System err line 5915
System err line 5916
System err line 5917
System err line 5918
System err line 5919
System err line 5920
System err line 5921
System err line 5922
System err line 5923
System err line 5924
System err line 5925
System err line 5926
System err line 5927
System err line 5928
System err line 5929
System err line 5930
System err line 5931
System err line 5932
System err line 5933
System err line 5934
System err line 5935
System err line 5936
System err line 5937
System err line 5938
System err line 5939
System err line 5940
System err line 5941
System err line 5942
System err line 5943
System err line 5944
System err line 5945
System err line 5946
System err line 5947
System err line 5948
System err line 5949
System err line 5950
System err line 5951
System err line 5952
System err line 5953
System err line 5954
System err line 5955
System err line 5956
System err line 5957
System err line 5958
System err line 5959
System err line 5960
System err line 5961
System err line 5962
System err line 5963
System err line 5964
System err line 5965
System err line 5966
System err line 5967
System err line 5968
System err line 5969
System err line 5970
System err line 5971
System err line 5972
System err line 5973
System err line 5974
System err line 5975
System err line 5976
System err line 5977
System err line 5978
System err line 5979
System err line 5980
System err line 5981
System err line 5982
System err line 5983
System err line 5984
System err line 5985
System err line 5986
System err line 5987
System err line 5988
System err line 5989
System err line 5990
System err line 5991
System err line 5992
System err line 5993
System err line 5994
System err line 5995
System err line 5996
System err line 5997
System err line 5998
System err line 5999
System err line 6000
System err line 6001
System err line 6002
System err line 6003
System err line 6004
System err line 6005
System err line 6006
System err line 6007
System err line 6008
System err line 6009
System err line 6010
System err line 6011
System err line 6012
System err line 6013
System err line 6014
System err line 6015
System err line 6016
System err line 6017
System err line 6018
System err line 6019
System err line 6020
System err line 6021
System err line 6022
System err line 6023
System err line 6024
System err line 6025
System err line 6026
System err line 6027
System err line 6028
System err line 6029
System err line 6030
System err line 6031
System err line 6032
System err line 6033
System err line 6034
System err line 6035
System err line 6036
System err line 6037
System err line 6038
System err line 6039
System err line 6040
System err line 6041
System err line 6042
System err line 6043
System err line 6044
System err line 6045
System err line 6046
System err line 6047
System err line 6048
System err line 6049
System err line 6050
System err line 6051
System err line 6052
System err line 6053
System err line 6054
System err line 6055
System err line 6056
System err line 6057
System err line 6058
System err line 6059
System err line 6060
System err line 6061
System err line 6062
System err line 6063
System err line 6064
System err line 6065
System err line 6066
System err line 6067
System err line 6068
System err line 6069
System err line 6070
System err line 6071
System err line 6072
System err line 6073
System err line 6074
System err line 6075
System err line 6076
System err line 6077
System err line 6078
System err line 6079
System err line 6080
System err line 6081
System err line 6082
System err line 6083
System err line 6084
System err line 6085
System err line 6086
System err line 6087
System err line 6088
System err line 6089
System err line 6090
System err line 6091
System err line 6092
System err line 6093
System err line 6094
System err line 6095
System err line 6096
System err line 6097
System err line 6098
System err line 6099
System err line 6100
System err line 6101
System err line 6102
System err line 6103
System err line 6104
System err line 6105
System err line 6106
System err line 6107
System err line 6108
System err line 6109
System err line 6110
System err line 6111
System err line 6112
System err line 6113
System err line 6114
System err line 6115
System err line 6116
System err line 6117
System err line 6118
System err line 6119
System err line 6120
System err line 6121
System err line 6122
System err line 6123
System err line 6124
System err line 6125
System err line 6126
System err line 6127
System err line 6128
System err line 6129
System err line 6130
System err line 6131
System err line 6132
System err line 6133
System err line 6134
System err line 6135
System err line 6136
System err line 6137
System err line 6138
System err line 6139
System err line 6140
System err line 6141
System err line 6142
System err line 6143
System err line 6144
System err line 6145
System err line 6146
System err line 6147
System err line 6148
System err line 6149
System err line 6150
System err line 6151
System err line 6152
System err line 6153
System err line 6154
System err line 6155
System err line 6156
System err line 6157
System err line 6158
System err line 6159
System err line 6160
System err line 6161
System err line 6162
System err line 6163
System err line 6164
System err line 6165
System err line 6166
System err line 6167
System err line 6168
System err line 6169
System err line 6170
System err line 6171
System err line 6172
System err line 6173
System err line 6174
System err line 6175
System err line 6176
System err line 6177
System err line 6178
System err line 6179
System err line 6180
System err line 6181
System err line 6182
System err line 6183
System err line 6184
System err line 6185
System err line 6186
System err line 6187
System err line 6188
System err line 6189
System err line 6190
System err line 6191
System err line 6192
System err line 6193
System err line 6194
System err line 6195
System err line 6196
System err line 6197
System err line 6198
System err line 6199
System err line 6200
System err line 6201
System err line 6202
System err line 6203
System err line 6204
System err line 6205
System err line 6206
System err line 6207
System err line 6208
System err line 6209
System err line 6210
System err line 6211
System err line 6212
System err line 6213
System err line 6214
System err line 6215
System err line 6216
System err line 6217
System err line 6218
System err line 6219
System err line 6220
System err line 6221
System err line 6222
System err line 6223
System err line 6224
System err line 6225
System err line 6226
System err line 6227
System err line 6228
System err line 6229
System err line 6230
System err line 6231
System err line 6232
System err line 6233
System err line 6234
System err line 6235
System err line 6236
System err line 6237
System err line 6238
System err line 6239
System err line 6240
System err line 6241
System err line 6242
System err line 6243
System err line 6244
System err line 6245
System err line 6246
System err line 6247
System err line 6248
System err line 6249
System err line 6250
System err line 6251
System err line 6252
System err line 6253
System err line 6254
System err line 6255
System err line 6256
System err line 6257
System err line 6258
System err line 6259
System err line 6260
System err line 6261
System err line 6262
System err line 6263
System err line 6264
System err line 6265
System err line 6266
System err line 6267
System err line 6268
System err line 6269
System err line 6270
System err line 6271
System err line 6272
System err line 6273
System err line 6274
System err line 6275
System err line 6276
System err line 6277
System err line 6278
System err line 6279
System err line 6280
System err line 6281
System err line 6282
System err line 6283
System err line 6284
System err line 6285
System err line 6286
System err line 6287
System err line 6288
System err line 6289
System err line 6290
System err line 6291
System err line 6292
System err line 6293
System err line 6294
System err line 6295
System err line 6296
System err line 6297
System err line 6298
System err line 6299
System err line 6300
System err line 6301
System err line 6302
System err line 6303
System err line 6304
System err line 6305
System err line 6306
System err line 6307
System err line 6308
System err line 6309
System err line 6310
System err line 6311
System err line 6312
System err line 6313
System err line 6314
System err line 6315
System err line 6316
System err line 6317
System err line 6318
System err line 6319
System err line 6320
System err line 6321
System err line 6322
System err line 6323
System err line 6324
System err line 6325
System err line 6326
System err line 6327
System err line 6328
System err line 6329
System err line 6330
System err line 6331
System err line 6332
System err line 6333
System err line 6334
System err line 6335
System err line 6336
System err line 6337
System err line 6338
System err line 6339
System err line 6340
System err line 6341
System err line 6342
System err line 6343
System err line 6344
System err line 6345
System err line 6346
System err line 6347
System err line 6348
System err line 6349
System err line 6350
System err line 6351
System err line 6352
System err line 6353
System err line 6354
System err line 6355
System err line 6356
System err line 6357
System err line 6358
System err line 6359
System err line 6360
System err line 6361
System err line 6362
System err line 6363
System err line 6364
System err line 6365
System err line 6366
System err line 6367
System err line 6368
System err line 6369
System err line 6370
System err line 6371
System err line 6372
System err line 6373
System err line 6374
System err line 6375
System err line 6376
System err line 6377
System err line 6378
System err line 6379
System err line 6380
System err line 6381
System err line 6382
System err line 6383
System err line 6384
System err line 6385
System err line 6386
System err line 6387
System err line 6388
System err line 6389
System err line 6390
System err line 6391
System err line 6392
System err line 6393
System err line 6394
System err line 6395
System err line 6396
System err line 6397
System err line 6398
System err line 6399
System err line 6400
System err line 6401
System err line 6402
System err line 6403
System err line 6404
System err line 6405
System err line 6406
System err line 6407
System err line 6408
System err line 6409
System err line 6410
System err line 6411
System err line 6412
System err line 6413
System err line 6414
System err line 6415
System err line 6416
System err line 6417
System err line 6418
System err line 6419
System err line 6420
System err line 6421
System err line 6422
System err line 6423
System err line 6424
System err line 6425
System err line 6426
System err line 6427
System err line 6428
System err line 6429
System err line 6430
System err line 6431
System err line 6432
System err line 6433
System err line 6434
System err line 6435
System err line 6436
System err line 6437
System err line 6438
System err line 6439
System err line 6440
System err line 6441
System err line 6442
System err line 6443
System err line 6444
System err line 6445
System err line 6446
System err line 6447
System err line 6448
System err line 6449
System err line 6450
System err line 6451
System err line 6452
System err line 6453
System err line 6454
System err line 6455
System err line 6456
System err line 6457
System err line 6458
System err line 6459
System err line 6460
System err line 6461
System err line 6462
System err line 6463
System err line 6464
System err line 6465
System err line 6466
System err line 6467
System err line 6468
System err line 6469
System err line 6470
System err line 6471
System err line 6472
System err line 6473
System err line 6474
System err line 6475
System err line 6476
System err line 6477
System err line 6478
System err line 6479
System err line 6480
System err line 6481
System err line 6482
System err line 6483
System err line 6484
System err line 6485
System err line 6486
System err line 6487
System err line 6488
System err line 6489
System err line 6490
System err line 6491
System err line 6492
System err line 6493
System err line 6494
System err line 6495
System err line 6496
System err line 6497
System err line 6498
System err line 6499
System err line 6500
System err line 6501
System err line 6502
System err line 6503
System err line 6504
System err line 6505
System err line 6506
System err line 6507
System err line 6508
System err line 6509
System err line 6510
System err line 6511
System err line 6512
System err line 6513
System err line 6514
System err line 6515
System err line 6516
System err line 6517
System err line 6518
System err line 6519
System err line 6520
System err line 6521
System err line 6522
System err line 6523
System err line 6524
System err line 6525
System err line 6526
System err line 6527
System err line 6528
System err line 6529
System err line 6530
System err line 6531
System err line 6532
System err line 6533
System err line 6534
System err line 6535
System err line 6536
System err line 6537
System err line 6538
System err line 6539
System err line 6540
System err line 6541
System err line 6542
System err line 6543
System err line 6544
System err line 6545
System err line 6546
System err line 6547
System err line 6548
System err line 6549
System err line 6550
System err line 6551
System err line 6552
System err line 6553
System err line 6554
System err line 6555
System err line 6556
System err line 6557
System err line 6558
System err line 6559
System err line 6560
System err line 6561
System err line 6562
System err line 6563
System err line 6564
System err line 6565
System err line 6566
System err line 6567
System err line 6568
System err line 6569
System err line 6570
System err line 6571
System err line 6572
System err line 6573
System err line 6574
System err line 6575
System err line 6576
System err line 6577
System err line 6578
System err line 6579
System err line 6580
System err line 6581
System err line 6582
System err line 6583
System err line 6584
System err line 6585
System err line 6586
System err line 6587
System err line 6588
System err line 6589
System err line 6590
System err line 6591
System err line 6592
System err line 6593
System err line 6594
System err line 6595
System err line 6596
System err line 6597
System err line 6598
System err line 6599
System err line 6600
System err line 6601
System err line 6602
System err line 6603
System err line 6604
System err line 6605
System err line 6606
System err line 6607
System err line 6608
System err line 6609
System err line 6610
System err line 6611
System err line 6612
System err line 6613
System err line 6614
System err line 6615
System err line 6616
System err line 6617
System err line 6618
System err line 6619
System err line 6620
System err line 6621
System err line 6622
System err line 6623
System err line 6624
System err line 6625
System err line 6626
System err line 6627
System err line 6628
System err line 6629
System err line 6630
System err line 6631
System err line 6632
System err line 6633
System err line 6634
System err line 6635
System err line 6636
System err line 6637
System err line 6638
System err line 6639
System err line 6640
System err line 6641
System err line 6642
System err line 6643
System err line 6644
System err line 6645
System err line 6646
System err line 6647
System err line 6648
System err line 6649
System err line 6650
System err line 6651
System err line 6652
System err line 6653
System err line 6654
System err line 6655
System err line 6656
System err line 6657
System err line 6658
System err line 6659
System err line 6660
System err line 6661
System err line 6662
System err line 6663
System err line 6664
System err line 6665
System err line 6666
System err line 6667
System err line 6668
System err line 6669
System err line 6670
System err line 6671
System err line 6672
System err line 6673
System err line 6674
System err line 6675
System err line 6676
System err line 6677
System err line 6678
System err line 6679
System err line 6680
System err line 6681
System err line 6682
System err line 6683
System err line 6684
System err line 6685
System err line 6686
System err line 6687
System err line 6688
System err line 6689
System err line 6690
System err line 6691
System err line 6692
System err line 6693
System err line 6694
System err line 6695
System err line 6696
System err line 6697
System err line 6698
System err line 6699
System err line 6700
System err line 6701
System err line 6702
System err line 6703
System err line 6704
System err line 6705
System err line 6706
System err line 6707
System err line 6708
System err line 6709
System err line 6710
System err line 6711
System err line 6712
System err line 6713
System err line 6714
System err line 6715
System err line 6716
System err line 6717
System err line 6718
System err line 6719
System err line 6720
System err line 6721
System err line 6722
System err line 6723
System err line 6724
System err line 6725
System err line 6726
System err line 6727
System err line 6728
System err line 6729
System err line 6730
System err line 6731
System err line 6732
System err line 6733
System err line 6734
System err line 6735
System err line 6736
System err line 6737
System err line 6738
System err line 6739
System err line 6740
System err line 6741
System err line 6742
System err line 6743
System err line 6744
System err line 6745
System err line 6746
System err line 6747
System err line 6748
System err line 6749
System err line 6750
System err line 6751
System err line 6752
System err line 6753
System err line 6754
System err line 6755
System err line 6756
System err line 6757
System err line 6758
System err line 6759
System err line 6760
System err line 6761
System err line 6762
System err line 6763
System err line 6764
System err line 6765
System err line 6766
System err line 6767
System err line 6768
System err line 6769
System err line 6770
System err line 6771
System err line 6772
System err line 6773
System err line 6774
System err line 6775
System err line 6776
System err line 6777
System err line 6778
System err line 6779
System err line 6780
System err line 6781
System err line 6782
System err line 6783
System err line 6784
System err line 6785
System err line 6786
System err line 6787
System err line 6788
System err line 6789
System err line 6790
System err line 6791
System err line 6792
System err line 6793
System err line 6794
System err line 6795
System err line 6796
System err line 6797
System err line 6798
System err line 6799
System err line 6800
System err line 6801
System err line 6802
System err line 6803
System err line 6804
System err line 6805
System err line 6806
System err line 6807
System err line 6808
System err line 6809
System err line 6810
System err line 6811
System err line 6812
System err line 6813
System err line 6814
System err line 6815
System err line 6816
System err line 6817
System err line 6818
System err line 6819
System err line 6820
System err line 6821
System err line 6822
System err line 6823
System err line 6824
System err line 6825
System err line 6826
System err line 6827
System err line 6828
System err line 6829
System err line 6830
System err line 6831
System err line 6832
System err line 6833
System err line 6834
System err line 6835
System err line 6836
System err line 6837
System err line 6838
System err line 6839
System err line 6840
System err line 6841
System err line 6842
System err line 6843
System err line 6844
System err line 6845
System err line 6846
System err line 6847
System err line 6848
System err line 6849
System err line 6850
System err line 6851
System err line 6852
System err line 6853
System err line 6854
System err line 6855
System err line 6856
System err line 6857
System err line 6858
System err line 6859
System err line 6860
System err line 6861
System err line 6862
System err line 6863
System err line 6864
System err line 6865
System err line 6866
System err line 6867
System err line 6868
System err line 6869
System err line 6870
System err line 6871
System err line 6872
System err line 6873
System err line 6874
System err line 6875
System err line 6876
System err line 6877
System err line 6878
System err line 6879
System err line 6880
System err line 6881
System err line 6882
System err line 6883
System err line 6884
System err line 6885
System err line 6886
System err line 6887
System err line 6888
System err line 6889
System err line 6890
System err line 6891
System err line 6892
System err line 6893
System err line 6894
System err line 6895
System err line 6896
System err line 6897
System err line 6898
System err line 6899
System err line 6900
System err line 6901
System err line 6902
System err line 6903
System err line 6904
System err line 6905
System err line 6906
System err line 6907
System err line 6908
System err line 6909
System err line 6910
System err line 6911
System err line 6912
System err line 6913
System err line 6914
System err line 6915
System err line 6916
System err line 6917
System err line 6918
System err line 6919
System err line 6920
System err line 6921
System err line 6922
System err line 6923
System err line 6924
System err line 6925
System err line 6926
System err line 6927
System err line 6928
System err line 6929
System err line 6930
System err line 6931
System err line 6932
System err line 6933
System err line 6934
System err line 6935
System err line 6936
System err line 6937
System err line 6938
System err line 6939
System err line 6940
System err line 6941
System err line 6942
System err line 6943
System err line 6944
System err line 6945
System err line 6946
System err line 6947
System err line 6948
System err line 6949
System err line 6950
System err line 6951
System err line 6952
System err line 6953
System err line 6954
System err line 6955
System err line 6956
System err line 6957
System err line 6958
System err line 6959
System err line 6960
System err line 6961
System err line 6962
System err line 6963
System err line 6964
System err line 6965
System err line 6966
System err line 6967
System err line 6968
System err line 6969
System err line 6970
System err line 6971
System err line 6972
System err line 6973
System err line 6974
System err line 6975
System err line 6976
System err line 6977
System err line 6978
System err line 6979
System err line 6980
System err line 6981
System err line 6982
System err line 6983
System err line 6984
System err line 6985
System err line 6986
System err line 6987
System err line 6988
System err line 6989
System err line 6990
System err line 6991
System err line 6992
System err line 6993
System err line 6994
System err line 6995
System err line 6996
System err line 6997
System err line 6998
System err line 6999
System err line 7000
System err line 7001
System err line 7002
System err line 7003
System err line 7004
System err line 7005
System err line 7006
System err line 7007
System err line 7008
System err line 7009
System err line 7010
System err line 7011
System err line 7012
System err line 7013
System err line 7014
System err line 7015
System err line 7016
System err line 7017
System err line 7018
System err line 7019
System err line 7020
System err line 7021
System err line 7022
System err line 7023
System err line 7024
System err line 7025
System err line 7026
System err line 7027
System err line 7028
System err line 7029
System err line 7030
System err line 7031
System err line 7032
System err line 7033
System err line 7034
System err line 7035
System err line 7036
System err line 7037
System err line 7038
System err line 7039
System err line 7040
System err line 7041
System err line 7042
System err line 7043
System err line 7044
System err line 7045
System err line 7046
System err line 7047
System err line 7048
System err line 7049
System err line 7050
System err line 7051
System err line 7052
System err line 7053
System err line 7054
System err line 7055
System err line 7056
System err line 7057
System err line 7058
System err line 7059
System err line 7060
System err line 7061
System err line 7062
System err line 7063
System err line 7064
System err line 7065
System err line 7066
System err line 7067
System err line 7068
System err line 7069
System err line 7070
System err line 7071
System err line 7072
System err line 7073
System err line 7074
System err line 7075
System err line 7076
System err line 7077
System err line 7078
System err line 7079
System err line 7080
System err line 7081
System err line 7082
System err line 7083
System err line 7084
System err line 7085
System err line 7086
System err line 7087
System err line 7088
System err line 7089
System err line 7090
System err line 7091
System err line 7092
System err line 7093
System err line 7094
System err line 7095
System err line 7096
System err line 7097
System err line 7098
System err line 7099
System err line 7100
System err line 7101
System err line 7102
System err line 7103
System err line 7104
System err line 7105
System err line 7106
System err line 7107
System err line 7108
System err line 7109
System err line 7110
System err line 7111
System err line 7112
System err line 7113
System err line 7114
System err line 7115
System err line 7116
System err line 7117
System err line 7118
System err line 7119
System err line 7120
System err line 7121
System err line 7122
System err line 7123
System err line 7124
System err line 7125
System err line 7126
System err line 7127
System err line 7128
System err line 7129
System err line 7130
System err line 7131
System err line 7132
System err line 7133
System err line 7134
System err line 7135
System err line 7136
System err line 7137
System err line 7138
System err line 7139
System err line 7140
System err line 7141
System err line 7142
System err line 7143
System err line 7144
System err line 7145
System err line 7146
System err line 7147
System err line 7148
System err line 7149
System err line 7150
System err line 7151
System err line 7152
System err line 7153
System err line 7154
System err line 7155
System err line 7156
System err line 7157
System err line 7158
System err line 7159
System err line 7160
System err line 7161
System err line 7162
System err line 7163
System err line 7164
System err line 7165
System err line 7166
System err line 7167
System err line 7168
System err line 7169
System err line 7170
System err line 7171
System err line 7172
System err line 7173
System err line 7174
System err line 7175
System err line 7176
System err line 7177
System err line 7178
System err line 7179
System err line 7180
System err line 7181
System err line 7182
System err line 7183
System err line 7184
System err line 7185
System err line 7186
System err line 7187
System err line 7188
System err line 7189
System err line 7190
System err line 7191
System err line 7192
System err line 7193
System err line 7194
System err line 7195
System err line 7196
System err line 7197
System err line 7198
System err line 7199
System err line 7200
System err line 7201
System err line 7202
System err line 7203
System err line 7204
System err line 7205
System err line 7206
System err line 7207
System err line 7208
System err line 7209
System err line 7210
System err line 7211
System err line 7212
System err line 7213
System err line 7214
System err line 7215
System err line 7216
System err line 7217
System err line 7218
System err line 7219
System err line 7220
System err line 7221
System err line 7222
System err line 7223
System err line 7224
System err line 7225
System err line 7226
System err line 7227
System err line 7228
System err line 7229
System err line 7230
System err line 7231
System err line 7232
System err line 7233
System err line 7234
System err line 7235
System err line 7236
System err line 7237
System err line 7238
System err line 7239
System err line 7240
System err line 7241
System err line 7242
System err line 7243
System err line 7244
System err line 7245
System err line 7246
System err line 7247
System err line 7248
System err line 7249
System err line 7250
System err line 7251
System err line 7252
System err line 7253
System err line 7254
System err line 7255
System err line 7256
System err line 7257
System err line 7258
System err line 7259
System err line 7260
System err line 7261
System err line 7262
System err line 7263
System err line 7264
System err line 7265
System err line 7266
System err line 7267
System err line 7268
System err line 7269
System err line 7270
System err line 7271
System err line 7272
System err line 7273
System err line 7274
System err line 7275
System err line 7276
System err line 7277
System err line 7278
System err line 7279
System err line 7280
System err line 7281
System err line 7282
System err line 7283
System err line 7284
System err line 7285
System err line 7286
System err line 7287
System err line 7288
System err line 7289
System err line 7290
System err line 7291
System err line 7292
System err line 7293
System err line 7294
System err line 7295
System err line 7296
System err line 7297
System err line 7298
System err line 7299
System err line 7300
System err line 7301
System err line 7302
System err line 7303
System err line 7304
System err line 7305
System err line 7306
System err line 7307
System err line 7308
System err line 7309
System err line 7310
System err line 7311
System err line 7312
System err line 7313
System err line 7314
System err line 7315
System err line 7316
System err line 7317
System err line 7318
System err line 7319
System err line 7320
System err line 7321
System err line 7322
System err line 7323
System err line 7324
System err line 7325
System err line 7326
System err line 7327
System err line 7328
System err line 7329
System err line 7330
System err line 7331
System err line 7332
System err line 7333
System err line 7334
System err line 7335
System err line 7336
System err line 7337
System err line 7338
System err line 7339
System err line 7340
System err line 7341
System err line 7342
System err line 7343
System err line 7344
System err line 7345
System err line 7346
System err line 7347
System err line 7348
System err line 7349
System err line 7350
System err line 7351
System err line 7352
System err line 7353
System err line 7354
System err line 7355
System err line 7356
System err line 7357
System err line 7358
System err line 7359
System err line 7360
System err line 7361
System err line 7362
System err line 7363
System err line 7364
System err line 7365
System err line 7366
System err line 7367
System err line 7368
System err line 7369
System err line 7370
System err line 7371
System err line 7372
System err line 7373
System err line 7374
System err line 7375
System err line 7376
System err line 7377
System err line 7378
System err line 7379
System err line 7380
System err line 7381
System err line 7382
System err line 7383
System err line 7384
System err line 7385
System err line 7386
System err line 7387
System err line 7388
System err line 7389
System err line 7390
System err line 7391
System err line 7392
System err line 7393
System err line 7394
System err line 7395
System err line 7396
System err line 7397
System err line 7398
System err line 7399
System err line 7400
System err line 7401
System err line 7402
System err line 7403
System err line 7404
System err line 7405
System err line 7406
System err line 7407
System err line 7408
System err line 7409
System err line 7410
System err line 7411
System err line 7412
System err line 7413
System err line 7414
System err line 7415
System err line 7416
System err line 7417
System err line 7418
System err line 7419
System err line 7420
System err line 7421
System err line 7422
System err line 7423
System err line 7424
System err line 7425
System err line 7426
System err line 7427
System err line 7428
System err line 7429
System err line 7430
System err line 7431
System err line 7432
System err line 7433
System err line 7434
System err line 7435
System err line 7436
System err line 7437
System err line 7438
System err line 7439
System err line 7440
System err line 7441
System err line 7442
System err line 7443
System err line 7444
System err line 7445
System err line 7446
System err line 7447
System err line 7448
System err line 7449
System err line 7450
System err line 7451
System err line 7452
System err line 7453
System err line 7454
System err line 7455
System err line 7456
System err line 7457
System err line 7458
System err line 7459
System err line 7460
System err line 7461
System err line 7462
System err line 7463
System err line 7464
System err line 7465
System err line 7466
System err line 7467
System err line 7468
System err line 7469
System err line 7470
System err line 7471
System err line 7472
System err line 7473
System err line 7474
System err line 7475
System err line 7476
System err line 7477
System err line 7478
System err line 7479
System err line 7480
System err line 7481
System err line 7482
System err line 7483
System err line 7484
System err line 7485
System err line 7486
System err line 7487
System err line 7488
System err line 7489
System err line 7490
System err line 7491
System err line 7492
System err line 7493
System err line 7494
System err line 7495
System err line 7496
System err line 7497
System err line 7498
System err line 7499
System err line 7500
System err line 7501
System err line 7502
System err line 7503
System err line 7504
System err line 7505
System err line 7506
System err line 7507
System err line 7508
System err line 7509
System err line 7510
System err line 7511
System err line 7512
System err line 7513
System err line 7514
System err line 7515
System err line 7516
System err line 7517
System err line 7518
System err line 7519
System err line 7520
System err line 7521
System err line 7522
System err line 7523
System err line 7524
System err line 7525
System err line 7526
System err line 7527
System err line 7528
System err line 7529
System err line 7530
System err line 7531
System err line 7532
System err line 7533
System err line 7534
System err line 7535
System err line 7536
System err line 7537
System err line 7538
System err line 7539
System err line 7540
System err line 7541
System err line 7542
System err line 7543
System err line 7544
System err line 7545
System err line 7546
System err line 7547
System err line 7548
System err line 7549
System err line 7550
System err line 7551
System err line 7552
System err line 7553
System err line 7554
System err line 7555
System err line 7556
System err line 7557
System err line 7558
System err line 7559
System err line 7560
System err line 7561
System err line 7562
System err line 7563
System err line 7564
System err line 7565
System err line 7566
System err line 7567
System err line 7568
System err line 7569
System err line 7570
System err line 7571
System err line 7572
System err line 7573
System err line 7574
System err line 7575
System err line 7576
System err line 7577
System err line 7578
System err line 7579
System err line 7580
System err line 7581
System err line 7582
System err line 7583
System err line 7584
System err line 7585
System err line 7586
System err line 7587
System err line 7588
System err line 7589
System err line 7590
System err line 7591
System err line 7592
System err line 7593
System err line 7594
System err line 7595
System err line 7596
System err line 7597
System err line 7598
System err line 7599
System err line 7600
System err line 7601
System err line 7602
System err line 7603
System err line 7604
System err line 7605
System err line 7606
System err line 7607
System err line 7608
System err line 7609
System err line 7610
System err line 7611
System err line 7612
System err line 7613
System err line 7614
System err line 7615
System err line 7616
System err line 7617
System err line 7618
System err line 7619
System err line 7620
System err line 7621
System err line 7622
System err line 7623
System err line 7624
System err line 7625
System err line 7626
System err line 7627
System err line 7628
System err line 7629
System err line 7630
System err line 7631
System err line 7632
System err line 7633
System err line 7634
System err line 7635
System err line 7636
System err line 7637
System err line 7638
System err line 7639
System err line 7640
System err line 7641
System err line 7642
System err line 7643
System err line 7644
System err line 7645
System err line 7646
System err line 7647
System err line 7648
System err line 7649
System err line 7650
System err line 7651
System err line 7652
System err line 7653
System err line 7654
System err line 7655
System err line 7656
System err line 7657
System err line 7658
System err line 7659
System err line 7660
System err line 7661
System err line 7662
System err line 7663
System err line 7664
System err line 7665
System err line 7666
System err line 7667
System err line 7668
System err line 7669
System err line 7670
System err line 7671
System err line 7672
System err line 7673
System err line 7674
System err line 7675
System err line 7676
System err line 7677
System err line 7678
System err line 7679
System err line 7680
System err line 7681
System err line 7682
System err line 7683
System err line 7684
System err line 7685
System err line 7686
System err line 7687
System err line 7688
System err line 7689
System err line 7690
System err line 7691
System err line 7692
System err line 7693
System err line 7694
System err line 7695
System err line 7696
System err line 7697
System err line 7698
System err line 7699
System err line 7700
System err line 7701
System err line 7702
System err line 7703
System err line 7704
System err line 7705
System err line 7706
System err line 7707
System err line 7708
System err line 7709
System err line 7710
System err line 7711
System err line 7712
System err line 7713
System err line 7714
System err line 7715
System err line 7716
System err line 7717
System err line 7718
System err line 7719
System err line 7720
System err line 7721
System err line 7722
System err line 7723
System err line 7724
System err line 7725
System err line 7726
System err line 7727
System err line 7728
System err line 7729
System err line 7730
System err line 7731
System err line 7732
System err line 7733
System err line 7734
System err line 7735
System err line 7736
System err line 7737
System err line 7738
System err line 7739
System err line 7740
System err line 7741
System err line 7742
System err line 7743
System err line 7744
System err line 7745
System err line 7746
System err line 7747
System err line 7748
System err line 7749
System err line 7750
System err line 7751
System err line 7752
System err line 7753
System err line 7754
System err line 7755
System err line 7756
System err line 7757
System err line 7758
System err line 7759
System err line 7760
System err line 7761
System err line 7762
System err line 7763
System err line 7764
System err line 7765
System err line 7766
System err line 7767
System err line 7768
System err line 7769
System err line 7770
System err line 7771
System err line 7772
System err line 7773
System err line 7774
System err line 7775
System err line 7776
System err line 7777
System err line 7778
System err line 7779
System err line 7780
System err line 7781
System err line 7782
System err line 7783
System err line 7784
System err line 7785
System err line 7786
System err line 7787
System err line 7788
System err line 7789
System err line 7790
System err line 7791
System err line 7792
System err line 7793
System err line 7794
System err line 7795
System err line 7796
System err line 7797
System err line 7798
System err line 7799
System err line 7800
System err line 7801
System err line 7802
System err line 7803
System err line 7804
System err line 7805
System err line 7806
System err line 7807
System err line 7808
System err line 7809
System err line 7810
System err line 7811
System err line 7812
System err line 7813
System err line 7814
System err line 7815
System err line 7816
System err line 7817
System err line 7818
System err line 7819
System err line 7820
System err line 7821
System err line 7822
System err line 7823
System err line 7824
System err line 7825
System err line 7826
System err line 7827
System err line 7828
System err line 7829
System err line 7830
System err line 7831
System err line 7832
System err line 7833
System err line 7834
System err line 7835
System err line 7836
System err line 7837
System err line 7838
System err line 7839
System err line 7840
System err line 7841
System err line 7842
System err line 7843
System err line 7844
System err line 7845
System err line 7846
System err line 7847
System err line 7848
System err line 7849
System err line 7850
System err line 7851
System err line 7852
System err line 7853
System err line 7854
System err line 7855
System err line 7856
System err line 7857
System err line 7858
System err line 7859
System err line 7860
System err line 7861
System err line 7862
System err line 7863
System err line 7864
System err line 7865
System err line 7866
System err line 7867
System err line 7868
System err line 7869
System err line 7870
System err line 7871
System err line 7872
System err line 7873
System err line 7874
System err line 7875
System err line 7876
System err line 7877
System err line 7878
System err line 7879
System err line 7880
System err line 7881
System err line 7882
System err line 7883
System err line 7884
System err line 7885
System err line 7886
System err line 7887
System err line 7888
System err line 7889
System err line 7890
System err line 7891
System err line 7892
System err line 7893
System err line 7894
System err line 7895
System err line 7896
System err line 7897
System err line 7898
System err line 7899
System err line 7900
System err line 7901
System err line 7902
System err line 7903
System err line 7904
System err line 7905
System err line 7906
System err line 7907
System err line 7908
System err line 7909
System err line 7910
System err line 7911
System err line 7912
System err line 7913
System err line 7914
System err line 7915
System err line 7916
System err line 7917
System err line 7918
System err line 7919
System err line 7920
System err line 7921
System err line 7922
System err line 7923
System err line 7924
System err line 7925
System err line 7926
System err line 7927
System err line 7928
System err line 7929
System err line 7930
System err line 7931
System err line 7932
System err line 7933
System err line 7934
System err line 7935
System err line 7936
System err line 7937
System err line 7938
System err line 7939
System err line 7940
System err line 7941
System err line 7942
System err line 7943
System err line 7944
System err line 7945
System err line 7946
System err line 7947
System err line 7948
System err line 7949
System err line 7950
System err line 7951
System err line 7952
System err line 7953
System err line 7954
System err line 7955
System err line 7956
System err line 7957
System err line 7958
System err line 7959
System err line 7960
System err line 7961
System err line 7962
System err line 7963
System err line 7964
System err line 7965
System err line 7966
System err line 7967
System err line 7968
System err line 7969
System err line 7970
System err line 7971
System err line 7972
System err line 7973
System err line 7974
System err line 7975
System err line 7976
System err line 7977
System err line 7978
System err line 7979
System err line 7980
System err line 7981
System err line 7982
System err line 7983
System err line 7984
System err line 7985
System err line 7986
System err line 7987
System err line 7988
System err line 7989
System err line 7990
System err line 7991
System err line 7992
System err line 7993
System err line 7994
System err line 7995
System err line 7996
System err line 7997
System err line 7998
System err line 7999
System err line 8000
System err line 8001
System err line 8002
System err line 8003
System err line 8004
System err line 8005
System err line 8006
System err line 8007
System err line 8008
System err line 8009
System err line 8010
System err line 8011
System err line 8012
System err line 8013
System err line 8014
System err line 8015
System err line 8016
System err line 8017
System err line 8018
System err line 8019
System err line 8020
System err line 8021
System err line 8022
System err line 8023
System err line 8024
System err line 8025
System err line 8026
System err line 8027
System err line 8028
System err line 8029
System err line 8030
System err line 8031
System err line 8032
System err line 8033
System err line 8034
System err line 8035
System err line 8036
System err line 8037
System err line 8038
System err line 8039
System err line 8040
System err line 8041
System err line 8042
System err line 8043
System err line 8044
System err line 8045
System err line 8046
System err line 8047
System err line 8048
System err line 8049
System err line 8050
System err line 8051
System err line 8052
System err line 8053
System err line 8054
System err line 8055
System err line 8056
System err line 8057
System err line 8058
System err line 8059
System err line 8060
System err line 8061
System err line 8062
System err line 8063
System err line 8064
System err line 8065
System err line 8066
System err line 8067
System err line 8068
System err line 8069
System err line 8070
System err line 8071
System err line 8072
System err line 8073
System err line 8074
System err line 8075
System err line 8076
System err line 8077
System err line 8078
System err line 8079
System err line 8080
System err line 8081
System err line 8082
System err line 8083
System err line 8084
System err line 8085
System err line 8086
System err line 8087
System err line 8088
System err line 8089
System err line 8090
System err line 8091
System err line 8092
System err line 8093
System err line 8094
System err line 8095
System err line 8096
System err line 8097
System err line 8098
System err line 8099
System err line 8100
System err line 8101
System err line 8102
System err line 8103
System err line 8104
System err line 8105
System err line 8106
System err line 8107
System err line 8108
System err line 8109
System err line 8110
System err line 8111
System err line 8112
System err line 8113
System err line 8114
System err line 8115
System err line 8116
System err line 8117
System err line 8118
System err line 8119
System err line 8120
System err line 8121
System err line 8122
System err line 8123
System err line 8124
System err line 8125
System err line 8126
System err line 8127
System err line 8128
System err line 8129
System err line 8130
System err line 8131
System err line 8132
System err line 8133
System err line 8134
System err line 8135
System err line 8136
System err line 8137
System err line 8138
System err line 8139
System err line 8140
System err line 8141
System err line 8142
System err line 8143
System err line 8144
System err line 8145
System err line 8146
System err line 8147
System err line 8148
System err line 8149
System err line 8150
System err line 8151
System err line 8152
System err line 8153
System err line 8154
System err line 8155
System err line 8156
System err line 8157
System err line 8158
System err line 8159
System err line 8160
System err line 8161
System err line 8162
System err line 8163
System err line 8164
System err line 8165
System err line 8166
System err line 8167
System err line 8168
System err line 8169
System err line 8170
System err line 8171
System err line 8172
System err line 8173
System err line 8174
System err line 8175
System err line 8176
System err line 8177
System err line 8178
System err line 8179
System err line 8180
System err line 8181
System err line 8182
System err line 8183
System err line 8184
System err line 8185
System err line 8186
System err line 8187
System err line 8188
System err line 8189
System err line 8190
System err line 8191
System err line 8192
System err line 8193
System err line 8194
System err line 8195
System err line 8196
System err line 8197
System err line 8198
System err line 8199
System err line 8200
System err line 8201
System err line 8202
System err line 8203
System err line 8204
System err line 8205
System err line 8206
System err line 8207
System err line 8208
System err line 8209
System err line 8210
System err line 8211
System err line 8212
System err line 8213
System err line 8214
System err line 8215
System err line 8216
System err line 8217
System err line 8218
System err line 8219
System err line 8220
System err line 8221
System err line 8222
System err line 8223
System err line 8224
System err line 8225
System err line 8226
System err line 8227
System err line 8228
System err line 8229
System err line 8230
System err line 8231
System err line 8232
System err line 8233
System err line 8234
System err line 8235
System err line 8236
System err line 8237
System err line 8238
System err line 8239
System err line 8240
System err line 8241
System err line 8242
System err line 8243
System err line 8244
System err line 8245
System err line 8246
System err line 8247
System err line 8248
System err line 8249
System err line 8250
System err line 8251
System err line 8252
System err line 8253
System err line 8254
System err line 8255
System err line 8256
System err line 8257
System err line 8258
System err line 8259
System err line 8260
System err line 8261
System err line 8262
System err line 8263
System err line 8264
System err line 8265
System err line 8266
System err line 8267
System err line 8268
System err line 8269
System err line 8270
System err line 8271
System err line 8272
System err line 8273
System err line 8274
System err line 8275
System err line 8276
System err line 8277
System err line 8278
System err line 8279
System err line 8280
System err line 8281
System err line 8282
System err line 8283
System err line 8284
System err line 8285
System err line 8286
System err line 8287
System err line 8288
System err line 8289
System err line 8290
System err line 8291
System err line 8292
System err line 8293
System err line 8294
System err line 8295
System err line 8296
System err line 8297
System err line 8298
System err line 8299
System err line 8300
System err line 8301
System err line 8302
System err line 8303
System err line 8304
System err line 8305
System err line 8306
System err line 8307
System err line 8308
System err line 8309
System err line 8310
System err line 8311
System err line 8312
System err line 8313
System err line 8314
System err line 8315
System err line 8316
System err line 8317
System err line 8318
System err line 8319
System err line 8320
System err line 8321
System err line 8322
System err line 8323
System err line 8324
System err line 8325
System err line 8326
System err line 8327
System err line 8328
System err line 8329
System err line 8330
System err line 8331
System err line 8332
System err line 8333
System err line 8334
System err line 8335
System err line 8336
System err line 8337
System err line 8338
System err line 8339
System err line 8340
System err line 8341
System err line 8342
System err line 8343
System err line 8344
System err line 8345
System err line 8346
System err line 8347
System err line 8348
System err line 8349
System err line 8350
System err line 8351
System err line 8352
System err line 8353
System err line 8354
System err line 8355
System err line 8356
System err line 8357
System err line 8358
System err line 8359
System err line 8360
System err line 8361
System err line 8362
System err line 8363
System err line 8364
System err line 8365
System err line 8366
System err line 8367
System err line 8368
System err line 8369
System err line 8370
System err line 8371
System err line 8372
System err line 8373
System err line 8374
System err line 8375
System err line 8376
System err line 8377
System err line 8378
System err line 8379
System err line 8380
System err line 8381
System err line 8382
System err line 8383
System err line 8384
System err line 8385
System err line 8386
System err line 8387
System err line 8388
System err line 8389
System err line 8390
System err line 8391
System err line 8392
System err line 8393
System err line 8394
System err line 8395
System err line 8396
System err line 8397
System err line 8398
System err line 8399
System err line 8400
System err line 8401
System err line 8402
System err line 8403
System err line 8404
System err line 8405
System err line 8406
System err line 8407
System err line 8408
System err line 8409
System err line 8410
System err line 8411
System err line 8412
System err line 8413
System err line 8414
System err line 8415
System err line 8416
System err line 8417
System err line 8418
System err line 8419
System err line 8420
System err line 8421
System err line 8422
System err line 8423
System err line 8424
System err line 8425
System err line 8426
System err line 8427
System err line 8428
System err line 8429
System err line 8430
System err line 8431
System err line 8432
System err line 8433
System err line 8434
System err line 8435
System err line 8436
System err line 8437
System err line 8438
System err line 8439
System err line 8440
System err line 8441
System err line 8442
System err line 8443
System err line 8444
System err line 8445
System err line 8446
System err line 8447
System err line 8448
System err line 8449
System err line 8450
System err line 8451
System err line 8452
System err line 8453
System err line 8454
System err line 8455
System err line 8456
System err line 8457
System err line 8458
System err line 8459
System err line 8460
System err line 8461
System err line 8462
System err line 8463
System err line 8464
System err line 8465
System err line 8466
System err line 8467
System err line 8468
System err line 8469
System err line 8470
System err line 8471
System err line 8472
System err line 8473
System err line 8474
System err line 8475
System err line 8476
System err line 8477
System err line 8478
System err line 8479
System err line 8480
System err line 8481
System err line 8482
System err line 8483
System err line 8484
System err line 8485
System err line 8486
System err line 8487
System err line 8488
System err line 8489
System err line 8490
System err line 8491
System err line 8492
System err line 8493
System err line 8494
System err line 8495
System err line 8496
System err line 8497
System err line 8498
System err line 8499
System err line 8500
System err line 8501
System err line 8502
System err line 8503
System err line 8504
System err line 8505
System err line 8506
System err line 8507
System err line 8508
System err line 8509
System err line 8510
System err line 8511
System err line 8512
System err line 8513
System err line 8514
System err line 8515
System err line 8516
System err line 8517
System err line 8518
System err line 8519
System err line 8520
System err line 8521
System err line 8522
System err line 8523
System err line 8524
System err line 8525
System err line 8526
System err line 8527
System err line 8528
System err line 8529
System err line 8530
System err line 8531
System err line 8532
System err line 8533
System err line 8534
System err line 8535
System err line 8536
System err line 8537
System err line 8538
System err line 8539
System err line 8540
System err line 8541
System err line 8542
System err line 8543
System err line 8544
System err line 8545
System err line 8546
System err line 8547
System err line 8548
System err line 8549
System err line 8550
System err line 8551
System err line 8552
System err line 8553
System err line 8554
System err line 8555
System err line 8556
System err line 8557
System err line 8558
System err line 8559
System err line 8560
System err line 8561
System err line 8562
System err line 8563
System err line 8564
System err line 8565
System err line 8566
System err line 8567
System err line 8568
System err line 8569
System err line 8570
System err line 8571
System err line 8572
System err line 8573
System err line 8574
System err line 8575
System err line 8576
System err line 8577
System err line 8578
System err line 8579
System err line 8580
System err line 8581
System err line 8582
System err line 8583
System err line 8584
System err line 8585
System err line 8586
System err line 8587
System err line 8588
System err line 8589
System err line 8590
System err line 8591
System err line 8592
System err line 8593
System err line 8594
System err line 8595
System err line 8596
System err line 8597
System err line 8598
System err line 8599
System err line 8600
System err line 8601
System err line 8602
System err line 8603
System err line 8604
System err line 8605
System err line 8606
System err line 8607
System err line 8608
System err line 8609
System err line 8610
System err line 8611
System err line 8612
System err line 8613
System err line 8614
System err line 8615
System err line 8616
System err line 8617
System err line 8618
System err line 8619
System err line 8620
System err line 8621
System err line 8622
System err line 8623
System err line 8624
System err line 8625
System err line 8626
System err line 8627
System err line 8628
System err line 8629
System err line 8630
System err line 8631
System err line 8632
System err line 8633
System err line 8634
System err line 8635
System err line 8636
System err line 8637
System err line 8638
System err line 8639
System err line 8640
System err line 8641
System err line 8642
System err line 8643
System err line 8644
System err line 8645
System err line 8646
System err line 8647
System err line 8648
System err line 8649
System err line 8650
System err line 8651
System err line 8652
System err line 8653
System err line 8654
System err line 8655
System err line 8656
System err line 8657
System err line 8658
System err line 8659
System err line 8660
System err line 8661
System err line 8662
System err line 8663
System err line 8664
System err line 8665
System err line 8666
System err line 8667
System err line 8668
System err line 8669
System err line 8670
System err line 8671
System err line 8672
System err line 8673
System err line 8674
System err line 8675
System err line 8676
System err line 8677
System err line 8678
System err line 8679
System err line 8680
System err line 8681
System err line 8682
System err line 8683
System err line 8684
System err line 8685
System err line 8686
System err line 8687
System err line 8688
System err line 8689
System err line 8690
System err line 8691
System err line 8692
System err line 8693
System err line 8694
System err line 8695
System err line 8696
System err line 8697
System err line 8698
System err line 8699
System err line 8700
System err line 8701
System err line 8702
System err line 8703
System err line 8704
System err line 8705
System err line 8706
System err line 8707
System err line 8708
System err line 8709
System err line 8710
System err line 8711
System err line 8712
System err line 8713
System err line 8714
System err line 8715
System err line 8716
System err line 8717
System err line 8718
System err line 8719
System err line 8720
System err line 8721
System err line 8722
System err line 8723
System err line 8724
System err line 8725
System err line 8726
System err line 8727
System err line 8728
System err line 8729
System err line 8730
System err line 8731
System err line 8732
System err line 8733
System err line 8734
System err line 8735
System err line 8736
System err line 8737
System err line 8738
System err line 8739
System err line 8740
System err line 8741
System err line 8742
System err line 8743
System err line 8744
System err line 8745
System err line 8746
System err line 8747
System err line 8748
System err line 8749
System err line 8750
System err line 8751
System err line 8752
System err line 8753
System err line 8754
System err line 8755
System err line 8756
System err line 8757
System err line 8758
System err line 8759
System err line 8760
System err line 8761
System err line 8762
System err line 8763
System err line 8764
System err line 8765
System err line 8766
System err line 8767
System err line 8768
System err line 8769
System err line 8770
System err line 8771
System err line 8772
System err line 8773
System err line 8774
System err line 8775
System err line 8776
System err line 8777
System err line 8778
System err line 8779
System err line 8780
System err line 8781
System err line 8782
System err line 8783
System err line 8784
System err line 8785
System err line 8786
System err line 8787
System err line 8788
System err line 8789
System err line 8790
System err line 8791
System err line 8792
System err line 8793
System err line 8794
System err line 8795
System err line 8796
System err line 8797
System err line 8798
System err line 8799
System err line 8800
System err line 8801
System err line 8802
System err line 8803
System err line 8804
System err line 8805
System err line 8806
System err line 8807
System err line 8808
System err line 8809
System err line 8810
System err line 8811
System err line 8812
System err line 8813
System err line 8814
System err line 8815
System err line 8816
System err line 8817
System err line 8818
System err line 8819
System err line 8820
System err line 8821
System err line 8822
System err line 8823
System err line 8824
System err line 8825
System err line 8826
System err line 8827
System err line 8828
System err line 8829
System err line 8830
System err line 8831
System err line 8832
System err line 8833
System err line 8834
System err line 8835
System err line 8836
System err line 8837
System err line 8838
System err line 8839
System err line 8840
System err line 8841
System err line 8842
System err line 8843
System err line 8844
System err line 8845
System err line 8846
System err line 8847
System err line 8848
System err line 8849
System err line 8850
System err line 8851
System err line 8852
System err line 8853
System err line 8854
System err line 8855
System err line 8856
System err line 8857
System err line 8858
System err line 8859
System err line 8860
System err line 8861
System err line 8862
System err line 8863
System err line 8864
System err line 8865
System err line 8866
System err line 8867
System err line 8868
System err line 8869
System err line 8870
System err line 8871
System err line 8872
System err line 8873
System err line 8874
System err line 8875
System err line 8876
System err line 8877
System err line 8878
System err line 8879
System err line 8880
System err line 8881
System err line 8882
System err line 8883
System err line 8884
System err line 8885
System err line 8886
System err line 8887
System err line 8888
System err line 8889
System err line 8890
System err line 8891
System err line 8892
System err line 8893
System err line 8894
System err line 8895
System err line 8896
System err line 8897
System err line 8898
System err line 8899
System err line 8900
System err line 8901
System err line 8902
System err line 8903
System err line 8904
System err line 8905
System err line 8906
System err line 8907
System err line 8908
System err line 8909
System err line 8910
System err line 8911
System err line 8912
System err line 8913
System err line 8914
System err line 8915
System err line 8916
System err line 8917
System err line 8918
System err line 8919
System err line 8920
System err line 8921
System err line 8922
System err line 8923
System err line 8924
System err line 8925
System err line 8926
System err line 8927
System err line 8928
System err line 8929
System err line 8930
System err line 8931
System err line 8932
System err line 8933
System err line 8934
System err line 8935
System err line 8936
System err line 8937
System err line 8938
System err line 8939
System err line 8940
System err line 8941
System err line 8942
System err line 8943
System err line 8944
System err line 8945
System err line 8946
System err line 8947
System err line 8948
System err line 8949
System err line 8950
System err line 8951
System err line 8952
System err line 8953
System err line 8954
System err line 8955
System err line 8956
System err line 8957
System err line 8958
System err line 8959
System err line 8960
System err line 8961
System err line 8962
System err line 8963
System err line 8964
System err line 8965
System err line 8966
System err line 8967
System err line 8968
System err line 8969
System err line 8970
System err line 8971
System err line 8972
System err line 8973
System err line 8974
System err line 8975
System err line 8976
System err line 8977
System err line 8978
System err line 8979
System err line 8980
System err line 8981
System err line 8982
System err line 8983
System err line 8984
System err line 8985
System err line 8986
System err line 8987
System err line 8988
System err line 8989
System err line 8990
System err line 8991
System err line 8992
System err line 8993
System err line 8994
System err line 8995
System err line 8996
System err line 8997
System err line 8998
System err line 8999
System err line 9000
System err line 9001
System err line 9002
System err line 9003
System err line 9004
System err line 9005
System err line 9006
System err line 9007
System err line 9008
System err line 9009
System err line 9010
System err line 9011
System err line 9012
System err line 9013
System err line 9014
System err line 9015
System err line 9016
System err line 9017
System err line 9018
System err line 9019
System err line 9020
System err line 9021
System err line 9022
System err line 9023
System err line 9024
System err line 9025
System err line 9026
System err line 9027
System err line 9028
System err line 9029
System err line 9030
System err line 9031
System err line 9032
System err line 9033
System err line 9034
System err line 9035
System err line 9036
System err line 9037
System err line 9038
System err line 9039
System err line 9040
System err line 9041
System err line 9042
System err line 9043
System err line 9044
System err line 9045
System err line 9046
System err line 9047
System err line 9048
System err line 9049
System err line 9050
System err line 9051
System err line 9052
System err line 9053
System err line 9054
System err line 9055
System err line 9056
System err line 9057
System err line 9058
System err line 9059
System err line 9060
System err line 9061
System err line 9062
System err line 9063
System err line 9064
System err line 9065
System err line 9066
System err line 9067
System err line 9068
System err line 9069
System err line 9070
System err line 9071
System err line 9072
System err line 9073
System err line 9074
System err line 9075
System err line 9076
System err line 9077
System err line 9078
System err line 9079
System err line 9080
System err line 9081
System err line 9082
System err line 9083
System err line 9084
System err line 9085
System err line 9086
System err line 9087
System err line 9088
System err line 9089
System err line 9090
System err line 9091
System err line 9092
System err line 9093
System err line 9094
System err line 9095
System err line 9096
System err line 9097
System err line 9098
System err line 9099
System err line 9100
System err line 9101
System err line 9102
System err line 9103
System err line 9104
System err line 9105
System err line 9106
System err line 9107
System err line 9108
System err line 9109
System err line 9110
System err line 9111
System err line 9112
System err line 9113
System err line 9114
System err line 9115
System err line 9116
System err line 9117
System err line 9118
System err line 9119
System err line 9120
System err line 9121
System err line 9122
System err line 9123
System err line 9124
System err line 9125
System err line 9126
System err line 9127
System err line 9128
System err line 9129
System err line 9130
System err line 9131
System err line 9132
System err line 9133
System err line 9134
System err line 9135
System err line 9136
System err line 9137
System err line 9138
System err line 9139
System err line 9140
System err line 9141
System err line 9142
System err line 9143
System err line 9144
System err line 9145
System err line 9146
System err line 9147
System err line 9148
System err line 9149
System err line 9150
System err line 9151
System err line 9152
System err line 9153
System err line 9154
System err line 9155
System err line 9156
System err line 9157
System err line 9158
System err line 9159
System err line 9160
System err line 9161
System err line 9162
System err line 9163
System err line 9164
System err line 9165
System err line 9166
System err line 9167
System err line 9168
System err line 9169
System err line 9170
System err line 9171
System err line 9172
System err line 9173
System err line 9174
System err line 9175
System err line 9176
System err line 9177
System err line 9178
System err line 9179
System err line 9180
System err line 9181
System err line 9182
System err line 9183
System err line 9184
System err line 9185
System err line 9186
System err line 9187
System err line 9188
System err line 9189
System err line 9190
System err line 9191
System err line 9192
System err line 9193
System err line 9194
System err line 9195
System err line 9196
System err line 9197
System err line 9198
System err line 9199
System err line 9200
System err line 9201
System err line 9202
System err line 9203
System err line 9204
System err line 9205
System err line 9206
System err line 9207
System err line 9208
System err line 9209
System err line 9210
System err line 9211
System err line 9212
System err line 9213
System err line 9214
System err line 9215
System err line 9216
System err line 9217
System err line 9218
System err line 9219
System err line 9220
System err line 9221
System err line 9222
System err line 9223
System err line 9224
System err line 9225
System err line 9226
System err line 9227
System err line 9228
System err line 9229
System err line 9230
System err line 9231
System err line 9232
System err line 9233
System err line 9234
System err line 9235
System err line 9236
System err line 9237
System err line 9238
System err line 9239
System err line 9240
System err line 9241
System err line 9242
System err line 9243
System err line 9244
System err line 9245
System err line 9246
System err line 9247
System err line 9248
System err line 9249
System err line 9250
System err line 9251
System err line 9252
System err line 9253
System err line 9254
System err line 9255
System err line 9256
System err line 9257
System err line 9258
System err line 9259
System err line 9260
System err line 9261
System err line 9262
System err line 9263
System err line 9264
System err line 9265
System err line 9266
System err line 9267
System err line 9268
System err line 9269
System err line 9270
System err line 9271
System err line 9272
System err line 9273
System err line 9274
System err line 9275
System err line 9276
System err line 9277
System err line 9278
System err line 9279
System err line 9280
System err line 9281
System err line 9282
System err line 9283
System err line 9284
System err line 9285
System err line 9286
System err line 9287
System err line 9288
System err line 9289
System err line 9290
System err line 9291
System err line 9292
System err line 9293
System err line 9294
System err line 9295
System err line 9296
System err line 9297
System err line 9298
System err line 9299
System err line 9300
System err line 9301
System err line 9302
System err line 9303
System err line 9304
System err line 9305
System err line 9306
System err line 9307
System err line 9308
System err line 9309
System err line 9310
System err line 9311
System err line 9312
System err line 9313
System err line 9314
System err line 9315
System err line 9316
System err line 9317
System err line 9318
System err line 9319
System err line 9320
System err line 9321
System err line 9322
System err line 9323
System err line 9324
System err line 9325
System err line 9326
System err line 9327
System err line 9328
System err line 9329
System err line 9330
System err line 9331
System err line 9332
System err line 9333
System err line 9334
System err line 9335
System err line 9336
System err line 9337
System err line 9338
System err line 9339
System err line 9340
System err line 9341
System err line 9342
System err line 9343
System err line 9344
System err line 9345
System err line 9346
System err line 9347
System err line 9348
System err line 9349
System err line 9350
System err line 9351
System err line 9352
System err line 9353
System err line 9354
System err line 9355
System err line 9356
System err line 9357
System err line 9358
System err line 9359
System err line 9360
System err line 9361
System err line 9362
System err line 9363
System err line 9364
System err line 9365
System err line 9366
System err line 9367
System err line 9368
System err line 9369
System err line 9370
System err line 9371
System err line 9372
System err line 9373
System err line 9374
System err line 9375
System err line 9376
System err line 9377
System err line 9378
System err line 9379
System err line 9380
System err line 9381
System err line 9382
System err line 9383
System err line 9384
System err line 9385
System err line 9386
System err line 9387
System err line 9388
System err line 9389
System err line 9390
System err line 9391
System err line 9392
System err line 9393
System err line 9394
System err line 9395
System err line 9396
System err line 9397
System err line 9398
System err line 9399
System err line 9400
System err line 9401
System err line 9402
System err line 9403
System err line 9404
System err line 9405
System err line 9406
System err line 9407
System err line 9408
System err line 9409
System err line 9410
System err line 9411
System err line 9412
System err line 9413
System err line 9414
System err line 9415
System err line 9416
System err line 9417
System err line 9418
System err line 9419
System err line 9420
System err line 9421
System err line 9422
System err line 9423
System err line 9424
System err line 9425
System err line 9426
System err line 9427
System err line 9428
System err line 9429
System err line 9430
System err line 9431
System err line 9432
System err line 9433
System err line 9434
System err line 9435
System err line 9436
System err line 9437
System err line 9438
System err line 9439
System err line 9440
System err line 9441
System err line 9442
System err line 9443
System err line 9444
System err line 9445
System err line 9446
System err line 9447
System err line 9448
System err line 9449
System err line 9450
System err line 9451
System err line 9452
System err line 9453
System err line 9454
System err line 9455
System err line 9456
System err line 9457
System err line 9458
System err line 9459
System err line 9460
System err line 9461
System err line 9462
System err line 9463
System err line 9464
System err line 9465
System err line 9466
System err line 9467
System err line 9468
System err line 9469
System err line 9470
System err line 9471
System err line 9472
System err line 9473
System err line 9474
System err line 9475
System err line 9476
System err line 9477
System err line 9478
System err line 9479
System err line 9480
System err line 9481
System err line 9482
System err line 9483
System err line 9484
System err line 9485
System err line 9486
System err line 9487
System err line 9488
System err line 9489
System err line 9490
System err line 9491
System err line 9492
System err line 9493
System err line 9494
System err line 9495
System err line 9496
System err line 9497
System err line 9498
System err line 9499
System err line 9500
System err line 9501
System err line 9502
System err line 9503
System err line 9504
System err line 9505
System err line 9506
System err line 9507
System err line 9508
System err line 9509
System err line 9510
System err line 9511
System err line 9512
System err line 9513
System err line 9514
System err line 9515
System err line 9516
System err line 9517
System err line 9518
System err line 9519
System err line 9520
System err line 9521
System err line 9522
System err line 9523
System err line 9524
System err line 9525
System err line 9526
System err line 9527
System err line 9528
System err line 9529
System err line 9530
System err line 9531
System err line 9532
System err line 9533
System err line 9534
System err line 9535
System err line 9536
System err line 9537
System err line 9538
System err line 9539
System err line 9540
System err line 9541
System err line 9542
System err line 9543
System err line 9544
System err line 9545
System err line 9546
System err line 9547
System err line 9548
System err line 9549
System err line 9550
System err line 9551
System err line 9552
System err line 9553
System err line 9554
System err line 9555
System err line 9556
System err line 9557
System err line 9558
System err line 9559
System err line 9560
System err line 9561
System err line 9562
System err line 9563
System err line 9564
System err line 9565
System err line 9566
System err line 9567
System err line 9568
System err line 9569
System err line 9570
System err line 9571
System err line 9572
System err line 9573
System err line 9574
System err line 9575
System err line 9576
System err line 9577
System err line 9578
System err line 9579
System err line 9580
System err line 9581
System err line 9582
System err line 9583
System err line 9584
System err line 9585
System err line 9586
System err line 9587
System err line 9588
System err line 9589
System err line 9590
System err line 9591
System err line 9592
System err line 9593
System err line 9594
System err line 9595
System err line 9596
System err line 9597
System err line 9598
System err line 9599
System err line 9600
System err line 9601
System err line 9602
System err line 9603
System err line 9604
System err line 9605
System err line 9606
System err line 9607
System err line 9608
System err line 9609
System err line 9610
System err line 9611
System err line 9612
System err line 9613
System err line 9614
System err line 9615
System err line 9616
System err line 9617
System err line 9618
System err line 9619
System err line 9620
System err line 9621
System err line 9622
System err line 9623
System err line 9624
System err line 9625
System err line 9626
System err line 9627
System err line 9628
System err line 9629
System err line 9630
System err line 9631
System err line 9632
System err line 9633
System err line 9634
System err line 9635
System err line 9636
System err line 9637
System err line 9638
System err line 9639
System err line 9640
System err line 9641
System err line 9642
System err line 9643
System err line 9644
System err line 9645
System err line 9646
System err line 9647
System err line 9648
System err line 9649
System err line 9650
System err line 9651
System err line 9652
System err line 9653
System err line 9654
System err line 9655
System err line 9656
System err line 9657
System err line 9658
System err line 9659
System err line 9660
System err line 9661
System err line 9662
System err line 9663
System err line 9664
System err line 9665
System err line 9666
System err line 9667
System err line 9668
System err line 9669
System err line 9670
System err line 9671
System err line 9672
System err line 9673
System err line 9674
System err line 9675
System err line 9676
System err line 9677
System err line 9678
System err line 9679
System err line 9680
System err line 9681
System err line 9682
System err line 9683
System err line 9684
System err line 9685
System err line 9686
System err line 9687
System err line 9688
System err line 9689
System err line 9690
System err line 9691
System err line 9692
System err line 9693
System err line 9694
System err line 9695
System err line 9696
System err line 9697
System err line 9698
System err line 9699
System err line 9700
System err line 9701
System err line 9702
System err line 9703
System err line 9704
System err line 9705
System err line 9706
System err line 9707
System err line 9708
System err line 9709
System err line 9710
System err line 9711
System err line 9712
System err line 9713
System err line 9714
System err line 9715
System err line 9716
System err line 9717
System err line 9718
System err line 9719
System err line 9720
System err line 9721
System err line 9722
System err line 9723
System err line 9724
System err line 9725
System err line 9726
System err line 9727
System err line 9728
System err line 9729
System err line 9730
System err line 9731
System err line 9732
System err line 9733
System err line 9734
System err line 9735
System err line 9736
System err line 9737
System err line 9738
System err line 9739
System err line 9740
System err line 9741
System err line 9742
System err line 9743
System err line 9744
System err line 9745
System err line 9746
System err line 9747
System err line 9748
System err line 9749
System err line 9750
System err line 9751
System err line 9752
System err line 9753
System err line 9754
System err line 9755
System err line 9756
System err line 9757
System err line 9758
System err line 9759
System err line 9760
System err line 9761
System err line 9762
System err line 9763
System err line 9764
System err line 9765
System err line 9766
System err line 9767
System err line 9768
System err line 9769
System err line 9770
System err line 9771
System err line 9772
System err line 9773
System err line 9774
System err line 9775
System err line 9776
System err line 9777
System err line 9778
System err line 9779
System err line 9780
System err line 9781
System err line 9782
System err line 9783
System err line 9784
System err line 9785
System err line 9786
System err line 9787
System err line 9788
System err line 9789
System err line 9790
System err line 9791
System err line 9792
System err line 9793
System err line 9794
System err line 9795
System err line 9796
System err line 9797
System err line 9798
System err line 9799
System err line 9800
System err line 9801
System err line 9802
System err line 9803
System err line 9804
System err line 9805
System err line 9806
System err line 9807
System err line 9808
System err line 9809
System err line 9810
System err line 9811
System err line 9812
System err line 9813
System err line 9814
System err line 9815
System err line 9816
System err line 9817
System err line 9818
System err line 9819
System err line 9820
System err line 9821
System err line 9822
System err line 9823
System err line 9824
System err line 9825
System err line 9826
System err line 9827
System err line 9828
System err line 9829
System err line 9830
System err line 9831
System err line 9832
System err line 9833
System err line 9834
System err line 9835
System err line 9836
System err line 9837
System err line 9838
System err line 9839
System err line 9840
System err line 9841
System err line 9842
System err line 9843
System err line 9844
System err line 9845
System err line 9846
System err line 9847
System err line 9848
System err line 9849
System err line 9850
System err line 9851
System err line 9852
System err line 9853
System err line 9854
System err line 9855
System err line 9856
System err line 9857
System err line 9858
System err line 9859
System err line 9860
System err line 9861
System err line 9862
System err line 9863
System err line 9864
System err line 9865
System err line 9866
System err line 9867
System err line 9868
System err line 9869
System err line 9870
System err line 9871
System err line 9872
System err line 9873
System err line 9874
System err line 9875
System err line 9876
System err line 9877
System err line 9878
System err line 9879
System err line 9880
System err line 9881
System err line 9882
System err line 9883
System err line 9884
System err line 9885
System err line 9886
System err line 9887
System err line 9888
System err line 9889
System err line 9890
System err line 9891
System err line 9892
System err line 9893
System err line 9894
System err line 9895
System err line 9896
System err line 9897
System err line 9898
System err line 9899
System err line 9900
System err line 9901
System err line 9902
System err line 9903
System err line 9904
System err line 9905
System err line 9906
System err line 9907
System err line 9908
System err line 9909
System err line 9910
System err line 9911
System err line 9912
System err line 9913
System err line 9914
System err line 9915
System err line 9916
System err line 9917
System err line 9918
System err line 9919
System err line 9920
System err line 9921
System err line 9922
System err line 9923
System err line 9924
System err line 9925
System err line 9926
System err line 9927
System err line 9928
System err line 9929
System err line 9930
System err line 9931
System err line 9932
System err line 9933
System err line 9934
System err line 9935
System err line 9936
System err line 9937
System err line 9938
System err line 9939
System err line 9940
System err line 9941
System err line 9942
System err line 9943
System err line 9944
System err line 9945
System err line 9946
System err line 9947
System err line 9948
System err line 9949
System err line 9950
System err line 9951
System err line 9952
System err line 9953
System err line 9954
System err line 9955
System err line 9956
System err line 9957
System err line 9958
System err line 9959
System err line 9960
System err line 9961
System err line 9962
System err line 9963
System err line 9964
System err line 9965
System err line 9966
System err line 9967
System err line 9968
System err line 9969
System err line 9970
System err line 9971
System err line 9972
System err line 9973
System err line 9974
System err line 9975
System err line 9976
System err line 9977
System err line 9978
System err line 9979
System err line 9980
System err line 9981
System err line 9982
System err line 9983
System err line 9984
System err line 9985
System err line 9986
System err line 9987
System err line 9988
System err line 9989
System err line 9990
System err line 9991
System err line 9992
System err line 9993
System err line 9994
System err line 9995
System err line 9996
System err line 9997
System err line 9998
System err line 9999
]]></system-err>
</testsuite>
