<?xml version="1.0" encoding="UTF-8"?>
<testsuites name="jest tests" tests="4" failures="0" time="2.543">
  <testsuite name="Projektor publisher" errors="0" failures="0" skipped="0" timestamp="2020-02-05T14:02:20" time="1.515" tests="4">
    <testcase classname="Projektor publisher should gather results from one directory and send it to server" name="Projektor publisher should gather results from one directory and send it to server" time="0.008">
    </testcase>
    <testcase classname="Projektor publisher should gather results from glob that matches multiple directories" name="Projektor publisher should gather results from glob that matches multiple directories" time="0.001">
    </testcase>
    <testcase classname="Projektor publisher should gather results from glob that matches single file" name="Projektor publisher should gather results from glob that matches single file" time="0.001">
    </testcase>
    <testcase classname="Projektor publisher should collect and send results" name="Projektor publisher should collect and send results" time="0.037">
    </testcase>
</testsuites>